171['1']
172['dfePathId=1']
173['0.200000,', '0.300000,', '0.100000']
174[]
175['1']
176['0', '1']
177['a0', '1']
177['b0', '1']
178[]
179[]
174[]
180['2,', '0,', '0']
181['2', '0']
182[]
184['0']
185['A:', 'pathId=1,', 'carrierId=2,', 'weight=0.500000,', 'LTE,', '10000000,', '4,', '4)']
174[]
180['3,', '0,', '0']
181['3', '0']
182[]
184['5']
186['A:', 'pathId=1,', 'carrierId=3,', 'weight=0.800000,', '20000000,', '8,', '8)']
174[]
180['2,', '0,', '0']
181['2', '0']
182[]
184['0']
185['B:', 'pathId=1,', 'carrierId=2,', 'weight=0.600000,', 'LTE,', '10000000,', '4,', '4)']
174[]
180['3,', '0,', '0']
181['3', '0']
182[]
184['5']
186['B:', 'pathId=1,', 'carrierId=3,', 'weight=0.900000,', '20000000,', '8,', '8)']
