187['1', '1']
187['2', '1']
188[]
189['commonViewForTxCarriers.size()=2', 'resourcePlan.txCarriersDfeChannels.size:2']
190['1,', 'channelId=1,', 'dfeStreamId=1,', '1,', 'power=44.771200,', 'allocatedPower=44.771200']
190['2,', 'channelId=2,', 'dfeStreamId=1,', '1,', 'power=44.771200,', 'allocatedPower=44.771200']
191['1']
192['bandwidth=200']
193['isGsm=0,', 'isLte20=1,', 'isLte15=0,', 'isLte10=0,', 'isLte5=0,', 'isLte3=0,', '4=0,', 'isWcdma=0,ltePenalty=0,', 'wcdmaPenalty=0']
194['2']
195['blockCount=1,', 'ltePenalty=0,', 'wcdmaPenalty=0']
196['bandMinMhz()=100,', 'bandMaxMhz()=300']
197[]
198['block', 'cnt=1,', 'par=8.100000']
198['carrier', 'cnt=2,', 'par=8.100000']
199['scenarioParTmp=8.100000']
200['scen=8.100000']
201['1,', '0.200000,', '0.200000,', '0.000000,', '-14.330000']
202['PARscenMinimize=0,', 'rated=7.970000,', 'scen=8.100000,', 'efective=7.970000,', '-6.560000,', '-6.560000,', 'circClipTh=-6.360000']
203['channel.type=3,', 'bandwidth=20000000']
203['channel.type=3,', 'bandwidth=20000000']
204['(1,', '1,', '(2,', '1,']
192['bandwidth=200']
205['100,', '300']
206['dlScaleReductionLimit=1.500000,', '1.500000(dB)']
