174[]
208[]
209[]
210['double', '0,']
210['double', '1,']
210['multiple', '0,']
210['multiple', '1,']
210['multiple', '2,']
210['multiple', '3,']
210['multiple', '4,']
210['multiple', '5,']
210['multiple', '6,']
210['multiple', '7,']
218[]
219[]
220['0']
174[]
221[]
222['dfeChannelId:0,', 'ID:0,']
223['ulddc.stream(0)', '1']
224['BcnSync,', 'ulddc.stream(0)', 'BCN', 'resync']
224['align,', 'ulddc.stream(0)', 'CA', 'align']
220['1']
174[]
221[]
222['dfeChannelId:1,', 'ID:1,']
223['ulddc.stream(1)', '1']
224['BcnSync,', 'ulddc.stream(1)', 'BCN', 'resync']
224['align,', 'ulddc.stream(1)', 'CA', 'align']
220['2']
174[]
221[]
222['dfeChannelId:2,', 'ID:2,']
223['ulddc.stream(2)', '1']
224['BcnSync,', 'ulddc.stream(2)', 'BCN', 'resync']
224['align,', 'ulddc.stream(2)', 'CA', 'align']
220['3']
174[]
221[]
222['dfeChannelId:3,', 'ID:3,']
223['ulddc.stream(3)', '1']
224['BcnSync,', 'ulddc.stream(3)', 'BCN', 'resync']
224['align,', 'ulddc.stream(3)', 'CA', 'align']
220['4']
174[]
221[]
222['dfeChannelId:4,', 'ID:4,']
223['ulddc.stream(4)', '1']
224['BcnSync,', 'ulddc.stream(4)', 'BCN', 'resync']
224['align,', 'ulddc.stream(4)', 'CA', 'align']
220['5']
174[]
221[]
222['dfeChannelId:5,', 'ID:5,']
223['ulddc.stream(5)', '1']
224['BcnSync,', 'ulddc.stream(5)', 'BCN', 'resync']
224['align,', 'ulddc.stream(5)', 'CA', 'align']
220['6']
174[]
221[]
222['dfeChannelId:6,', 'ID:6,']
223['ulddc.stream(6)', '1']
224['BcnSync,', 'ulddc.stream(6)', 'BCN', 'resync']
224['align,', 'ulddc.stream(6)', 'CA', 'align']
220['7']
174[]
221[]
222['dfeChannelId:7,', 'ID:7,']
223['ulddc.stream(7)', '1']
224['BcnSync,', 'ulddc.stream(7)', 'BCN', 'resync']
224['align,', 'ulddc.stream(7)', 'CA', 'align']
220['8']
174[]
221[]
222['dfeChannelId:8,', 'ID:8,']
223['ulddc.stream(8)', '1']
224['BcnSync,', 'ulddc.stream(8)', 'BCN', 'resync']
224['align,', 'ulddc.stream(8)', 'CA', 'align']
220['9']
174[]
221[]
222['dfeChannelId:9,', 'ID:9,']
223['ulddc.stream(9)', '1']
224['BcnSync,', 'ulddc.stream(9)', 'BCN', 'resync']
224['align,', 'ulddc.stream(9)', 'CA', 'align']
220['10']
174[]
221[]
222['dfeChannelId:10,', 'ID:10,']
223['ulddc.stream(10)', '1']
224['BcnSync,', 'ulddc.stream(10)', 'BCN', 'resync']
224['align,', 'ulddc.stream(10)', 'CA', 'align']
220['11']
174[]
221[]
222['dfeChannelId:11,', 'ID:11,']
223['ulddc.stream(11)', '1']
224['BcnSync,', 'ulddc.stream(11)', 'BCN', 'resync']
224['align,', 'ulddc.stream(11)', 'CA', 'align']
220['12']
174[]
221[]
222['dfeChannelId:12,', 'ID:12,']
223['ulddc.stream(12)', '1']
224['BcnSync,', 'ulddc.stream(12)', 'BCN', 'resync']
224['align,', 'ulddc.stream(12)', 'CA', 'align']
220['13']
174[]
221[]
222['dfeChannelId:13,', 'ID:13,']
223['ulddc.stream(13)', '1']
224['BcnSync,', 'ulddc.stream(13)', 'BCN', 'resync']
224['align,', 'ulddc.stream(13)', 'CA', 'align']
220['14']
174[]
221[]
222['dfeChannelId:14,', 'ID:14,']
223['ulddc.stream(14)', '1']
224['BcnSync,', 'ulddc.stream(14)', 'BCN', 'resync']
224['align,', 'ulddc.stream(14)', 'CA', 'align']
220['15']
174[]
221[]
222['dfeChannelId:15,', 'ID:15,']
223['ulddc.stream(15)', '1']
224['BcnSync,', 'ulddc.stream(15)', 'BCN', 'resync']
224['align,', 'ulddc.stream(15)', 'CA', 'align']
225[]
226['0']
226['1']
227['0']
227['1']
217['1', '1),', '69,', '1']
