None[]
None[]
None[]
None[]
None[]
None[]
None[]
None[]
None[]
None[]
None[]
None[]
None[]
None[]
None[]
None[]
None[]
None[]
None[]
None[]
None[]
None[]
None[]
None[]
None[]
None[]
None[]
None[]
None[]
None[]
None[]
None[]
None[]
None[]
None[]
None[]
None[]
None[]
None[]
None[]
None[]
None[]
None[]
None[]
None[]
None[]
None[]
None[]
None[]
None[]
None[]
None[]
None[]
None[]
None[]
None[]
None[]
None[]
None[]
None[]
None[]
None[]
None[]
None[]
None[]
None[]
None[]
None[]
None[]
None[]
None[]
None[]
None[]
None[]
None[]
None[]
None[]
None[]
None[]
None[]
None[]
None[]
None[]
None[]
None[]
None[]
None[]
None[]
295['64-pokysdk-linux/usr/libexec/x86', '64-poky-linux/gcc/x86', '64-poky-linux/9.2.0/as', '--64', '05082.dir/CMakeCCompilerABI.c.o]']
296['2.32.0', '64-poky-linux)', '2.32.0.20190204]']
297['C17', '9.2.0', '64-poky-linux)]']
298['9.2.0,', '6.1.2,', '4.0.2,', '1.1.0,']
299['ggc-min-expand=100', 'ggc-min-heapsize=131072]']
None[]
300['64-pokysdk-linux/usr/lib/x86', '64-poky-linux/gcc/x86', '64-poky-linux/9.2.0/../../../../../x86', '64-poky-linux/include"]']
301['"..."']
301['<...>']
302['64-pokysdk-linux/usr/lib/x86', '64-poky-linux/gcc/x86', '64-poky-linux/9.2.0/include]']
303['/var/fpwork2/wodobrow/projects/URM6/qemux86-64/tmp/work/core2-64-poky-linux/draco-platform-made/latest/recipe-sysroot/usr/lib/x86', '64-poky-linux/9.2.0/include]']
302['64-pokysdk-linux/usr/lib/x86', '64-poky-linux/gcc/x86', '64-poky-linux/9.2.0/include-fixed]']
304['/var/fpwork2/wodobrow/projects/URM6/qemux86-64/tmp/work/core2-64-poky-linux/draco-platform-made/latest/recipe-sysroot/usr/include/]']
305[]
297['C17', '9.2.0', '64-poky-linux)]']
298['9.2.0,', '6.1.2,', '4.0.2,', '1.1.0,']
299['ggc-min-expand=100', 'ggc-min-heapsize=131072]']
306['ec7c26869300d6f66701675d5d1a1bf5]']
307['64-pokysdk-linux/usr/libexec/x86', '64-poky-linux/gcc/x86', '64-poky-linux/9.2.0/:/var/fpwork2/wodobrow/sdk/URM6/sysroots/x86', '64-pokysdk-linux/usr/libexec/x86', '64-poky-linux/gcc/x86', '64-poky-linux/9.2.0/:/var/fpwork2/wodobrow/sdk/URM6/sysroots/x86', '64-pokysdk-linux/usr/libexec/x86', '64-poky-linux/gcc/x86', '64-poky-linux/:/var/fpwork2/wodobrow/sdk/URM6/sysroots/x86', '64-pokysdk-linux/usr/lib/x86', '64-poky-linux/gcc/x86', '64-poky-linux/9.2.0/:/var/fpwork2/wodobrow/sdk/URM6/sysroots/x86', '64-pokysdk-linux/usr/lib/x86', '64-poky-linux/gcc/x86', '64-poky-linux/]']
308['64-pokysdk-linux/usr/lib/x86', '64-poky-linux/gcc/x86', '64-poky-linux/9.2.0/:/var/fpwork2/wodobrow/projects/URM6/qemux86-64/tmp/work/core2-64-poky-linux/draco-platform-made/latest/recipe-sysroot/lib/../lib/:/var/fpwork2/wodobrow/projects/URM6/qemux86-64/tmp/work/core2-64-poky-linux/draco-platform-made/latest/recipe-sysroot/usr/lib/../lib/x86', '64-poky-linux/9.2.0/:/var/fpwork2/wodobrow/projects/URM6/qemux86-64/tmp/work/core2-64-poky-linux/draco-platform-made/latest/recipe-sysroot/usr/lib/x86', '64-poky-linux/9.2.0/:/var/fpwork2/wodobrow/projects/URM6/qemux86-64/tmp/work/core2-64-poky-linux/draco-platform-made/latest/recipe-sysroot/usr/lib/../lib/:/var/fpwork2/wodobrow/projects/URM6/qemux86-64/tmp/work/core2-64-poky-linux/draco-platform-made/latest/recipe-sysroot/lib/:/var/fpwork2/wodobrow/projects/URM6/qemux86-64/tmp/work/core2-64-poky-linux/draco-platform-made/latest/recipe-sysroot/usr/lib/]']
None[]
309['C', '05082]']
310['64-pokysdk-linux/usr/bin/cmake', '05082.dir/link.txt', '--verbose=1]']
311['64-pokysdk-linux/usr/bin/x86', '64-poky-linux/x86', '64-poky-linux-gcc', '--sysroot=/var/fpwork2/wodobrow/projects/URM6/qemux86-64/tmp/work/core2-64-poky-linux/draco-platform-made/latest/recipe-sysroot', '--sysroot=/var/fpwork2/wodobrow/projects/URM6/qemux86-64/tmp/work/core2-64-poky-linux/draco-platform-made/latest/recipe-sysroot', '05082.dir/CMakeCCompilerABI.c.o', '05082']
None[]
None[]
312['64-pokysdk-linux/usr/libexec/x86', '64-poky-linux/gcc/x86', '64-poky-linux/9.2.0/lto-wrapper]']
None[]
None[]
None[]
None[]
307['64-pokysdk-linux/usr/libexec/x86', '64-poky-linux/gcc/x86', '64-poky-linux/9.2.0/:/var/fpwork2/wodobrow/sdk/URM6/sysroots/x86', '64-pokysdk-linux/usr/libexec/x86', '64-poky-linux/gcc/x86', '64-poky-linux/9.2.0/:/var/fpwork2/wodobrow/sdk/URM6/sysroots/x86', '64-pokysdk-linux/usr/libexec/x86', '64-poky-linux/gcc/x86', '64-poky-linux/:/var/fpwork2/wodobrow/sdk/URM6/sysroots/x86', '64-pokysdk-linux/usr/lib/x86', '64-poky-linux/gcc/x86', '64-poky-linux/9.2.0/:/var/fpwork2/wodobrow/sdk/URM6/sysroots/x86', '64-pokysdk-linux/usr/lib/x86', '64-poky-linux/gcc/x86', '64-poky-linux/]']
308['64-pokysdk-linux/usr/lib/x86', '64-poky-linux/gcc/x86', '64-poky-linux/9.2.0/:/var/fpwork2/wodobrow/projects/URM6/qemux86-64/tmp/work/core2-64-poky-linux/draco-platform-made/latest/recipe-sysroot/lib/../lib/:/var/fpwork2/wodobrow/projects/URM6/qemux86-64/tmp/work/core2-64-poky-linux/draco-platform-made/latest/recipe-sysroot/usr/lib/../lib/x86', '64-poky-linux/9.2.0/:/var/fpwork2/wodobrow/projects/URM6/qemux86-64/tmp/work/core2-64-poky-linux/draco-platform-made/latest/recipe-sysroot/usr/lib/x86', '64-poky-linux/9.2.0/:/var/fpwork2/wodobrow/projects/URM6/qemux86-64/tmp/work/core2-64-poky-linux/draco-platform-made/latest/recipe-sysroot/usr/lib/../lib/:/var/fpwork2/wodobrow/projects/URM6/qemux86-64/tmp/work/core2-64-poky-linux/draco-platform-made/latest/recipe-sysroot/lib/:/var/fpwork2/wodobrow/projects/URM6/qemux86-64/tmp/work/core2-64-poky-linux/draco-platform-made/latest/recipe-sysroot/usr/lib/]']
313["OPTIONS='--sysroot=/var/fpwork2/wodobrow/projects/URM6/qemux86-64/tmp/work/core2-64-poky-linux/draco-platform-made/latest/recipe-sysroot'", "05082'", "'-march=x86-64']"]
314['64-pokysdk-linux/usr/libexec/x86', '64-poky-linux/gcc/x86', '64-poky-linux/9.2.0/collect2', '64-pokysdk-linux/usr/libexec/x86', '64-poky-linux/gcc/x86', '64-poky-linux/9.2.0/liblto', '64-pokysdk-linux/usr/libexec/x86', '64-poky-linux/gcc/x86', '64-poky-linux/9.2.0/lto-wrapper', '--sysroot=/var/fpwork2/wodobrow/projects/URM6/qemux86-64/tmp/work/core2-64-poky-linux/draco-platform-made/latest/recipe-sysroot', '64', '/lib/ld-linux-x86-64.so.2', '05082', '/var/fpwork2/wodobrow/projects/URM6/qemux86-64/tmp/work/core2-64-poky-linux/draco-platform-made/latest/recipe-sysroot/usr/lib/../lib/Scrt1.o', '/var/fpwork2/wodobrow/projects/URM6/qemux86-64/tmp/work/core2-64-poky-linux/draco-platform-made/latest/recipe-sysroot/usr/lib/../lib/crti.o', '/var/fpwork2/wodobrow/projects/URM6/qemux86-64/tmp/work/core2-64-poky-linux/draco-platform-made/latest/recipe-sysroot/usr/lib/../lib/x86', '64-poky-linux/9.2.0/crtbeginS.o', '64-pokysdk-linux/usr/lib/x86', '64-poky-linux/gcc/x86', '64-poky-linux/9.2.0', '-L/var/fpwork2/wodobrow/projects/URM6/qemux86-64/tmp/work/core2-64-poky-linux/draco-platform-made/latest/recipe-sysroot/lib/../lib', '-L/var/fpwork2/wodobrow/projects/URM6/qemux86-64/tmp/work/core2-64-poky-linux/draco-platform-made/latest/recipe-sysroot/usr/lib/../lib/x86', '64-poky-linux/9.2.0', '-L/var/fpwork2/wodobrow/projects/URM6/qemux86-64/tmp/work/core2-64-poky-linux/draco-platform-made/latest/recipe-sysroot/usr/lib/x86', '64-poky-linux/9.2.0', '-L/var/fpwork2/wodobrow/projects/URM6/qemux86-64/tmp/work/core2-64-poky-linux/draco-platform-made/latest/recipe-sysroot/usr/lib/../lib', '-L/var/fpwork2/wodobrow/projects/URM6/qemux86-64/tmp/work/core2-64-poky-linux/draco-platform-made/latest/recipe-sysroot/lib', '-L/var/fpwork2/wodobrow/projects/URM6/qemux86-64/tmp/work/core2-64-poky-linux/draco-platform-made/latest/recipe-sysroot/usr/lib', '05082.dir/CMakeCCompilerABI.c.o', '/var/fpwork2/wodobrow/projects/URM6/qemux86-64/tmp/work/core2-64-poky-linux/draco-platform-made/latest/recipe-sysroot/usr/lib/../lib/x86', '64-poky-linux/9.2.0/crtendS.o', '/var/fpwork2/wodobrow/projects/URM6/qemux86-64/tmp/work/core2-64-poky-linux/draco-platform-made/latest/recipe-sysroot/usr/lib/../lib/crtn.o]']
315['[/var/fpwork2/wodobrow/sdk/URM6/sysroots/x86', '64-pokysdk-linux/usr/libexec/x86', '64-poky-linux/gcc/x86', '64-poky-linux/9.2.0/collect2]']
316['[-plugin]']
317['64-pokysdk-linux/usr/libexec/x86', '64-poky-linux/gcc/x86', '64-poky-linux/9.2.0/liblto']
315['[-plugin-opt=/var/fpwork2/wodobrow/sdk/URM6/sysroots/x86', '64-pokysdk-linux/usr/libexec/x86', '64-poky-linux/gcc/x86', '64-poky-linux/9.2.0/lto-wrapper]']
316['[-plugin-opt=-fresolution=/tmp/cc0jhUR8.res]']
316['[-plugin-opt=-pass-through=-lgcc]']
318['[-plugin-opt=-pass-through=-lgcc', 's]']
316['[-plugin-opt=-pass-through=-lc]']
316['[-plugin-opt=-pass-through=-lgcc]']
318['[-plugin-opt=-pass-through=-lgcc', 's]']
316['[--sysroot=/var/fpwork2/wodobrow/projects/URM6/qemux86-64/tmp/work/core2-64-poky-linux/draco-platform-made/latest/recipe-sysroot]']
316['[--build-id]']
316['[--eh-frame-hdr]']
316['[--hash-style=gnu]']
316['[-m]']
319['64]']
316['[-dynamic-linker]']
316['[/lib/ld-linux-x86-64.so.2]']
316['[-pie]']
316['[-o]']
318['[cmTC', '05082]']
316['[/var/fpwork2/wodobrow/projects/URM6/qemux86-64/tmp/work/core2-64-poky-linux/draco-platform-made/latest/recipe-sysroot/usr/lib/../lib/Scrt1.o]']
316['[/var/fpwork2/wodobrow/projects/URM6/qemux86-64/tmp/work/core2-64-poky-linux/draco-platform-made/latest/recipe-sysroot/usr/lib/../lib/crti.o]']
318['[/var/fpwork2/wodobrow/projects/URM6/qemux86-64/tmp/work/core2-64-poky-linux/draco-platform-made/latest/recipe-sysroot/usr/lib/../lib/x86', '64-poky-linux/9.2.0/crtbeginS.o]']
320['64-pokysdk-linux/usr/lib/x86', '64-poky-linux/gcc/x86', '64-poky-linux/9.2.0]', '64-pokysdk-linux/usr/lib/x86', '64-poky-linux/gcc/x86', '64-poky-linux/9.2.0]']
321['[-L/var/fpwork2/wodobrow/projects/URM6/qemux86-64/tmp/work/core2-64-poky-linux/draco-platform-made/latest/recipe-sysroot/lib/../lib]', 'dir', '[/var/fpwork2/wodobrow/projects/URM6/qemux86-64/tmp/work/core2-64-poky-linux/draco-platform-made/latest/recipe-sysroot/lib/../lib]']
322['[-L/var/fpwork2/wodobrow/projects/URM6/qemux86-64/tmp/work/core2-64-poky-linux/draco-platform-made/latest/recipe-sysroot/usr/lib/../lib/x86', '64-poky-linux/9.2.0]', '[/var/fpwork2/wodobrow/projects/URM6/qemux86-64/tmp/work/core2-64-poky-linux/draco-platform-made/latest/recipe-sysroot/usr/lib/../lib/x86', '64-poky-linux/9.2.0]']
322['[-L/var/fpwork2/wodobrow/projects/URM6/qemux86-64/tmp/work/core2-64-poky-linux/draco-platform-made/latest/recipe-sysroot/usr/lib/x86', '64-poky-linux/9.2.0]', '[/var/fpwork2/wodobrow/projects/URM6/qemux86-64/tmp/work/core2-64-poky-linux/draco-platform-made/latest/recipe-sysroot/usr/lib/x86', '64-poky-linux/9.2.0]']
321['[-L/var/fpwork2/wodobrow/projects/URM6/qemux86-64/tmp/work/core2-64-poky-linux/draco-platform-made/latest/recipe-sysroot/usr/lib/../lib]', 'dir', '[/var/fpwork2/wodobrow/projects/URM6/qemux86-64/tmp/work/core2-64-poky-linux/draco-platform-made/latest/recipe-sysroot/usr/lib/../lib]']
321['[-L/var/fpwork2/wodobrow/projects/URM6/qemux86-64/tmp/work/core2-64-poky-linux/draco-platform-made/latest/recipe-sysroot/lib]', 'dir', '[/var/fpwork2/wodobrow/projects/URM6/qemux86-64/tmp/work/core2-64-poky-linux/draco-platform-made/latest/recipe-sysroot/lib]']
321['[-L/var/fpwork2/wodobrow/projects/URM6/qemux86-64/tmp/work/core2-64-poky-linux/draco-platform-made/latest/recipe-sysroot/usr/lib]', 'dir', '[/var/fpwork2/wodobrow/projects/URM6/qemux86-64/tmp/work/core2-64-poky-linux/draco-platform-made/latest/recipe-sysroot/usr/lib]']
316['[-O1]']
316['[--hash-style=gnu]']
316['[--as-needed]']
318['[CMakeFiles/cmTC', '05082.dir/CMakeCCompilerABI.c.o]']
321['[-lgcc]', 'lib', '[gcc]']
316['[--push-state]']
316['[--as-needed]']
323[]
316['[--pop-state]']
321['[-lc]', 'lib', '[c]']
321['[-lgcc]', 'lib', '[gcc]']
316['[--push-state]']
316['[--as-needed]']
323[]
316['[--pop-state]']
318['[/var/fpwork2/wodobrow/projects/URM6/qemux86-64/tmp/work/core2-64-poky-linux/draco-platform-made/latest/recipe-sysroot/usr/lib/../lib/x86', '64-poky-linux/9.2.0/crtendS.o]']
316['[/var/fpwork2/wodobrow/projects/URM6/qemux86-64/tmp/work/core2-64-poky-linux/draco-platform-made/latest/recipe-sysroot/usr/lib/../lib/crtn.o]']
324['64-pokysdk-linux/usr/lib/x86', '64-poky-linux/gcc/x86', '64-poky-linux/9.2.0]', '64-pokysdk-linux/usr/lib/x86', '64-poky-linux/gcc/x86', '64-poky-linux/9.2.0]']
325['[/var/fpwork2/wodobrow/projects/URM6/qemux86-64/tmp/work/core2-64-poky-linux/draco-platform-made/latest/recipe-sysroot/lib/../lib]', '[/var/fpwork2/wodobrow/projects/URM6/qemux86-64/tmp/work/core2-64-poky-linux/draco-platform-made/latest/recipe-sysroot/lib]']
326['[/var/fpwork2/wodobrow/projects/URM6/qemux86-64/tmp/work/core2-64-poky-linux/draco-platform-made/latest/recipe-sysroot/usr/lib/../lib/x86', '64-poky-linux/9.2.0]', '[/var/fpwork2/wodobrow/projects/URM6/qemux86-64/tmp/work/core2-64-poky-linux/draco-platform-made/latest/recipe-sysroot/usr/lib/x86', '64-poky-linux/9.2.0]']
326['[/var/fpwork2/wodobrow/projects/URM6/qemux86-64/tmp/work/core2-64-poky-linux/draco-platform-made/latest/recipe-sysroot/usr/lib/x86', '64-poky-linux/9.2.0]', '[/var/fpwork2/wodobrow/projects/URM6/qemux86-64/tmp/work/core2-64-poky-linux/draco-platform-made/latest/recipe-sysroot/usr/lib/x86', '64-poky-linux/9.2.0]']
325['[/var/fpwork2/wodobrow/projects/URM6/qemux86-64/tmp/work/core2-64-poky-linux/draco-platform-made/latest/recipe-sysroot/usr/lib/../lib]', '[/var/fpwork2/wodobrow/projects/URM6/qemux86-64/tmp/work/core2-64-poky-linux/draco-platform-made/latest/recipe-sysroot/usr/lib]']
325['[/var/fpwork2/wodobrow/projects/URM6/qemux86-64/tmp/work/core2-64-poky-linux/draco-platform-made/latest/recipe-sysroot/lib]', '[/var/fpwork2/wodobrow/projects/URM6/qemux86-64/tmp/work/core2-64-poky-linux/draco-platform-made/latest/recipe-sysroot/lib]']
325['[/var/fpwork2/wodobrow/projects/URM6/qemux86-64/tmp/work/core2-64-poky-linux/draco-platform-made/latest/recipe-sysroot/usr/lib]', '[/var/fpwork2/wodobrow/projects/URM6/qemux86-64/tmp/work/core2-64-poky-linux/draco-platform-made/latest/recipe-sysroot/usr/lib]']
327[]
328['64-pokysdk-linux/usr/lib/x86', '64-poky-linux/gcc/x86', '64-poky-linux/9.2.0;/var/fpwork2/wodobrow/projects/URM6/qemux86-64/tmp/work/core2-64-poky-linux/draco-platform-made/latest/recipe-sysroot/lib;/var/fpwork2/wodobrow/projects/URM6/qemux86-64/tmp/work/core2-64-poky-linux/draco-platform-made/latest/recipe-sysroot/usr/lib/x86', '64-poky-linux/9.2.0;/var/fpwork2/wodobrow/projects/URM6/qemux86-64/tmp/work/core2-64-poky-linux/draco-platform-made/latest/recipe-sysroot/usr/lib]']
329[]
330[]
None[]
None[]
None[]
None[]
None[]
None[]
None[]
None[]
None[]
None[]
None[]
None[]
None[]
None[]
None[]
None[]
331["'-march=x86-64'"]
332['/var/fpwork2/wodobrow/projects/URM6/qemux86-64/tmp/work/core2-64-poky-linux/draco-platform-made/latest/recipe-sysroot', '64-pokysdk-linux/usr/share/cmake-3.15/Modules/CMakeCXXCompilerABI.cpp', '-march=x86-64']
None[]
None[]
None[]
None[]
None[]
None[]
None[]
None[]
None[]
None[]
None[]
None[]
None[]
None[]
None[]
None[]
331["'-march=x86-64'"]
None[]
None[]
None[]
None[]
None[]
None[]
None[]
None[]
None[]
None[]
333['64-pokysdk-linux/usr/libexec/x86', '64-poky-linux/gcc/x86', '64-poky-linux/9.2.0/liblto', '64-pokysdk-linux/usr/libexec/x86', '64-poky-linux/gcc/x86', '64-poky-linux/9.2.0/lto-wrapper', '--sysroot=/var/fpwork2/wodobrow/projects/URM6/qemux86-64/tmp/work/core2-64-poky-linux/draco-platform-made/latest/recipe-sysroot', '64', '/lib/ld-linux-x86-64.so.2', '/var/fpwork2/wodobrow/projects/URM6/qemux86-64/tmp/work/core2-64-poky-linux/draco-platform-made/latest/recipe-sysroot/usr/lib/../lib/Scrt1.o', '/var/fpwork2/wodobrow/projects/URM6/qemux86-64/tmp/work/core2-64-poky-linux/draco-platform-made/latest/recipe-sysroot/usr/lib/../lib/crti.o', '/var/fpwork2/wodobrow/projects/URM6/qemux86-64/tmp/work/core2-64-poky-linux/draco-platform-made/latest/recipe-sysroot/usr/lib/../lib/x86', '64-poky-linux/9.2.0/crtbeginS.o', '64-pokysdk-linux/usr/lib/x86', '64-poky-linux/gcc/x86', '64-poky-linux/9.2.0', '-L/var/fpwork2/wodobrow/projects/URM6/qemux86-64/tmp/work/core2-64-poky-linux/draco-platform-made/latest/recipe-sysroot/lib/../lib', '-L/var/fpwork2/wodobrow/projects/URM6/qemux86-64/tmp/work/core2-64-poky-linux/draco-platform-made/latest/recipe-sysroot/usr/lib/../lib/x86', '64-poky-linux/9.2.0', '-L/var/fpwork2/wodobrow/projects/URM6/qemux86-64/tmp/work/core2-64-poky-linux/draco-platform-made/latest/recipe-sysroot/usr/lib/x86', '64-poky-linux/9.2.0', '-L/var/fpwork2/wodobrow/projects/URM6/qemux86-64/tmp/work/core2-64-poky-linux/draco-platform-made/latest/recipe-sysroot/usr/lib/../lib', '-L/var/fpwork2/wodobrow/projects/URM6/qemux86-64/tmp/work/core2-64-poky-linux/draco-platform-made/latest/recipe-sysroot/lib', '-L/var/fpwork2/wodobrow/projects/URM6/qemux86-64/tmp/work/core2-64-poky-linux/draco-platform-made/latest/recipe-sysroot/usr/lib', '/var/fpwork2/wodobrow/projects/URM6/qemux86-64/tmp/work/core2-64-poky-linux/draco-platform-made/latest/recipe-sysroot/usr/lib/../lib/x86', '64-poky-linux/9.2.0/crtendS.o', '/var/fpwork2/wodobrow/projects/URM6/qemux86-64/tmp/work/core2-64-poky-linux/draco-platform-made/latest/recipe-sysroot/usr/lib/../lib/crtn.o']
None[]
None[]
None[]
None[]
None[]
None[]
334['[/var/fpwork2/wodobrow/projects/URM6/qemux86-64/tmp/work/core2-64-poky-linux/draco-platform-made/latest/recipe-sysroot/usr/include/c++/9.2.0/x86', '64-poky-linux]']
None[]
None[]
None[]
None[]
None[]
None[]
None[]
None[]
None[]
None[]
None[]
None[]
None[]
335['[/var/fpwork2/wodobrow/projects/URM6/qemux86-64/tmp/work/core2-64-poky-linux/draco-platform-made/latest/recipe-sysroot/usr/include/c++/9.2.0;/var/fpwork2/wodobrow/projects/URM6/qemux86-64/tmp/work/core2-64-poky-linux/draco-platform-made/latest/recipe-sysroot/usr/include/c++/9.2.0/x86', '64-poky-linux;/var/fpwork2/wodobrow/projects/URM6/qemux86-64/tmp/work/core2-64-poky-linux/draco-platform-made/latest/recipe-sysroot/usr/include/c++/9.2.0/backward;/var/fpwork2/wodobrow/sdk/URM6/sysroots/x86', '64-pokysdk-linux/usr/lib/x86', '64-poky-linux/gcc/x86', '64-poky-linux/9.2.0/include;/var/fpwork2/wodobrow/projects/URM6/qemux86-64/tmp/work/core2-64-poky-linux/draco-platform-made/latest/recipe-sysroot/usr/lib/x86', '64-poky-linux/9.2.0/include;/var/fpwork2/wodobrow/sdk/URM6/sysroots/x86', '64-pokysdk-linux/usr/lib/x86', '64-poky-linux/gcc/x86', '64-poky-linux/9.2.0/include-fixed;/var/fpwork2/wodobrow/projects/URM6/qemux86-64/tmp/work/core2-64-poky-linux/draco-platform-made/latest/recipe-sysroot/usr/include]']
None[]
None[]
None[]
None[]
None[]
None[]
None[]
None[]
None[]
None[]
None[]
None[]
None[]
None[]
336["OPTIONS='--sysroot=/var/fpwork2/wodobrow/projects/URM6/qemux86-64/tmp/work/core2-64-poky-linux/draco-platform-made/latest/recipe-sysroot'", "'-march=x86-64']"]
337['64-pokysdk-linux/usr/libexec/x86', '64-poky-linux/gcc/x86', '64-poky-linux/9.2.0/cc1plus', '/var/fpwork2/wodobrow/projects/URM6/qemux86-64/tmp/work/core2-64-poky-linux/draco-platform-made/latest/recipe-sysroot', '64-pokysdk-linux/usr/share/cmake-3.15/Modules/CMakeCXXCompilerABI.cpp', '-march=x86-64']
295['64-pokysdk-linux/usr/libexec/x86', '64-poky-linux/gcc/x86', '64-poky-linux/9.2.0/as', '--64', 'ddde1.dir/CMakeCXXCompilerABI.cpp.o]']
296['2.32.0', '64-poky-linux)', '2.32.0.20190204]']
297['C++14', '9.2.0', '64-poky-linux)]']
298['9.2.0,', '6.1.2,', '4.0.2,', '1.1.0,']
299['ggc-min-expand=100', 'ggc-min-heapsize=131072]']
None[]
300['64-pokysdk-linux/usr/lib/x86', '64-poky-linux/gcc/x86', '64-poky-linux/9.2.0/../../../../../x86', '64-poky-linux/include"]']
301['"..."']
301['<...>']
304['/var/fpwork2/wodobrow/projects/URM6/qemux86-64/tmp/work/core2-64-poky-linux/draco-platform-made/latest/recipe-sysroot/usr/include/c++/9.2.0]']
None[]
304['/var/fpwork2/wodobrow/projects/URM6/qemux86-64/tmp/work/core2-64-poky-linux/draco-platform-made/latest/recipe-sysroot/usr/include/c++/9.2.0/backward]']
302['64-pokysdk-linux/usr/lib/x86', '64-poky-linux/gcc/x86', '64-poky-linux/9.2.0/include]']
303['/var/fpwork2/wodobrow/projects/URM6/qemux86-64/tmp/work/core2-64-poky-linux/draco-platform-made/latest/recipe-sysroot/usr/lib/x86', '64-poky-linux/9.2.0/include]']
302['64-pokysdk-linux/usr/lib/x86', '64-poky-linux/gcc/x86', '64-poky-linux/9.2.0/include-fixed]']
304['/var/fpwork2/wodobrow/projects/URM6/qemux86-64/tmp/work/core2-64-poky-linux/draco-platform-made/latest/recipe-sysroot/usr/include/]']
305[]
297['C++14', '9.2.0', '64-poky-linux)]']
298['9.2.0,', '6.1.2,', '4.0.2,', '1.1.0,']
299['ggc-min-expand=100', 'ggc-min-heapsize=131072]']
306['d10e4b6a3da2edd316059b3b42a76770]']
307['64-pokysdk-linux/usr/libexec/x86', '64-poky-linux/gcc/x86', '64-poky-linux/9.2.0/:/var/fpwork2/wodobrow/sdk/URM6/sysroots/x86', '64-pokysdk-linux/usr/libexec/x86', '64-poky-linux/gcc/x86', '64-poky-linux/9.2.0/:/var/fpwork2/wodobrow/sdk/URM6/sysroots/x86', '64-pokysdk-linux/usr/libexec/x86', '64-poky-linux/gcc/x86', '64-poky-linux/:/var/fpwork2/wodobrow/sdk/URM6/sysroots/x86', '64-pokysdk-linux/usr/lib/x86', '64-poky-linux/gcc/x86', '64-poky-linux/9.2.0/:/var/fpwork2/wodobrow/sdk/URM6/sysroots/x86', '64-pokysdk-linux/usr/lib/x86', '64-poky-linux/gcc/x86', '64-poky-linux/]']
308['64-pokysdk-linux/usr/lib/x86', '64-poky-linux/gcc/x86', '64-poky-linux/9.2.0/:/var/fpwork2/wodobrow/projects/URM6/qemux86-64/tmp/work/core2-64-poky-linux/draco-platform-made/latest/recipe-sysroot/lib/../lib/:/var/fpwork2/wodobrow/projects/URM6/qemux86-64/tmp/work/core2-64-poky-linux/draco-platform-made/latest/recipe-sysroot/usr/lib/../lib/x86', '64-poky-linux/9.2.0/:/var/fpwork2/wodobrow/projects/URM6/qemux86-64/tmp/work/core2-64-poky-linux/draco-platform-made/latest/recipe-sysroot/usr/lib/x86', '64-poky-linux/9.2.0/:/var/fpwork2/wodobrow/projects/URM6/qemux86-64/tmp/work/core2-64-poky-linux/draco-platform-made/latest/recipe-sysroot/usr/lib/../lib/:/var/fpwork2/wodobrow/projects/URM6/qemux86-64/tmp/work/core2-64-poky-linux/draco-platform-made/latest/recipe-sysroot/lib/:/var/fpwork2/wodobrow/projects/URM6/qemux86-64/tmp/work/core2-64-poky-linux/draco-platform-made/latest/recipe-sysroot/usr/lib/]']
336["OPTIONS='--sysroot=/var/fpwork2/wodobrow/projects/URM6/qemux86-64/tmp/work/core2-64-poky-linux/draco-platform-made/latest/recipe-sysroot'", "'-march=x86-64']"]
309['CXX', 'ddde1]']
310['64-pokysdk-linux/usr/bin/cmake', 'ddde1.dir/link.txt', '--verbose=1]']
311['64-pokysdk-linux/usr/bin/x86', '64-poky-linux/x86', '64-poky-linux-g++', '--sysroot=/var/fpwork2/wodobrow/projects/URM6/qemux86-64/tmp/work/core2-64-poky-linux/draco-platform-made/latest/recipe-sysroot', '--sysroot=/var/fpwork2/wodobrow/projects/URM6/qemux86-64/tmp/work/core2-64-poky-linux/draco-platform-made/latest/recipe-sysroot', 'ddde1.dir/CMakeCXXCompilerABI.cpp.o', 'ddde1']
None[]
None[]
312['64-pokysdk-linux/usr/libexec/x86', '64-poky-linux/gcc/x86', '64-poky-linux/9.2.0/lto-wrapper]']
None[]
None[]
None[]
None[]
307['64-pokysdk-linux/usr/libexec/x86', '64-poky-linux/gcc/x86', '64-poky-linux/9.2.0/:/var/fpwork2/wodobrow/sdk/URM6/sysroots/x86', '64-pokysdk-linux/usr/libexec/x86', '64-poky-linux/gcc/x86', '64-poky-linux/9.2.0/:/var/fpwork2/wodobrow/sdk/URM6/sysroots/x86', '64-pokysdk-linux/usr/libexec/x86', '64-poky-linux/gcc/x86', '64-poky-linux/:/var/fpwork2/wodobrow/sdk/URM6/sysroots/x86', '64-pokysdk-linux/usr/lib/x86', '64-poky-linux/gcc/x86', '64-poky-linux/9.2.0/:/var/fpwork2/wodobrow/sdk/URM6/sysroots/x86', '64-pokysdk-linux/usr/lib/x86', '64-poky-linux/gcc/x86', '64-poky-linux/]']
308['64-pokysdk-linux/usr/lib/x86', '64-poky-linux/gcc/x86', '64-poky-linux/9.2.0/:/var/fpwork2/wodobrow/projects/URM6/qemux86-64/tmp/work/core2-64-poky-linux/draco-platform-made/latest/recipe-sysroot/lib/../lib/:/var/fpwork2/wodobrow/projects/URM6/qemux86-64/tmp/work/core2-64-poky-linux/draco-platform-made/latest/recipe-sysroot/usr/lib/../lib/x86', '64-poky-linux/9.2.0/:/var/fpwork2/wodobrow/projects/URM6/qemux86-64/tmp/work/core2-64-poky-linux/draco-platform-made/latest/recipe-sysroot/usr/lib/x86', '64-poky-linux/9.2.0/:/var/fpwork2/wodobrow/projects/URM6/qemux86-64/tmp/work/core2-64-poky-linux/draco-platform-made/latest/recipe-sysroot/usr/lib/../lib/:/var/fpwork2/wodobrow/projects/URM6/qemux86-64/tmp/work/core2-64-poky-linux/draco-platform-made/latest/recipe-sysroot/lib/:/var/fpwork2/wodobrow/projects/URM6/qemux86-64/tmp/work/core2-64-poky-linux/draco-platform-made/latest/recipe-sysroot/usr/lib/]']
None[]
338['64-pokysdk-linux/usr/libexec/x86', '64-poky-linux/gcc/x86', '64-poky-linux/9.2.0/collect2', '64-pokysdk-linux/usr/libexec/x86', '64-poky-linux/gcc/x86', '64-poky-linux/9.2.0/liblto', '64-pokysdk-linux/usr/libexec/x86', '64-poky-linux/gcc/x86', '64-poky-linux/9.2.0/lto-wrapper', '--sysroot=/var/fpwork2/wodobrow/projects/URM6/qemux86-64/tmp/work/core2-64-poky-linux/draco-platform-made/latest/recipe-sysroot', '64', '/lib/ld-linux-x86-64.so.2', '/var/fpwork2/wodobrow/projects/URM6/qemux86-64/tmp/work/core2-64-poky-linux/draco-platform-made/latest/recipe-sysroot/usr/lib/../lib/Scrt1.o', '/var/fpwork2/wodobrow/projects/URM6/qemux86-64/tmp/work/core2-64-poky-linux/draco-platform-made/latest/recipe-sysroot/usr/lib/../lib/crti.o', '/var/fpwork2/wodobrow/projects/URM6/qemux86-64/tmp/work/core2-64-poky-linux/draco-platform-made/latest/recipe-sysroot/usr/lib/../lib/x86', '64-poky-linux/9.2.0/crtbeginS.o', '64-pokysdk-linux/usr/lib/x86', '64-poky-linux/gcc/x86', '64-poky-linux/9.2.0', '-L/var/fpwork2/wodobrow/projects/URM6/qemux86-64/tmp/work/core2-64-poky-linux/draco-platform-made/latest/recipe-sysroot/lib/../lib', '-L/var/fpwork2/wodobrow/projects/URM6/qemux86-64/tmp/work/core2-64-poky-linux/draco-platform-made/latest/recipe-sysroot/usr/lib/../lib/x86', '64-poky-linux/9.2.0', '-L/var/fpwork2/wodobrow/projects/URM6/qemux86-64/tmp/work/core2-64-poky-linux/draco-platform-made/latest/recipe-sysroot/usr/lib/x86', '64-poky-linux/9.2.0', '-L/var/fpwork2/wodobrow/projects/URM6/qemux86-64/tmp/work/core2-64-poky-linux/draco-platform-made/latest/recipe-sysroot/usr/lib/../lib', '-L/var/fpwork2/wodobrow/projects/URM6/qemux86-64/tmp/work/core2-64-poky-linux/draco-platform-made/latest/recipe-sysroot/lib', '-L/var/fpwork2/wodobrow/projects/URM6/qemux86-64/tmp/work/core2-64-poky-linux/draco-platform-made/latest/recipe-sysroot/usr/lib', '/var/fpwork2/wodobrow/projects/URM6/qemux86-64/tmp/work/core2-64-poky-linux/draco-platform-made/latest/recipe-sysroot/usr/lib/../lib/x86', '64-poky-linux/9.2.0/crtendS.o', '/var/fpwork2/wodobrow/projects/URM6/qemux86-64/tmp/work/core2-64-poky-linux/draco-platform-made/latest/recipe-sysroot/usr/lib/../lib/crtn.o]']
315['[/var/fpwork2/wodobrow/sdk/URM6/sysroots/x86', '64-pokysdk-linux/usr/libexec/x86', '64-poky-linux/gcc/x86', '64-poky-linux/9.2.0/collect2]']
316['[-plugin]']
317['64-pokysdk-linux/usr/libexec/x86', '64-poky-linux/gcc/x86', '64-poky-linux/9.2.0/liblto']
315['[-plugin-opt=/var/fpwork2/wodobrow/sdk/URM6/sysroots/x86', '64-pokysdk-linux/usr/libexec/x86', '64-poky-linux/gcc/x86', '64-poky-linux/9.2.0/lto-wrapper]']
316['[-plugin-opt=-fresolution=/tmp/ccvXLDbP.res]']
318['[-plugin-opt=-pass-through=-lgcc', 's]']
316['[-plugin-opt=-pass-through=-lgcc]']
316['[-plugin-opt=-pass-through=-lc]']
318['[-plugin-opt=-pass-through=-lgcc', 's]']
316['[-plugin-opt=-pass-through=-lgcc]']
316['[--sysroot=/var/fpwork2/wodobrow/projects/URM6/qemux86-64/tmp/work/core2-64-poky-linux/draco-platform-made/latest/recipe-sysroot]']
316['[--build-id]']
316['[--eh-frame-hdr]']
316['[--hash-style=gnu]']
316['[-m]']
319['64]']
316['[-dynamic-linker]']
316['[/lib/ld-linux-x86-64.so.2]']
316['[-pie]']
316['[-o]']
318['[cmTC', 'ddde1]']
316['[/var/fpwork2/wodobrow/projects/URM6/qemux86-64/tmp/work/core2-64-poky-linux/draco-platform-made/latest/recipe-sysroot/usr/lib/../lib/Scrt1.o]']
316['[/var/fpwork2/wodobrow/projects/URM6/qemux86-64/tmp/work/core2-64-poky-linux/draco-platform-made/latest/recipe-sysroot/usr/lib/../lib/crti.o]']
318['[/var/fpwork2/wodobrow/projects/URM6/qemux86-64/tmp/work/core2-64-poky-linux/draco-platform-made/latest/recipe-sysroot/usr/lib/../lib/x86', '64-poky-linux/9.2.0/crtbeginS.o]']
320['64-pokysdk-linux/usr/lib/x86', '64-poky-linux/gcc/x86', '64-poky-linux/9.2.0]', '64-pokysdk-linux/usr/lib/x86', '64-poky-linux/gcc/x86', '64-poky-linux/9.2.0]']
321['[-L/var/fpwork2/wodobrow/projects/URM6/qemux86-64/tmp/work/core2-64-poky-linux/draco-platform-made/latest/recipe-sysroot/lib/../lib]', 'dir', '[/var/fpwork2/wodobrow/projects/URM6/qemux86-64/tmp/work/core2-64-poky-linux/draco-platform-made/latest/recipe-sysroot/lib/../lib]']
322['[-L/var/fpwork2/wodobrow/projects/URM6/qemux86-64/tmp/work/core2-64-poky-linux/draco-platform-made/latest/recipe-sysroot/usr/lib/../lib/x86', '64-poky-linux/9.2.0]', '[/var/fpwork2/wodobrow/projects/URM6/qemux86-64/tmp/work/core2-64-poky-linux/draco-platform-made/latest/recipe-sysroot/usr/lib/../lib/x86', '64-poky-linux/9.2.0]']
322['[-L/var/fpwork2/wodobrow/projects/URM6/qemux86-64/tmp/work/core2-64-poky-linux/draco-platform-made/latest/recipe-sysroot/usr/lib/x86', '64-poky-linux/9.2.0]', '[/var/fpwork2/wodobrow/projects/URM6/qemux86-64/tmp/work/core2-64-poky-linux/draco-platform-made/latest/recipe-sysroot/usr/lib/x86', '64-poky-linux/9.2.0]']
321['[-L/var/fpwork2/wodobrow/projects/URM6/qemux86-64/tmp/work/core2-64-poky-linux/draco-platform-made/latest/recipe-sysroot/usr/lib/../lib]', 'dir', '[/var/fpwork2/wodobrow/projects/URM6/qemux86-64/tmp/work/core2-64-poky-linux/draco-platform-made/latest/recipe-sysroot/usr/lib/../lib]']
321['[-L/var/fpwork2/wodobrow/projects/URM6/qemux86-64/tmp/work/core2-64-poky-linux/draco-platform-made/latest/recipe-sysroot/lib]', 'dir', '[/var/fpwork2/wodobrow/projects/URM6/qemux86-64/tmp/work/core2-64-poky-linux/draco-platform-made/latest/recipe-sysroot/lib]']
321['[-L/var/fpwork2/wodobrow/projects/URM6/qemux86-64/tmp/work/core2-64-poky-linux/draco-platform-made/latest/recipe-sysroot/usr/lib]', 'dir', '[/var/fpwork2/wodobrow/projects/URM6/qemux86-64/tmp/work/core2-64-poky-linux/draco-platform-made/latest/recipe-sysroot/usr/lib]']
316['[-O1]']
316['[--hash-style=gnu]']
316['[--as-needed]']
318['[CMakeFiles/cmTC', 'ddde1.dir/CMakeCXXCompilerABI.cpp.o]']
321['[-lstdc++]', 'lib', '[stdc++]']
321['[-lm]', 'lib', '[m]']
323[]
321['[-lgcc]', 'lib', '[gcc]']
321['[-lc]', 'lib', '[c]']
323[]
321['[-lgcc]', 'lib', '[gcc]']
318['[/var/fpwork2/wodobrow/projects/URM6/qemux86-64/tmp/work/core2-64-poky-linux/draco-platform-made/latest/recipe-sysroot/usr/lib/../lib/x86', '64-poky-linux/9.2.0/crtendS.o]']
316['[/var/fpwork2/wodobrow/projects/URM6/qemux86-64/tmp/work/core2-64-poky-linux/draco-platform-made/latest/recipe-sysroot/usr/lib/../lib/crtn.o]']
324['64-pokysdk-linux/usr/lib/x86', '64-poky-linux/gcc/x86', '64-poky-linux/9.2.0]', '64-pokysdk-linux/usr/lib/x86', '64-poky-linux/gcc/x86', '64-poky-linux/9.2.0]']
325['[/var/fpwork2/wodobrow/projects/URM6/qemux86-64/tmp/work/core2-64-poky-linux/draco-platform-made/latest/recipe-sysroot/lib/../lib]', '[/var/fpwork2/wodobrow/projects/URM6/qemux86-64/tmp/work/core2-64-poky-linux/draco-platform-made/latest/recipe-sysroot/lib]']
326['[/var/fpwork2/wodobrow/projects/URM6/qemux86-64/tmp/work/core2-64-poky-linux/draco-platform-made/latest/recipe-sysroot/usr/lib/../lib/x86', '64-poky-linux/9.2.0]', '[/var/fpwork2/wodobrow/projects/URM6/qemux86-64/tmp/work/core2-64-poky-linux/draco-platform-made/latest/recipe-sysroot/usr/lib/x86', '64-poky-linux/9.2.0]']
326['[/var/fpwork2/wodobrow/projects/URM6/qemux86-64/tmp/work/core2-64-poky-linux/draco-platform-made/latest/recipe-sysroot/usr/lib/x86', '64-poky-linux/9.2.0]', '[/var/fpwork2/wodobrow/projects/URM6/qemux86-64/tmp/work/core2-64-poky-linux/draco-platform-made/latest/recipe-sysroot/usr/lib/x86', '64-poky-linux/9.2.0]']
325['[/var/fpwork2/wodobrow/projects/URM6/qemux86-64/tmp/work/core2-64-poky-linux/draco-platform-made/latest/recipe-sysroot/usr/lib/../lib]', '[/var/fpwork2/wodobrow/projects/URM6/qemux86-64/tmp/work/core2-64-poky-linux/draco-platform-made/latest/recipe-sysroot/usr/lib]']
325['[/var/fpwork2/wodobrow/projects/URM6/qemux86-64/tmp/work/core2-64-poky-linux/draco-platform-made/latest/recipe-sysroot/lib]', '[/var/fpwork2/wodobrow/projects/URM6/qemux86-64/tmp/work/core2-64-poky-linux/draco-platform-made/latest/recipe-sysroot/lib]']
325['[/var/fpwork2/wodobrow/projects/URM6/qemux86-64/tmp/work/core2-64-poky-linux/draco-platform-made/latest/recipe-sysroot/usr/lib]', '[/var/fpwork2/wodobrow/projects/URM6/qemux86-64/tmp/work/core2-64-poky-linux/draco-platform-made/latest/recipe-sysroot/usr/lib]']
339[]
328['64-pokysdk-linux/usr/lib/x86', '64-poky-linux/gcc/x86', '64-poky-linux/9.2.0;/var/fpwork2/wodobrow/projects/URM6/qemux86-64/tmp/work/core2-64-poky-linux/draco-platform-made/latest/recipe-sysroot/lib;/var/fpwork2/wodobrow/projects/URM6/qemux86-64/tmp/work/core2-64-poky-linux/draco-platform-made/latest/recipe-sysroot/usr/lib/x86', '64-poky-linux/9.2.0;/var/fpwork2/wodobrow/projects/URM6/qemux86-64/tmp/work/core2-64-poky-linux/draco-platform-made/latest/recipe-sysroot/usr/lib]']
329[]
340[]
None[]
None[]
None[]
None[]
None[]
None[]
341['--sysroot=/var/fpwork2/wodobrow/projects/URM6/qemux86-64/tmp/work/core2-64-poky-linux/draco-platform-made/latest/recipe-sysroot', '--sysroot=/var/fpwork2/wodobrow/projects/URM6/qemux86-64/tmp/work/core2-64-poky-linux/draco-platform-made/latest/recipe-sysroot']
None[]
342['0;']
343[]
None[]
None[]
None[]
344['--sysroot=/var/fpwork2/wodobrow/projects/URM6/qemux86-64/tmp/work/core2-64-poky-linux/draco-platform-made/latest/recipe-sysroot', '--sysroot=/var/fpwork2/wodobrow/projects/URM6/qemux86-64/tmp/work/core2-64-poky-linux/draco-platform-made/latest/recipe-sysroot']
None[]
None[]
345['--sysroot=/var/fpwork2/wodobrow/projects/URM6/qemux86-64/tmp/work/core2-64-poky-linux/draco-platform-made/latest/recipe-sysroot', '--sysroot=/var/fpwork2/wodobrow/projects/URM6/qemux86-64/tmp/work/core2-64-poky-linux/draco-platform-made/latest/recipe-sysroot']
None[]
342['0;']
346[]
None[]
None[]
None[]
None[]
None[]
None[]
347['--sysroot=/var/fpwork2/wodobrow/projects/URM6/qemux86-64/tmp/work/core2-64-poky-linux/draco-platform-made/latest/recipe-sysroot', '--sysroot=/var/fpwork2/wodobrow/projects/URM6/qemux86-64/tmp/work/core2-64-poky-linux/draco-platform-made/latest/recipe-sysroot']
None[]
342['0;']
