389['0', 'TxCarrier0.', '2']
389['2', 'TxCarrier1.', '2']
389['4', 'TxCarrier2.', '2']
389['6', 'TxCarrier3.', '2']
389['8', 'TxCarrier4.', '2']
389['10', 'TxCarrier5.', '2']
389['12', 'TxCarrier6.', '2']
389['14', 'TxCarrier7.', '2']
389['16', 'TxCarrier8.', '2']
389['18', 'TxCarrier9.', '2']
389['20', 'TxCarrierA.', '2']
389['22', 'TxCarrierB.', '2']
389['24', 'TxCarrierC.', '2']
389['26', 'TxCarrierD.', '2']
389['28', 'TxCarrierE.', '2']
389['30', 'TxCarrierF.', '2']
389['0', 'RxCarrier0.', '2']
389['4', 'RxCarrier1.', '2']
389['8', 'RxCarrier2.', '2']
389['12', 'RxCarrier3.', '2']
389['16', 'RxCarrier4.', '2']
389['20', 'RxCarrier5.', '2']
389['24', 'RxCarrier6.', '2']
389['28', 'RxCarrier7.', '2']
389['32', 'RxCarrier8.', '2']
389['36', 'RxCarrier9.', '2']
389['40', 'RxCarrierA.', '2']
389['44', 'RxCarrierB.', '2']
389['48', 'RxCarrierC.', '2']
389['52', 'RxCarrierD.', '2']
389['56', 'RxCarrierE.', '2']
389['60', 'RxCarrierF.', '2']
