278['100000000,', '32,', '32),', 'defChannelId:0,', 'pipeId:0,', 'dfeifAxC:0,', 'routerStreamId:0,', 'regConnAirframeZ:0,', 'regConnAirframeX:0,', 'regConnReceiveN2:0x0,', 'regConnTransmitN2:0x0,', 'regConnTransmitCA:0x0']
279[]
280[]
174[]
180['0,', '0,', '0']
181['0', '0']
182[]
281['[EXECUTE]']
282['channel:0,', '100000000,', '32,', '32))']
283[]
284['enable', 'DlInt']
284['enable', 'DlClipB']
284['enable', 'DlClipA']
284['enable', 'DlFilter']
284['configure', 'DlDecomp']
284['enable', 'DlDecomp']
284['enable', 'DlSrc']
284['enable', 'DlFront']
285[]
286[]
287['RUNTIMEADJVALUE=0.000000,', 'RUNTIMEADJCOUNT=0,', 'GUARD=0,', 'clipaCA=0']
281['[OK]']
288['pipe:0,', 'channel:0,', '100000000,', '32,', '32)']
279[]
280[]
174[]
180['0,', '0,', '0']
181['0', '0']
182[]
289['[EXECUTE]']
290['channel:0,', '100000000,', '32,', '32)']
291[]
292['DlClipB']
292['DlClipA']
292['DlFilter']
292['DlSrc']
292['DlDecomp']
292['DlFront']
293['0']
294['CA[0],', '0']
295['CV[0]']
293['1']
294['CA[1],', '1']
295['CV[1]']
293['2']
294['CA[2],', '2']
295['CV[2]']
293['3']
294['CA[3],', '3']
295['CV[3]']
289['[OK]']
