396['100000000,', '32,', '32),', 'defChannelId:0,', 'pipeId:0,', 'dfeifAxC:0,', 'routerStreamId:0,', 'regConnAirframeZ:0,', 'regConnAirframeX:0,', 'regConnReceiveN2:0x0,', 'regConnTransmitN2:0x0,', 'regConnTransmitCA:0x0']
397[]
398[]
1259[]
None[]
None[]
None[]
399['[EXECUTE]']
400['channel:0,', '100000000,', '32,', '32))']
401[]
402['enable', 'DlInt']
402['enable', 'DlClipB']
402['enable', 'DlClipA']
402['enable', 'DlFilter']
402['configure', 'DlDecomp']
402['enable', 'DlDecomp']
402['enable', 'DlSrc']
402['enable', 'DlFront']
403[]
404[]
405['RUNTIMEADJVALUE=0.000000,', 'RUNTIMEADJCOUNT=0,', 'GUARD=0,', 'clipaCA=0']
399['[OK]']
406['pipe:0,', 'channel:0,', '100000000,', '32,', '32)']
397[]
398[]
1259[]
None[]
None[]
None[]
407['[EXECUTE]']
408['channel:0,', '100000000,', '32,', '32)']
409[]
410['DlClipB']
410['DlClipA']
410['DlFilter']
410['DlSrc']
410['DlDecomp']
410['DlFront']
411['0']
412['CA[0],', '0']
413['CV[0]']
411['1']
412['CA[1],', '1']
413['CV[1]']
411['2']
412['CA[2],', '2']
413['CV[2]']
411['3']
412['CA[3],', '3']
413['CV[3]']
407['[OK]']
