296['LTE,', '20000000,', '8,', '8),', 'defChannelId:0,', 'pipeId:0,', 'dfeifAxC:0,', 'routerStreamId:0,', 'regConnAirframeZ:0,', 'regConnAirframeX:0,', 'regConnReceiveN2:0x0,', 'regConnTransmitN2:0x0,', 'regConnTransmitCA:0x0']
279[]
280[]
174[]
180['0,', '0,', '0']
181['0', '0']
182[]
281['[EXECUTE]']
300['channel:0,', '20000000,', '8,', '8))']
301['DlInt']
301['DlClipB']
301['DlClipA']
301['DlSrc']
301['DlFilter']
301['DlDecomp']
301['DlFront']
302[]
303[]
281['[OK]']
298['pipe:0,', 'channel:0,', 'LTE,', '20000000,', '8,', '8)']
279[]
280[]
174[]
180['0,', '0,', '0']
181['0', '0']
182[]
289['[EXECUTE]']
304['channel:0,', '20000000,', '8,', '8)']
305[]
306['DlClipB']
306['DlClipA']
306['DlFilter']
306['DlSrc']
306['DlDecomp']
306['DlFront']
307[]
308['CA[0]']
289['[OK]']
