414['LTE,', '20000000,', '8,', '8),', 'defChannelId:0,', 'pipeId:0,', 'dfeifAxC:0,', 'routerStreamId:0,', 'regConnAirframeZ:0,', 'regConnAirframeX:0,', 'regConnReceiveN2:0x0,', 'regConnTransmitN2:0x0,', 'regConnTransmitCA:0x0']
397[]
398[]
174[]
180['0,', '0,', '0']
181['0', '0']
182[]
399['[EXECUTE]']
418['channel:0,', '20000000,', '8,', '8))']
419['DlInt']
419['DlClipB']
419['DlClipA']
419['DlSrc']
419['DlFilter']
419['DlDecomp']
419['DlFront']
420[]
421[]
399['[OK]']
416['pipe:0,', 'channel:0,', 'LTE,', '20000000,', '8,', '8)']
397[]
398[]
174[]
180['0,', '0,', '0']
181['0', '0']
182[]
407['[EXECUTE]']
422['channel:0,', '20000000,', '8,', '8)']
423[]
424['DlClipB']
424['DlClipA']
424['DlFilter']
424['DlSrc']
424['DlDecomp']
424['DlFront']
425[]
426['CA[0]']
407['[OK]']
