None[]
None[]
None[]
None[]
None[]
None[]
None[]
None[]
None[]
None[]
None[]
None[]
None[]
None[]
None[]
None[]
None[]
None[]
465[]
None[]
None[]
None[]
None[]
None[]
466['2,', '40000']
467['1.100000']
468['rated=6.800000,', 'rated=46.020600,', 'dlScaleReductionLimit=1.100000,', 'gpwrConfigMax=0.000000']
469['dfeStreamId=2,', 'chIdAndPow.size()=4,', 'scen=7.500000,', 'sum=16.020600,', 'sum=16.020600,', 'red=1.100000,', 'max=9.000000,', 'overbook=0.000000,', 'red=0.700000,', 'sum=1.100000,', 'gainCtrl=0.000000,', 'gPwrConfig=-28.900000,']
470['1",dfeChannelId=1,', 'dfeStreamId=2,', 'gainOffset=1.099400', 'scen=7.500000', 'Pconf=10.000000', 'Palloc=10.000000', 'PconfSum=16.020600', 'rated=46.020600']
471['1",dfeChannelId=1,', 'dfeStreamId=2,', 'SPRcarr=0.000000', 'sum=1.100000', 'gainCtrl=0.000000', 'level=40829,', 'Acar=7.120600', 'GlevelAlign=8.220000', 'overbook=0.000000', 'DPS=0']
470['2",dfeChannelId=2,', 'dfeStreamId=2,', 'gainOffset=1.099400', 'scen=7.500000', 'Pconf=10.000000', 'Palloc=10.000000', 'PconfSum=16.020600', 'rated=46.020600']
471['2",dfeChannelId=2,', 'dfeStreamId=2,', 'SPRcarr=0.000000', 'sum=1.100000', 'gainCtrl=0.000000', 'level=40829,', 'Acar=7.120600', 'GlevelAlign=8.220000', 'overbook=0.000000', 'DPS=0']
470['4",dfeChannelId=4,', 'dfeStreamId=2,', 'gainOffset=1.099400', 'scen=7.500000', 'Pconf=10.000000', 'Palloc=10.000000', 'PconfSum=16.020600', 'rated=46.020600']
471['4",dfeChannelId=4,', 'dfeStreamId=2,', 'SPRcarr=0.000000', 'sum=1.100000', 'gainCtrl=0.000000', 'level=40829,', 'Acar=7.120600', 'GlevelAlign=8.220000', 'overbook=0.000000', 'DPS=0']
470['6",dfeChannelId=6,', 'dfeStreamId=2,', 'gainOffset=1.099400', 'scen=7.500000', 'Pconf=10.000000', 'Palloc=10.000000', 'PconfSum=16.020600', 'rated=46.020600']
471['6",dfeChannelId=6,', 'dfeStreamId=2,', 'SPRcarr=0.000000', 'sum=1.100000', 'gainCtrl=0.000000', 'level=40829,', 'Acar=7.120600', 'GlevelAlign=8.220000', 'overbook=0.000000', 'DPS=0']
