187['1', '2']
189['commonViewForTxCarriers.size()=1', 'resourcePlan.txCarriersDfeChannels.size:1']
190['1,', 'channelId=1,', 'dfeStreamId=2,', '2,', 'power=5.000000,', 'allocatedPower=5.000000']
187['2', '3']
189['commonViewForTxCarriers.size()=2', 'resourcePlan.txCarriersDfeChannels.size:2']
190['1,', 'channelId=1,', 'dfeStreamId=2,', '2,', 'power=5.000000,', 'allocatedPower=5.000000']
190['2,', 'channelId=2,', 'dfeStreamId=3,', '3,', 'power=7.000000,', 'allocatedPower=7.000000']
465[]
189['commonViewForTxCarriers.size()=2', 'resourcePlan.txCarriersDfeChannels.size:2']
190['1,', 'channelId=1,', 'dfeStreamId=2,', '2,', 'power=5.000000,', 'allocatedPower=5.000000']
190['2,', 'channelId=2,', 'dfeStreamId=3,', '3,', 'power=7.000000,', 'allocatedPower=7.000000']
466['2,', '40000']
466['3,', '40000']
467['1.100000']
468['rated=6.800000,', 'rated=46.020600,', 'dlScaleReductionLimit=1.100000,', 'gpwrConfigMax=0.000000']
469['dfeStreamId=2,', 'chIdAndPow.size()=1,', 'scen=7.500000,', 'sum=5.000000,', 'sum=5.000000,', 'red=1.100000,', 'max=9.000000,', 'overbook=0.000000,', 'red=0.700000,', 'sum=1.100000,', 'gainCtrl=0.000000,', 'gPwrConfig=-39.920600,']
470['1",dfeChannelId=1,', 'dfeStreamId=2,', 'gainOffset=7.120000', 'scen=7.500000', 'Pconf=5.000000', 'Palloc=5.000000', 'PconfSum=5.000000', 'rated=46.020600']
471['1",dfeChannelId=1,', 'dfeStreamId=2,', 'SPRcarr=0.000000', 'sum=1.100000', 'gainCtrl=0.000000', 'level=81657,', 'Acar=1.100000', 'GlevelAlign=8.220000', 'overbook=0.000000', 'DPS=0']
467['1.100000']
468['rated=6.800000,', 'rated=46.020600,', 'dlScaleReductionLimit=1.100000,', 'gpwrConfigMax=0.000000']
469['dfeStreamId=3,', 'chIdAndPow.size()=1,', 'scen=7.500000,', 'sum=7.000000,', 'sum=7.000000,', 'red=1.100000,', 'max=9.000000,', 'overbook=0.000000,', 'red=0.700000,', 'sum=1.100000,', 'gainCtrl=0.000000,', 'gPwrConfig=-37.920600,']
470['2",dfeChannelId=2,', 'dfeStreamId=3,', 'gainOffset=7.120000', 'scen=7.500000', 'Pconf=7.000000', 'Palloc=7.000000', 'PconfSum=7.000000', 'rated=46.020600']
471['2",dfeChannelId=2,', 'dfeStreamId=3,', 'SPRcarr=0.000000', 'sum=1.100000', 'gainCtrl=0.000000', 'level=81657,', 'Acar=1.100000', 'GlevelAlign=8.220000', 'overbook=0.000000', 'DPS=0']
