362['100000000,', '32,', '32),', 'defChannelId:0,', 'pipeId:0,', 'dfeifAxC:0,', 'routerStreamId:0,', 'regConnAirframeZ:0,', 'regConnAirframeX:0,', 'regConnReceiveN2:0x0,', 'regConnTransmitN2:0x0,', 'regConnTransmitCA:0x0']
174[]
180['0,', '0,', '0']
181['0', '0']
182[]
281['[EXECUTE]']
363['channel:0,', '100000000,', '32,', '32))']
364[]
365['enable', 'DlInt']
365['enable', 'DlClipB']
365['enable', 'DlClipA']
365['enable', 'DlFilter']
365['configure', 'DlDecomp']
365['enable', 'DlDecomp']
365['enable', 'DlSrc']
365['enable', 'DlFront']
366[]
281['[OK]']
367['100000000,', '32,', '32),', 'dfeChannelId:0,', 'pipe:0']
174[]
180['0,', '0,', '0']
181['0', '0']
182[]
289['[EXECUTE]']
368['channel:0,', '100000000,', '32,', '32)']
369[]
370['DlClipB']
370['DlClipA']
370['DlFilter']
370['DlSrc']
370['DlDecomp']
370['DlFront']
289['[OK]']
