480['100000000,', '32,', '32),', 'defChannelId:0,', 'pipeId:0,', 'dfeifAxC:0,', 'routerStreamId:0,', 'regConnAirframeZ:0,', 'regConnAirframeX:0,', 'regConnReceiveN2:0x0,', 'regConnTransmitN2:0x0,', 'regConnTransmitCA:0x0']
174[]
180['0,', '0,', '0']
181['0', '0']
182[]
399['[EXECUTE]']
481['channel:0,', '100000000,', '32,', '32))']
482[]
483['enable', 'DlInt']
483['enable', 'DlClipB']
483['enable', 'DlClipA']
483['enable', 'DlFilter']
483['configure', 'DlDecomp']
483['enable', 'DlDecomp']
483['enable', 'DlSrc']
483['enable', 'DlFront']
484[]
399['[OK]']
485['100000000,', '32,', '32),', 'dfeChannelId:0,', 'pipe:0']
174[]
180['0,', '0,', '0']
181['0', '0']
182[]
407['[EXECUTE]']
486['channel:0,', '100000000,', '32,', '32)']
487[]
488['DlClipB']
488['DlClipA']
488['DlFilter']
488['DlSrc']
488['DlDecomp']
488['DlFront']
407['[OK]']
