371['LTE,', '20000000,', '8,', '8),', 'defChannelId:0,', 'pipeId:0,', 'dfeifAxC:0,', 'routerStreamId:0,', 'regConnAirframeZ:0,', 'regConnAirframeX:0,', 'regConnReceiveN2:0x0,', 'regConnTransmitN2:0x0,', 'regConnTransmitCA:0x0']
174[]
180['0,', '0,', '0']
181['0', '0']
182[]
281['[EXECUTE]']
375['channel:0,', '20000000,', '8,', '8))']
376['DlInt']
376['DlClipB']
376['DlClipA']
376['DlSrc']
376['DlFilter']
376['DlDecomp']
376['DlFront']
377[]
281['[OK]']
373['LTE,', '20000000,', '8,', '8),', 'dfeChannelId:0,', 'pipe:0']
174[]
180['0,', '0,', '0']
181['0', '0']
182[]
289['[EXECUTE]']
378['channel:0,', '20000000,', '8,', '8)']
379[]
380['DlClipB']
380['DlClipA']
380['DlFilter']
380['DlSrc']
380['DlDecomp']
380['DlFront']
289['[OK]']
