489['LTE,', '20000000,', '8,', '8),', 'defChannelId:0,', 'pipeId:0,', 'dfeifAxC:0,', 'routerStreamId:0,', 'regConnAirframeZ:0,', 'regConnAirframeX:0,', 'regConnReceiveN2:0x0,', 'regConnTransmitN2:0x0,', 'regConnTransmitCA:0x0']
1259[]
None[]
None[]
None[]
399['[EXECUTE]']
493['channel:0,', '20000000,', '8,', '8))']
494['DlInt']
494['DlClipB']
494['DlClipA']
494['DlSrc']
494['DlFilter']
494['DlDecomp']
494['DlFront']
495[]
399['[OK]']
491['LTE,', '20000000,', '8,', '8),', 'dfeChannelId:0,', 'pipe:0']
1259[]
None[]
None[]
None[]
407['[EXECUTE]']
496['channel:0,', '20000000,', '8,', '8)']
497[]
498['DlClipB']
498['DlClipA']
498['DlFilter']
498['DlSrc']
498['DlDecomp']
498['DlFront']
407['[OK]']
