452['0']
174[]
427['channelId:0,']
273[]
274[]
453['0,', '100000000,', '32,', '32)']
454['UlFront']
454['UlSrc']
454['UlFilter']
454['UlDec']
224['BcnSync,', 'ulddc.stream(0)', 'BCN', 'resync']
455['1', '10,']
455['2', '10,']
455['3', '10,']
455['4', '10,']
455['5', '10,']
455['6', '10,']
455['7', '10,']
455['8', '10,']
455['9', '10,']
455['10', '10,']
456['ulddc.stream(0)', 'CA', 'N2=0x00000000']
456['streamId:0,', 'chn:0,', 'CaCapture{0:0}']
457['cmpOffset{0:0}']
458['chn:0,', 'bcnOut{0:135711}']
454['UlDdc']
459['dfeChannelId:0', 'dfeifAxC:0']
174[]
427['channelId:0,']
273[]
274[]
432[]
433['channel:0']
434['UlFront']
434['UlSrc']
434['UlFilter']
434['UlDec']
434['UlDdc']
435['channelId=0']
