570['0']
174[]
545['channelId:0,']
391[]
392[]
571['0,', '100000000,', '32,', '32)']
572['UlFront']
572['UlSrc']
572['UlFilter']
572['UlDec']
224['BcnSync,', 'ulddc.stream(0)', 'BCN', 'resync']
573['1', '10,']
573['2', '10,']
573['3', '10,']
573['4', '10,']
573['5', '10,']
573['6', '10,']
573['7', '10,']
573['8', '10,']
573['9', '10,']
573['10', '10,']
574['ulddc.stream(0)', 'CA', 'N2=0x00000000']
574['streamId:0,', 'chn:0,', 'CaCapture{0:0}']
575['cmpOffset{0:0}']
576['chn:0,', 'bcnOut{0:135711}']
572['UlDdc']
577['dfeChannelId:0', 'dfeifAxC:0']
174[]
545['channelId:0,']
391[]
392[]
550[]
551['channel:0']
552['UlFront']
552['UlSrc']
552['UlFilter']
552['UlDec']
552['UlDdc']
553['channelId=0']
