452['0']
174[]
427['channelId:0,']
273[]
274[]
462['0,', '20000000,', '8,', '8)']
463['UlFront']
463['UlSrc']
463['UlFilter']
463['UlDec']
224['BcnSync,', 'ulddc.stream(0)', 'BCN', 'resync']
455['1', '10,']
455['2', '10,']
455['3', '10,']
455['4', '10,']
455['5', '10,']
455['6', '10,']
455['7', '10,']
455['8', '10,']
455['9', '10,']
455['10', '10,']
456['ulddc.stream(0)', 'CA', 'N2=0x00000000']
456['streamId:0,', 'chn:0,', 'CaCapture{0:0}']
464['cmpOffset{0:0}']
458['chn:0,', 'bcnOut{0:135711}']
459['dfeChannelId:0', 'dfeifAxC:0']
174[]
427['channelId:0,']
273[]
274[]
428[]
429['channelId=0']
430['channel:0']
431['UlFront']
431['UlSrc']
431['UlFilter']
431['UlDec']
431['UlDdc']
