570['0']
1259[]
545['channelId:0,']
391[]
392[]
580['0,', '20000000,', '8,', '8)']
581['UlFront']
581['UlSrc']
581['UlFilter']
581['UlDec']
1266['BcnSync,', 'ulddc.stream(0)', 'BCN', 'resync']
573['1', '10,']
573['2', '10,']
573['3', '10,']
573['4', '10,']
573['5', '10,']
573['6', '10,']
573['7', '10,']
573['8', '10,']
573['9', '10,']
573['10', '10,']
574['ulddc.stream(0)', 'CA', 'N2=0x00000000']
574['streamId:0,', 'chn:0,', 'CaCapture{0:0}']
582['cmpOffset{0:0}']
576['chn:0,', 'bcnOut{0:135711}']
577['dfeChannelId:0', 'dfeifAxC:0']
1259[]
545['channelId:0,']
391[]
392[]
546[]
547['channelId=0']
548['channel:0']
549['UlFront']
549['UlSrc']
549['UlFilter']
549['UlDec']
549['UlDdc']
