505['RxCarrier0el:']
506['carrier', 'name:']
507['port', 'number:', '0']
508['UPLINK']
509[]
510['32']
511['RxCarrier0el:']
506['axc', 'container:']
512[]
507['stream', 'number:', '44']
513[]
514['address:', '44']
514['type:', '14']
514['timestamp:', '0']
515[]
507['external', 'port:', '0']
505['RxCarrier1el:']
516['carrier', 'name:']
507['port', 'number:', '0']
508['UPLINK']
509[]
510['32']
511['RxCarrier1el:']
516['axc', 'container:']
512[]
507['stream', 'number:', '48']
513[]
514['address:', '48']
514['type:', '14']
514['timestamp:', '0']
515[]
507['external', 'port:', '0']
505['RxCarrier2el:']
517['carrier', 'name:']
507['port', 'number:', '0']
508['UPLINK']
509[]
510['32']
511['RxCarrier2el:']
517['axc', 'container:']
512[]
507['stream', 'number:', '52']
513[]
514['address:', '52']
514['type:', '14']
514['timestamp:', '0']
515[]
507['external', 'port:', '0']
505['RxCarrier3el:']
518['carrier', 'name:']
507['port', 'number:', '0']
508['UPLINK']
509[]
510['32']
511['RxCarrier3el:']
518['axc', 'container:']
512[]
507['stream', 'number:', '56']
513[]
514['address:', '56']
514['type:', '14']
514['timestamp:', '0']
515[]
507['external', 'port:', '0']
505['RxCarrier4el:']
519['carrier', 'name:']
507['port', 'number:', '0']
508['UPLINK']
509[]
510['32']
511['RxCarrier4el:']
519['axc', 'container:']
512[]
507['stream', 'number:', '60']
513[]
514['address:', '60']
514['type:', '14']
514['timestamp:', '0']
515[]
507['external', 'port:', '0']
505['RxCarrier5el:']
520['carrier', 'name:']
507['port', 'number:', '0']
508['UPLINK']
509[]
510['32']
511['RxCarrier5el:']
520['axc', 'container:']
512[]
507['stream', 'number:', '64']
513[]
514['address:', '64']
514['type:', '14']
514['timestamp:', '0']
515[]
507['external', 'port:', '0']
