623['RxCarrier0el:']
624['carrier', 'name:']
625['port', 'number:', '0']
626['UPLINK']
627[]
628['32']
629['RxCarrier0el:']
624['axc', 'container:']
630[]
625['stream', 'number:', '44']
631[]
632['address:', '44']
632['type:', '14']
632['timestamp:', '0']
633[]
625['external', 'port:', '0']
623['RxCarrier1el:']
634['carrier', 'name:']
625['port', 'number:', '0']
626['UPLINK']
627[]
628['32']
629['RxCarrier1el:']
634['axc', 'container:']
630[]
625['stream', 'number:', '48']
631[]
632['address:', '48']
632['type:', '14']
632['timestamp:', '0']
633[]
625['external', 'port:', '0']
623['RxCarrier2el:']
635['carrier', 'name:']
625['port', 'number:', '0']
626['UPLINK']
627[]
628['32']
629['RxCarrier2el:']
635['axc', 'container:']
630[]
625['stream', 'number:', '52']
631[]
632['address:', '52']
632['type:', '14']
632['timestamp:', '0']
633[]
625['external', 'port:', '0']
623['RxCarrier3el:']
636['carrier', 'name:']
625['port', 'number:', '0']
626['UPLINK']
627[]
628['32']
629['RxCarrier3el:']
636['axc', 'container:']
630[]
625['stream', 'number:', '56']
631[]
632['address:', '56']
632['type:', '14']
632['timestamp:', '0']
633[]
625['external', 'port:', '0']
623['RxCarrier4el:']
637['carrier', 'name:']
625['port', 'number:', '0']
626['UPLINK']
627[]
628['32']
629['RxCarrier4el:']
637['axc', 'container:']
630[]
625['stream', 'number:', '60']
631[]
632['address:', '60']
632['type:', '14']
632['timestamp:', '0']
633[]
625['external', 'port:', '0']
623['RxCarrier5el:']
638['carrier', 'name:']
625['port', 'number:', '0']
626['UPLINK']
627[]
628['32']
629['RxCarrier5el:']
638['axc', 'container:']
630[]
625['stream', 'number:', '64']
631[]
632['address:', '64']
632['type:', '14']
632['timestamp:', '0']
633[]
625['external', 'port:', '0']
