623['TxCarrier0el:']
639['carrier', 'name:']
625['port', 'number:', '0']
626['DOWNLINK']
627[]
628['32']
629['TxCarrier0el:']
639['axc', 'container:']
626['DOWNLINK']
630[]
625['stream', 'number:', '4294967292']
631[]
632['address:', '4294967292']
632['type:', '14']
632['timestamp:', '0']
633[]
625['external', 'port:', '0']
623['TxCarrier1el:']
640['carrier', 'name:']
625['port', 'number:', '0']
626['DOWNLINK']
627[]
628['32']
629['TxCarrier1el:']
640['axc', 'container:']
626['DOWNLINK']
630[]
625['stream', 'number:', '0']
631[]
632['address:', '0']
632['type:', '14']
632['timestamp:', '0']
633[]
625['external', 'port:', '0']
623['TxCarrier2el:']
641['carrier', 'name:']
625['port', 'number:', '0']
626['DOWNLINK']
627[]
628['32']
629['TxCarrier2el:']
641['axc', 'container:']
626['DOWNLINK']
630[]
625['stream', 'number:', '4']
631[]
632['address:', '4']
632['type:', '14']
632['timestamp:', '0']
633[]
625['external', 'port:', '0']
623['TxCarrier3el:']
642['carrier', 'name:']
625['port', 'number:', '0']
626['DOWNLINK']
627[]
628['32']
629['TxCarrier3el:']
642['axc', 'container:']
626['DOWNLINK']
630[]
625['stream', 'number:', '8']
631[]
632['address:', '8']
632['type:', '14']
632['timestamp:', '0']
633[]
625['external', 'port:', '0']
623['TxCarrier4el:']
643['carrier', 'name:']
625['port', 'number:', '0']
626['DOWNLINK']
627[]
628['32']
629['TxCarrier4el:']
643['axc', 'container:']
626['DOWNLINK']
630[]
625['stream', 'number:', '12']
631[]
632['address:', '12']
632['type:', '14']
632['timestamp:', '0']
633[]
625['external', 'port:', '0']
623['TxCarrier5el:']
644['carrier', 'name:']
625['port', 'number:', '0']
626['DOWNLINK']
627[]
628['32']
629['TxCarrier5el:']
644['axc', 'container:']
626['DOWNLINK']
630[]
625['stream', 'number:', '16']
631[]
632['address:', '16']
632['type:', '14']
632['timestamp:', '0']
633[]
625['external', 'port:', '0']
