550['TX', 'L6064.TX11', '1', '10']
550['TX', 'L6064.TX13', '1', '10']
550['RX', 'L6064.RX11', '1', '10']
550['RX', 'L6064.RX13', '1', '10']
551['0,', '8']
552['0']
553['L6064.RX11', '1', '10,', '0']
551['0,', '8']
552['2']
553['L6064.RX13', '1', '10,', '2']
555['0,', '4']
556['0']
557['L6064.TX11', '1', '10,', '0']
555['0,', '4']
556['1']
557['L6064.TX13', '1', '10,', '1']
550['TX', 'L6064.TX12', '1', '10']
558['L6064.RX11', '1', '10', 'dfeChannelId:0']
558['L6064.RX13', '1', '10', 'dfeChannelId:2']
559['L6064.RX11', '1', '10']
560['L6064.RX11', '1', '10,', '0,', ':2', '0,', '8']
559['L6064.RX13', '1', '10']
560['L6064.RX13', '1', '10,', '2,', ':2', '0,', '8']
561['L6064.TX11', '1', '10', 'dfeChannelId:0']
561['L6064.TX13', '1', '10', 'dfeChannelId:1']
562['L6064.TX11', '1', '10']
563['L6064.TX11', '1', '10,', '0,', ':1', '0,', '4']
562['L6064.TX13', '1', '10']
563['L6064.TX13', '1', '10,', '1,', ':1', '0,', '4']
555['0,', '4']
556['2']
557['L6064.TX12', '1', '10,', '2']
558['L6064.RX13', '1', '10', 'dfeChannelId:2']
564['RX']
561['L6064.TX12', '1', '10', 'dfeChannelId:2']
561['L6064.TX13', '1', '10', 'dfeChannelId:1']
564['TX']
