923['TX', 'L6064.TX11', '1', '10']
923['TX', 'L6064.TX13', '1', '10']
923['RX', 'L6064.RX11', '1', '10']
923['RX', 'L6064.RX13', '1', '10']
924['MadeDfeResourceAllocator::allocate::RX', '0,', '8']
925['0']
926['L6064.RX11', '1', '10,', '0']
924['MadeDfeResourceAllocator::allocate::RX', '0,', '8']
925['2']
926['L6064.RX13', '1', '10,', '2']
924['MadeDfeResourceAllocator::allocate::TX', '0,', '4']
928['0']
929['L6064.TX11', '1', '10,', '0']
924['MadeDfeResourceAllocator::allocate::TX', '0,', '4']
928['1']
929['L6064.TX13', '1', '10,', '1']
923['TX', 'L6064.TX12', '1', '10']
930['L6064.RX11', '1', '10', 'dfeChannelId:0']
930['L6064.RX13', '1', '10', 'dfeChannelId:2']
931['L6064.RX11', '1', '10']
932['L6064.RX11', '1', '10,', '0,', ':2', '0,', '8']
931['L6064.RX13', '1', '10']
932['L6064.RX13', '1', '10,', '2,', ':2', '0,', '8']
933['L6064.TX11', '1', '10', 'dfeChannelId:0']
933['L6064.TX13', '1', '10', 'dfeChannelId:1']
934['L6064.TX11', '1', '10']
935['L6064.TX11', '1', '10,', '0,', ':1', '0,', '4']
934['L6064.TX13', '1', '10']
935['L6064.TX13', '1', '10,', '1,', ':1', '0,', '4']
924['MadeDfeResourceAllocator::allocate::TX', '0,', '4']
928['2']
929['L6064.TX12', '1', '10,', '2']
930['L6064.RX13', '1', '10', 'dfeChannelId:2']
936['RX']
933['L6064.TX12', '1', '10', 'dfeChannelId:2']
933['L6064.TX13', '1', '10', 'dfeChannelId:1']
936['TX']
