61['RX', 'carrierRx1antenna1a', 'antenna1a']
61['RX', 'carrierRx2antenna1a', 'antenna1a']
61['RX', 'carrierRx3antenna1a', 'antenna1a']
61['RX', 'carrierRx4antenna1a', 'antenna1a']
61['TX', 'carrierTx1antenna1a', 'antenna1a']
61['TX', 'carrierTx2antenna1a', 'antenna1a']
61['TX', 'carrierTx3antenna1a', 'antenna1a']
61['TX', 'carrierTx4antenna1a', 'antenna1a']
61['RX', 'carrierRx1antenna2a', 'antenna2a']
61['RX', 'carrierRx2antenna2a', 'antenna2a']
61['RX', 'carrierRx3antenna2a', 'antenna2a']
61['RX', 'carrierRx4antenna2a', 'antenna2a']
61['TX', 'carrierTx1antenna2a', 'antenna2a']
61['TX', 'carrierTx2antenna2a', 'antenna2a']
61['TX', 'carrierTx3antenna2a', 'antenna2a']
61['TX', 'carrierTx4antenna2a', 'antenna2a']
61['RX', 'carrierRx1antenna3a', 'antenna3a']
61['RX', 'carrierRx2antenna3a', 'antenna3a']
61['RX', 'carrierRx3antenna3a', 'antenna3a']
61['RX', 'carrierRx4antenna3a', 'antenna3a']
61['TX', 'carrierTx1antenna3a', 'antenna3a']
61['TX', 'carrierTx2antenna3a', 'antenna3a']
61['TX', 'carrierTx3antenna3a', 'antenna3a']
61['TX', 'carrierTx4antenna3a', 'antenna3a']
61['RX', 'carrierRx1antenna4a', 'antenna4a']
61['RX', 'carrierRx2antenna4a', 'antenna4a']
61['RX', 'carrierRx3antenna4a', 'antenna4a']
61['RX', 'carrierRx4antenna4a', 'antenna4a']
61['TX', 'carrierTx1antenna4a', 'antenna4a']
61['TX', 'carrierTx2antenna4a', 'antenna4a']
61['TX', 'carrierTx3antenna4a', 'antenna4a']
61['TX', 'carrierTx4antenna4a', 'antenna4a']
551['0,', '8']
552['0']
569['carrierRx1antenna1a,', '0']
551['8,', '16']
552['8']
569['carrierRx1antenna2a,', '8']
551['16,', '24']
552['16']
569['carrierRx1antenna3a,', '16']
551['24,', '32']
552['24']
569['carrierRx1antenna4a,', '24']
551['0,', '8']
552['2']
569['carrierRx2antenna1a,', '2']
551['8,', '16']
552['10']
569['carrierRx2antenna2a,', '10']
551['16,', '24']
552['18']
569['carrierRx2antenna3a,', '18']
551['24,', '32']
552['26']
569['carrierRx2antenna4a,', '26']
551['0,', '8']
552['4']
569['carrierRx3antenna1a,', '4']
551['8,', '16']
552['12']
569['carrierRx3antenna2a,', '12']
551['16,', '24']
552['20']
569['carrierRx3antenna3a,', '20']
551['24,', '32']
552['28']
569['carrierRx3antenna4a,', '28']
551['0,', '8']
552['6']
569['carrierRx4antenna1a,', '6']
551['8,', '16']
552['14']
569['carrierRx4antenna2a,', '14']
551['16,', '24']
552['22']
569['carrierRx4antenna3a,', '22']
551['24,', '32']
552['30']
569['carrierRx4antenna4a,', '30']
555['0,', '4']
556['0']
568['carrierTx1antenna1a,', '0']
555['4,', '8']
556['4']
568['carrierTx1antenna2a,', '4']
555['8,', '12']
556['8']
568['carrierTx1antenna3a,', '8']
555['12,', '16']
556['12']
568['carrierTx1antenna4a,', '12']
555['0,', '4']
556['1']
568['carrierTx2antenna1a,', '1']
555['4,', '8']
556['5']
568['carrierTx2antenna2a,', '5']
555['8,', '12']
556['9']
568['carrierTx2antenna3a,', '9']
555['12,', '16']
556['13']
568['carrierTx2antenna4a,', '13']
555['0,', '4']
556['2']
568['carrierTx3antenna1a,', '2']
555['4,', '8']
556['6']
568['carrierTx3antenna2a,', '6']
555['8,', '12']
556['10']
568['carrierTx3antenna3a,', '10']
555['12,', '16']
556['14']
568['carrierTx3antenna4a,', '14']
555['0,', '4']
556['3']
568['carrierTx4antenna1a,', '3']
555['4,', '8']
556['7']
568['carrierTx4antenna2a,', '7']
555['8,', '12']
556['11']
568['carrierTx4antenna3a,', '11']
555['12,', '16']
556['15']
568['carrierTx4antenna4a,', '15']
