61['RX', 'carrierRx1antenna1a', 'antenna1a']
61['RX', 'carrierRx2antenna1a', 'antenna1a']
61['RX', 'carrierRx3antenna1a', 'antenna1a']
61['RX', 'carrierRx4antenna1a', 'antenna1a']
61['TX', 'carrierTx1antenna1a', 'antenna1a']
61['TX', 'carrierTx2antenna1a', 'antenna1a']
61['TX', 'carrierTx3antenna1a', 'antenna1a']
61['TX', 'carrierTx4antenna1a', 'antenna1a']
61['RX', 'carrierRx1antenna2a', 'antenna2a']
61['RX', 'carrierRx2antenna2a', 'antenna2a']
61['RX', 'carrierRx3antenna2a', 'antenna2a']
61['RX', 'carrierRx4antenna2a', 'antenna2a']
61['TX', 'carrierTx1antenna2a', 'antenna2a']
61['TX', 'carrierTx2antenna2a', 'antenna2a']
61['TX', 'carrierTx3antenna2a', 'antenna2a']
61['TX', 'carrierTx4antenna2a', 'antenna2a']
61['RX', 'carrierRx1antenna3a', 'antenna3a']
61['RX', 'carrierRx2antenna3a', 'antenna3a']
61['RX', 'carrierRx3antenna3a', 'antenna3a']
61['RX', 'carrierRx4antenna3a', 'antenna3a']
61['TX', 'carrierTx1antenna3a', 'antenna3a']
61['TX', 'carrierTx2antenna3a', 'antenna3a']
61['TX', 'carrierTx3antenna3a', 'antenna3a']
61['TX', 'carrierTx4antenna3a', 'antenna3a']
61['RX', 'carrierRx1antenna4a', 'antenna4a']
61['RX', 'carrierRx2antenna4a', 'antenna4a']
61['RX', 'carrierRx3antenna4a', 'antenna4a']
61['RX', 'carrierRx4antenna4a', 'antenna4a']
61['TX', 'carrierTx1antenna4a', 'antenna4a']
61['TX', 'carrierTx2antenna4a', 'antenna4a']
61['TX', 'carrierTx3antenna4a', 'antenna4a']
61['TX', 'carrierTx4antenna4a', 'antenna4a']
570['carrierRx1antenna1a', 'dfeChannelId:0']
570['carrierRx1antenna2a', 'dfeChannelId:8']
570['carrierRx1antenna3a', 'dfeChannelId:16']
570['carrierRx1antenna4a', 'dfeChannelId:24']
570['carrierRx2antenna1a', 'dfeChannelId:2']
570['carrierRx2antenna2a', 'dfeChannelId:10']
570['carrierRx2antenna3a', 'dfeChannelId:18']
570['carrierRx2antenna4a', 'dfeChannelId:26']
570['carrierRx3antenna1a', 'dfeChannelId:4']
570['carrierRx3antenna2a', 'dfeChannelId:12']
570['carrierRx3antenna3a', 'dfeChannelId:20']
570['carrierRx3antenna4a', 'dfeChannelId:28']
570['carrierRx4antenna1a', 'dfeChannelId:6']
570['carrierRx4antenna2a', 'dfeChannelId:14']
570['carrierRx4antenna3a', 'dfeChannelId:22']
570['carrierRx4antenna4a', 'dfeChannelId:30']
571['carrierRx1antenna1a']
572['carrierRx1antenna1a,', '0,', ':2', '0,', '8']
571['carrierRx1antenna2a']
572['carrierRx1antenna2a,', '8,', ':2', '8,', '16']
571['carrierRx1antenna3a']
572['carrierRx1antenna3a,', '16,', ':2', '16,', '24']
571['carrierRx1antenna4a']
572['carrierRx1antenna4a,', '24,', ':2', '24,', '32']
571['carrierRx2antenna1a']
572['carrierRx2antenna1a,', '2,', ':2', '0,', '8']
571['carrierRx2antenna2a']
572['carrierRx2antenna2a,', '10,', ':2', '8,', '16']
571['carrierRx2antenna3a']
572['carrierRx2antenna3a,', '18,', ':2', '16,', '24']
571['carrierRx2antenna4a']
572['carrierRx2antenna4a,', '26,', ':2', '24,', '32']
571['carrierRx3antenna1a']
572['carrierRx3antenna1a,', '4,', ':2', '0,', '8']
571['carrierRx3antenna2a']
572['carrierRx3antenna2a,', '12,', ':2', '8,', '16']
571['carrierRx3antenna3a']
572['carrierRx3antenna3a,', '20,', ':2', '16,', '24']
571['carrierRx3antenna4a']
572['carrierRx3antenna4a,', '28,', ':2', '24,', '32']
571['carrierRx4antenna1a']
572['carrierRx4antenna1a,', '6,', ':2', '0,', '8']
571['carrierRx4antenna2a']
572['carrierRx4antenna2a,', '14,', ':2', '8,', '16']
571['carrierRx4antenna3a']
572['carrierRx4antenna3a,', '22,', ':2', '16,', '24']
571['carrierRx4antenna4a']
572['carrierRx4antenna4a,', '30,', ':2', '24,', '32']
565['carrierTx1antenna1a', 'dfeChannelId:0']
565['carrierTx1antenna2a', 'dfeChannelId:4']
565['carrierTx1antenna3a', 'dfeChannelId:8']
565['carrierTx1antenna4a', 'dfeChannelId:12']
565['carrierTx2antenna1a', 'dfeChannelId:1']
565['carrierTx2antenna2a', 'dfeChannelId:5']
565['carrierTx2antenna3a', 'dfeChannelId:9']
565['carrierTx2antenna4a', 'dfeChannelId:13']
565['carrierTx3antenna1a', 'dfeChannelId:2']
565['carrierTx3antenna2a', 'dfeChannelId:6']
565['carrierTx3antenna3a', 'dfeChannelId:10']
565['carrierTx3antenna4a', 'dfeChannelId:14']
565['carrierTx4antenna1a', 'dfeChannelId:3']
565['carrierTx4antenna2a', 'dfeChannelId:7']
565['carrierTx4antenna3a', 'dfeChannelId:11']
565['carrierTx4antenna4a', 'dfeChannelId:15']
566['carrierTx1antenna1a']
567['carrierTx1antenna1a,', '0,', ':1', '0,', '4']
566['carrierTx1antenna2a']
567['carrierTx1antenna2a,', '4,', ':1', '4,', '8']
566['carrierTx1antenna3a']
567['carrierTx1antenna3a,', '8,', ':1', '8,', '12']
566['carrierTx1antenna4a']
567['carrierTx1antenna4a,', '12,', ':1', '12,', '16']
566['carrierTx2antenna1a']
567['carrierTx2antenna1a,', '1,', ':1', '0,', '4']
566['carrierTx2antenna2a']
567['carrierTx2antenna2a,', '5,', ':1', '4,', '8']
566['carrierTx2antenna3a']
567['carrierTx2antenna3a,', '9,', ':1', '8,', '12']
566['carrierTx2antenna4a']
567['carrierTx2antenna4a,', '13,', ':1', '12,', '16']
566['carrierTx3antenna1a']
567['carrierTx3antenna1a,', '2,', ':1', '0,', '4']
566['carrierTx3antenna2a']
567['carrierTx3antenna2a,', '6,', ':1', '4,', '8']
566['carrierTx3antenna3a']
567['carrierTx3antenna3a,', '10,', ':1', '8,', '12']
566['carrierTx3antenna4a']
567['carrierTx3antenna4a,', '14,', ':1', '12,', '16']
566['carrierTx4antenna1a']
567['carrierTx4antenna1a,', '3,', ':1', '0,', '4']
566['carrierTx4antenna2a']
567['carrierTx4antenna2a,', '7,', ':1', '4,', '8']
566['carrierTx4antenna3a']
567['carrierTx4antenna3a,', '11,', ':1', '8,', '12']
566['carrierTx4antenna4a']
567['carrierTx4antenna4a,', '15,', ':1', '12,', '16']
