1137['RX', 'carrierRx1antenna1a', 'antenna1a']
1137['RX', 'carrierRx2antenna1a', 'antenna1a']
1137['RX', 'carrierRx3antenna1a', 'antenna1a']
1137['RX', 'carrierRx4antenna1a', 'antenna1a']
1137['TX', 'carrierTx1antenna1a', 'antenna1a']
1137['TX', 'carrierTx2antenna1a', 'antenna1a']
1137['TX', 'carrierTx3antenna1a', 'antenna1a']
1137['TX', 'carrierTx4antenna1a', 'antenna1a']
1137['RX', 'carrierRx1antenna2a', 'antenna2a']
1137['RX', 'carrierRx2antenna2a', 'antenna2a']
1137['RX', 'carrierRx3antenna2a', 'antenna2a']
1137['RX', 'carrierRx4antenna2a', 'antenna2a']
1137['TX', 'carrierTx1antenna2a', 'antenna2a']
1137['TX', 'carrierTx2antenna2a', 'antenna2a']
1137['TX', 'carrierTx3antenna2a', 'antenna2a']
1137['TX', 'carrierTx4antenna2a', 'antenna2a']
1137['RX', 'carrierRx1antenna3a', 'antenna3a']
1137['RX', 'carrierRx2antenna3a', 'antenna3a']
1137['RX', 'carrierRx3antenna3a', 'antenna3a']
1137['RX', 'carrierRx4antenna3a', 'antenna3a']
1137['TX', 'carrierTx1antenna3a', 'antenna3a']
1137['TX', 'carrierTx2antenna3a', 'antenna3a']
1137['TX', 'carrierTx3antenna3a', 'antenna3a']
1137['TX', 'carrierTx4antenna3a', 'antenna3a']
1137['RX', 'carrierRx1antenna4a', 'antenna4a']
1137['RX', 'carrierRx2antenna4a', 'antenna4a']
1137['RX', 'carrierRx3antenna4a', 'antenna4a']
1137['RX', 'carrierRx4antenna4a', 'antenna4a']
1137['TX', 'carrierTx1antenna4a', 'antenna4a']
1137['TX', 'carrierTx2antenna4a', 'antenna4a']
1137['TX', 'carrierTx3antenna4a', 'antenna4a']
1137['TX', 'carrierTx4antenna4a', 'antenna4a']
942['carrierRx1antenna1a', 'dfeChannelId:0']
942['carrierRx1antenna2a', 'dfeChannelId:8']
942['carrierRx1antenna3a', 'dfeChannelId:16']
942['carrierRx1antenna4a', 'dfeChannelId:24']
942['carrierRx2antenna1a', 'dfeChannelId:2']
942['carrierRx2antenna2a', 'dfeChannelId:10']
942['carrierRx2antenna3a', 'dfeChannelId:18']
942['carrierRx2antenna4a', 'dfeChannelId:26']
942['carrierRx3antenna1a', 'dfeChannelId:4']
942['carrierRx3antenna2a', 'dfeChannelId:12']
942['carrierRx3antenna3a', 'dfeChannelId:20']
942['carrierRx3antenna4a', 'dfeChannelId:28']
942['carrierRx4antenna1a', 'dfeChannelId:6']
942['carrierRx4antenna2a', 'dfeChannelId:14']
942['carrierRx4antenna3a', 'dfeChannelId:22']
942['carrierRx4antenna4a', 'dfeChannelId:30']
943['carrierRx1antenna1a']
944['carrierRx1antenna1a,', '0,', ':2', '0,', '8']
943['carrierRx1antenna2a']
944['carrierRx1antenna2a,', '8,', ':2', '8,', '16']
943['carrierRx1antenna3a']
944['carrierRx1antenna3a,', '16,', ':2', '16,', '24']
943['carrierRx1antenna4a']
944['carrierRx1antenna4a,', '24,', ':2', '24,', '32']
943['carrierRx2antenna1a']
944['carrierRx2antenna1a,', '2,', ':2', '0,', '8']
943['carrierRx2antenna2a']
944['carrierRx2antenna2a,', '10,', ':2', '8,', '16']
943['carrierRx2antenna3a']
944['carrierRx2antenna3a,', '18,', ':2', '16,', '24']
943['carrierRx2antenna4a']
944['carrierRx2antenna4a,', '26,', ':2', '24,', '32']
943['carrierRx3antenna1a']
944['carrierRx3antenna1a,', '4,', ':2', '0,', '8']
943['carrierRx3antenna2a']
944['carrierRx3antenna2a,', '12,', ':2', '8,', '16']
943['carrierRx3antenna3a']
944['carrierRx3antenna3a,', '20,', ':2', '16,', '24']
943['carrierRx3antenna4a']
944['carrierRx3antenna4a,', '28,', ':2', '24,', '32']
943['carrierRx4antenna1a']
944['carrierRx4antenna1a,', '6,', ':2', '0,', '8']
943['carrierRx4antenna2a']
944['carrierRx4antenna2a,', '14,', ':2', '8,', '16']
943['carrierRx4antenna3a']
944['carrierRx4antenna3a,', '22,', ':2', '16,', '24']
943['carrierRx4antenna4a']
944['carrierRx4antenna4a,', '30,', ':2', '24,', '32']
937['carrierTx1antenna1a', 'dfeChannelId:0']
937['carrierTx1antenna2a', 'dfeChannelId:4']
937['carrierTx1antenna3a', 'dfeChannelId:8']
937['carrierTx1antenna4a', 'dfeChannelId:12']
937['carrierTx2antenna1a', 'dfeChannelId:1']
937['carrierTx2antenna2a', 'dfeChannelId:5']
937['carrierTx2antenna3a', 'dfeChannelId:9']
937['carrierTx2antenna4a', 'dfeChannelId:13']
937['carrierTx3antenna1a', 'dfeChannelId:2']
937['carrierTx3antenna2a', 'dfeChannelId:6']
937['carrierTx3antenna3a', 'dfeChannelId:10']
937['carrierTx3antenna4a', 'dfeChannelId:14']
937['carrierTx4antenna1a', 'dfeChannelId:3']
937['carrierTx4antenna2a', 'dfeChannelId:7']
937['carrierTx4antenna3a', 'dfeChannelId:11']
937['carrierTx4antenna4a', 'dfeChannelId:15']
938['carrierTx1antenna1a']
939['carrierTx1antenna1a,', '0,', ':1', '0,', '4']
938['carrierTx1antenna2a']
939['carrierTx1antenna2a,', '4,', ':1', '4,', '8']
938['carrierTx1antenna3a']
939['carrierTx1antenna3a,', '8,', ':1', '8,', '12']
938['carrierTx1antenna4a']
939['carrierTx1antenna4a,', '12,', ':1', '12,', '16']
938['carrierTx2antenna1a']
939['carrierTx2antenna1a,', '1,', ':1', '0,', '4']
938['carrierTx2antenna2a']
939['carrierTx2antenna2a,', '5,', ':1', '4,', '8']
938['carrierTx2antenna3a']
939['carrierTx2antenna3a,', '9,', ':1', '8,', '12']
938['carrierTx2antenna4a']
939['carrierTx2antenna4a,', '13,', ':1', '12,', '16']
938['carrierTx3antenna1a']
939['carrierTx3antenna1a,', '2,', ':1', '0,', '4']
938['carrierTx3antenna2a']
939['carrierTx3antenna2a,', '6,', ':1', '4,', '8']
938['carrierTx3antenna3a']
939['carrierTx3antenna3a,', '10,', ':1', '8,', '12']
938['carrierTx3antenna4a']
939['carrierTx3antenna4a,', '14,', ':1', '12,', '16']
938['carrierTx4antenna1a']
939['carrierTx4antenna1a,', '3,', ':1', '0,', '4']
938['carrierTx4antenna2a']
939['carrierTx4antenna2a,', '7,', ':1', '4,', '8']
938['carrierTx4antenna3a']
939['carrierTx4antenna3a,', '11,', ':1', '8,', '12']
938['carrierTx4antenna4a']
939['carrierTx4antenna4a,', '15,', ':1', '12,', '16']
