945['Band={2496.00', '2690.00}', 'mV=[48000],', 'mV=[54000],', 'mV=[44000],', 'c0=[1.00],', 'c0a=[0.00],', 'c0b=[14.00],', 'c1=[0.00],', 'c2a=[0.00],', 'c2b=[0.00],', 'MHz=[5.0000],', 'MHz=[-0.00],', 'softness=[0.00],', 'C=[45.0000],', 'C=[0.1000],', 'C=[53.40],', 'alpha=[7.40],', 'dBm=[10.20],', 'dB=[0.00],par', 'dB=[0.00],', 'dB=[-0.00],', 'dB=[0.00]']
946['path=[dlpath5]', 'Band={2496.00', '2690.00}Vdd', 'mV=[44000]']
947['MadeDvmConfiguration', 'saved', 'pathId=[dlpath5]']
945['Band={2496.00', '2690.00}', 'mV=[48000],', 'mV=[54000],', 'mV=[44000],', 'c0=[1.00],', 'c0a=[0.00],', 'c0b=[14.00],', 'c1=[0.00],', 'c2a=[0.00],', 'c2b=[0.00],', 'MHz=[5.0000],', 'MHz=[-0.00],', 'softness=[0.00],', 'C=[45.0000],', 'C=[0.1000],', 'C=[53.40],', 'alpha=[7.40],', 'dBm=[10.20],', 'dB=[0.00],par', 'dB=[0.00],', 'dB=[0.00],', 'dB=[0.00]']
946['path=[dlpath6]', 'Band={2496.00', '2690.00}Vdd', 'mV=[46000]']
947['MadeDvmConfiguration', 'saved', 'pathId=[dlpath6]']
945['Band={2496.00', '2690.00}', 'mV=[48000],', 'mV=[54000],', 'mV=[44000],', 'c0=[1.00],', 'c0a=[0.00],', 'c0b=[14.00],', 'c1=[0.00],', 'c2a=[0.00],', 'c2b=[0.00],', 'MHz=[5.0000],', 'MHz=[-0.00],', 'softness=[0.00],', 'C=[45.0000],', 'C=[0.1000],', 'C=[53.40],', 'alpha=[7.40],', 'dBm=[10.20],', 'dB=[0.00],par', 'dB=[0.00],', 'dB=[0.00],', 'dB=[0.00]']
946['path=[dlpath7]', 'Band={2496.00', '2690.00}Vdd', 'mV=[45000]']
947['MadeDvmConfiguration', 'saved', 'pathId=[dlpath7]']
945['Band={2496.00', '2690.00}', 'mV=[48000],', 'mV=[54000],', 'mV=[44000],', 'c0=[1.00],', 'c0a=[0.00],', 'c0b=[14.00],', 'c1=[0.00],', 'c2a=[0.00],', 'c2b=[0.00],', 'MHz=[5.0000],', 'MHz=[-0.00],', 'softness=[0.00],', 'C=[45.0000],', 'C=[0.1000],', 'C=[53.40],', 'alpha=[7.40],', 'dBm=[10.20],', 'dB=[0.00],par', 'dB=[0.00],', 'dB=[0.00],', 'dB=[0.00]']
946['path=[dlpath8]', 'Band={2496.00', '2690.00}Vdd', 'mV=[54000]']
947['MadeDvmConfiguration', 'saved', 'pathId=[dlpath8]']
948['carrierFrequency:2496[MHz],', 'freqMin=2496.00[MHz],', 'freqMax=2690.00[MHz]']
949['paPsuId=[1],', 'biasId=[0],', 'Band{2496.000000', '2690.000000}']
950['carrierName=[carrier5],', 'antenna=[antenna5a]:', 'mV=[0],', 'mV=[54000],', 'mV=[44000],', 'c0=[1.00],', 'c0a=[0.00],c0b=[14.00],', 'c1=[0.00],', 'c2a=[0.00],', 'c2b=[0.00],', 'MHz=[5.0000],', 'MHz=[-0.00],', 'softness=[0.00],', 'C=[45.0000],', 'C=[0.1000],', 'C=[53.40],', 'alpha=[7.40],', 'dBm=[10.20],', 'dB=[0.00],', 'dB=[0.00],', 'dB=[0.00],', 'dB=[0.00]']
947['PARExpansion', 'dB=[0.00]', 'dfeStreamId=[0]']
948['carrierFrequency:2496[MHz],', 'freqMin=2496.00[MHz],', 'freqMax=2690.00[MHz]']
949['paPsuId=[1],', 'biasId=[2],', 'Band{2496.000000', '2690.000000}']
950['carrierName=[carrier6],', 'antenna=[antenna6a]:', 'mV=[0],', 'mV=[54000],', 'mV=[44000],', 'c0=[1.00],', 'c0a=[0.00],c0b=[14.00],', 'c1=[0.00],', 'c2a=[0.00],', 'c2b=[0.00],', 'MHz=[5.0000],', 'MHz=[-0.00],', 'softness=[0.00],', 'C=[45.0000],', 'C=[0.1000],', 'C=[53.40],', 'alpha=[7.40],', 'dBm=[10.20],', 'dB=[0.00],', 'dB=[0.00],', 'dB=[0.00],', 'dB=[0.00]']
947['PARExpansion', 'dB=[0.00]', 'dfeStreamId=[2]']
948['carrierFrequency:2496[MHz],', 'freqMin=2496.00[MHz],', 'freqMax=2690.00[MHz]']
949['paPsuId=[1],', 'biasId=[3],', 'Band{2496.000000', '2690.000000}']
950['carrierName=[carrier7],', 'antenna=[antenna7a]:', 'mV=[0],', 'mV=[54000],', 'mV=[44000],', 'c0=[1.00],', 'c0a=[0.00],c0b=[14.00],', 'c1=[0.00],', 'c2a=[0.00],', 'c2b=[0.00],', 'MHz=[5.0000],', 'MHz=[-0.00],', 'softness=[0.00],', 'C=[45.0000],', 'C=[0.1000],', 'C=[53.40],', 'alpha=[7.40],', 'dBm=[10.20],', 'dB=[0.00],', 'dB=[0.00],', 'dB=[0.00],', 'dB=[0.00]']
947['PARExpansion', 'dB=[0.00]', 'dfeStreamId=[4]']
948['carrierFrequency:2496[MHz],', 'freqMin=2496.00[MHz],', 'freqMax=2690.00[MHz]']
949['paPsuId=[1],', 'biasId=[4],', 'Band{2496.000000', '2690.000000}']
950['carrierName=[carrier8],', 'antenna=[antenna8a]:', 'mV=[0],', 'mV=[54000],', 'mV=[44000],', 'c0=[1.00],', 'c0a=[0.00],c0b=[14.00],', 'c1=[0.00],', 'c2a=[0.00],', 'c2b=[0.00],', 'MHz=[5.0000],', 'MHz=[-0.00],', 'softness=[0.00],', 'C=[45.0000],', 'C=[0.1000],', 'C=[53.40],', 'alpha=[7.40],', 'dBm=[10.20],', 'dB=[0.00],', 'dB=[0.00],', 'dB=[0.00],', 'dB=[0.00]']
947['PARExpansion', 'dB=[0.00]', 'dfeStreamId=[6]']
951['1', 'antenna5a']
951['1', 'antenna6a']
951['1', 'antenna7a']
951['1', 'antenna8a']
952['1', 'dlpath5']
952['1', 'dlpath6']
952['1', 'dlpath7']
952['1', 'dlpath8']
945['Band={2496.00', '2690.00}', 'mV=[48000],', 'mV=[54000],', 'mV=[44000],', 'c0=[1.00],', 'c0a=[0.00],', 'c0b=[14.00],', 'c1=[0.00],', 'c2a=[0.00],', 'c2b=[0.00],', 'MHz=[5.0000],', 'MHz=[-0.00],', 'softness=[0.00],', 'C=[45.0000],', 'C=[0.1000],', 'C=[53.40],', 'alpha=[7.40],', 'dBm=[10.20],', 'dB=[0.00],par', 'dB=[0.00],', 'dB=[0.00],', 'dB=[0.00]']
946['path=[dlpath5]', 'Band={2496.00', '2690.00}Vdd', 'mV=[44000]']
947['MadeDvmConfiguration', 'saved', 'pathId=[dlpath5]']
945['Band={2496.00', '2690.00}', 'mV=[48000],', 'mV=[54000],', 'mV=[44000],', 'c0=[1.00],', 'c0a=[0.00],', 'c0b=[14.00],', 'c1=[0.00],', 'c2a=[0.00],', 'c2b=[0.00],', 'MHz=[5.0000],', 'MHz=[-0.00],', 'softness=[0.00],', 'C=[45.0000],', 'C=[0.1000],', 'C=[53.40],', 'alpha=[7.40],', 'dBm=[10.20],', 'dB=[0.00],par', 'dB=[0.00],', 'dB=[0.00],', 'dB=[0.00]']
946['path=[dlpath6]', 'Band={2496.00', '2690.00}Vdd', 'mV=[46000]']
947['MadeDvmConfiguration', 'saved', 'pathId=[dlpath6]']
945['Band={2496.00', '2690.00}', 'mV=[48000],', 'mV=[54000],', 'mV=[44000],', 'c0=[1.00],', 'c0a=[0.00],', 'c0b=[14.00],', 'c1=[0.00],', 'c2a=[0.00],', 'c2b=[0.00],', 'MHz=[5.0000],', 'MHz=[-0.00],', 'softness=[0.00],', 'C=[45.0000],', 'C=[0.1000],', 'C=[53.40],', 'alpha=[7.40],', 'dBm=[10.20],', 'dB=[0.00],par', 'dB=[0.00],', 'dB=[0.00],', 'dB=[0.00]']
946['path=[dlpath7]', 'Band={2496.00', '2690.00}Vdd', 'mV=[45000]']
947['MadeDvmConfiguration', 'saved', 'pathId=[dlpath7]']
945['Band={2496.00', '2690.00}', 'mV=[48000],', 'mV=[54000],', 'mV=[44000],', 'c0=[1.00],', 'c0a=[0.00],', 'c0b=[14.00],', 'c1=[0.00],', 'c2a=[0.00],', 'c2b=[0.00],', 'MHz=[5.0000],', 'MHz=[-0.00],', 'softness=[0.00],', 'C=[45.0000],', 'C=[0.1000],', 'C=[53.40],', 'alpha=[7.40],', 'dBm=[10.20],', 'dB=[0.00],par', 'dB=[0.00],', 'dB=[0.00],', 'dB=[0.00]']
946['path=[dlpath8]', 'Band={2496.00', '2690.00}Vdd', 'mV=[54000]']
947['MadeDvmConfiguration', 'saved', 'pathId=[dlpath8]']
948['carrierFrequency:2496[MHz],', 'freqMin=2496.00[MHz],', 'freqMax=2690.00[MHz]']
949['paPsuId=[1],', 'biasId=[0],', 'Band{2496.000000', '2690.000000}']
950['carrierName=[carrier5],', 'antenna=[antenna5a]:', 'mV=[54000],', 'mV=[54000],', 'mV=[44000],', 'c0=[1.00],', 'c0a=[0.00],c0b=[14.00],', 'c1=[0.00],', 'c2a=[0.00],', 'c2b=[0.00],', 'MHz=[5.0000],', 'MHz=[-0.00],', 'softness=[0.00],', 'C=[45.0000],', 'C=[0.1000],', 'C=[53.40],', 'alpha=[7.40],', 'dBm=[10.20],', 'dB=[0.00],', 'dB=[0.00],', 'dB=[-2.00],', 'dB=[0.00]']
947['PARExpansion', 'dB=[0.00]', 'dfeStreamId=[0]']
948['carrierFrequency:2496[MHz],', 'freqMin=2496.00[MHz],', 'freqMax=2690.00[MHz]']
949['paPsuId=[1],', 'biasId=[2],', 'Band{2496.000000', '2690.000000}']
950['carrierName=[carrier6],', 'antenna=[antenna6a]:', 'mV=[54000],', 'mV=[54000],', 'mV=[44000],', 'c0=[1.00],', 'c0a=[0.00],c0b=[14.00],', 'c1=[0.00],', 'c2a=[0.00],', 'c2b=[0.00],', 'MHz=[5.0000],', 'MHz=[-0.00],', 'softness=[0.00],', 'C=[45.0000],', 'C=[0.1000],', 'C=[53.40],', 'alpha=[7.40],', 'dBm=[10.20],', 'dB=[0.00],', 'dB=[0.00],', 'dB=[-2.00],', 'dB=[0.00]']
947['PARExpansion', 'dB=[0.00]', 'dfeStreamId=[2]']
948['carrierFrequency:2496[MHz],', 'freqMin=2496.00[MHz],', 'freqMax=2690.00[MHz]']
949['paPsuId=[1],', 'biasId=[3],', 'Band{2496.000000', '2690.000000}']
950['carrierName=[carrier7],', 'antenna=[antenna7a]:', 'mV=[54000],', 'mV=[54000],', 'mV=[44000],', 'c0=[1.00],', 'c0a=[0.00],c0b=[14.00],', 'c1=[0.00],', 'c2a=[0.00],', 'c2b=[0.00],', 'MHz=[5.0000],', 'MHz=[-0.00],', 'softness=[0.00],', 'C=[45.0000],', 'C=[0.1000],', 'C=[53.40],', 'alpha=[7.40],', 'dBm=[10.20],', 'dB=[0.00],', 'dB=[0.00],', 'dB=[-2.00],', 'dB=[0.00]']
947['PARExpansion', 'dB=[0.00]', 'dfeStreamId=[4]']
948['carrierFrequency:2496[MHz],', 'freqMin=2496.00[MHz],', 'freqMax=2690.00[MHz]']
949['paPsuId=[1],', 'biasId=[4],', 'Band{2496.000000', '2690.000000}']
950['carrierName=[carrier8],', 'antenna=[antenna8a]:', 'mV=[54000],', 'mV=[54000],', 'mV=[44000],', 'c0=[1.00],', 'c0a=[0.00],c0b=[14.00],', 'c1=[0.00],', 'c2a=[0.00],', 'c2b=[0.00],', 'MHz=[5.0000],', 'MHz=[-0.00],', 'softness=[0.00],', 'C=[45.0000],', 'C=[0.1000],', 'C=[53.40],', 'alpha=[7.40],', 'dBm=[10.20],', 'dB=[0.00],', 'dB=[0.00],', 'dB=[-2.00],', 'dB=[0.00]']
947['PARExpansion', 'dB=[0.00]', 'dfeStreamId=[6]']
953['ExcessHR=6.00[dB]', 'pPeak=50.20[dBm],', 'pMean=40.00[dBm],', 'dB=10.20[dB]PARExpansion', 'dB=0.00,', 'dB=7.40[dB],', 'dBm=47.40[dBm]', 'LTE=10.20[dB]', 'excessHROffset=0.00[dB]']
954['c0=54.00,', 'c2=0.00,', 'c0a=1.00', 'c0b=0.00,', 'c2a=0.00,', 'c2b=0.00,', 'nom=54.00[V]']
955['frequencySumMHz=-1798967296', 'frequencySumMHz=-1798967296', 'Freq=1.00,', 'MHz=0.00']
956['value=[148.41]', 'Temp=[1.017540]', 'tcp=[1.000000]', 'Vdd=[44.00],']
957['dfeStreamId=0,', 'carrierCenterFrequency=2496[MHz],', 'bandwidth=20[MHz],', 'beginOfCarrierFrequency=2486[MHz],', 'endOfCarrierFrequency=2506[MHz]']
957['dfeStreamId=2,', 'carrierCenterFrequency=2496[MHz],', 'bandwidth=20[MHz],', 'beginOfCarrierFrequency=2486[MHz],', 'endOfCarrierFrequency=2506[MHz]']
957['dfeStreamId=4,', 'carrierCenterFrequency=2496[MHz],', 'bandwidth=20[MHz],', 'beginOfCarrierFrequency=2486[MHz],', 'endOfCarrierFrequency=2506[MHz]']
957['dfeStreamId=6,', 'carrierCenterFrequency=2496[MHz],', 'bandwidth=20[MHz],', 'beginOfCarrierFrequency=2486[MHz],', 'endOfCarrierFrequency=2506[MHz]']
958['pathId=[dlpath5],', 'carrierIBW=[20]MHz,', 'amountOfCarriers=[1]']
958['pathId=[dlpath6],', 'carrierIBW=[20]MHz,', 'amountOfCarriers=[1]']
958['pathId=[dlpath7],', 'carrierIBW=[20]MHz,', 'amountOfCarriers=[1]']
958['pathId=[dlpath8],', 'carrierIBW=[20]MHz,', 'amountOfCarriers=[1]']
959['3,', '=[1],', '[55.00]', '[1.00]carrier', '[1.00],', '[20]']
959['3,', '=[1],', '[55.00]', '[1.00]carrier', '[1.00],', '[20]']
959['3,', '=[1],', '[55.00]', '[1.00]carrier', '[1.00],', '[20]']
959['3,', '=[1],', '[55.00]', '[1.00]carrier', '[1.00],', '[20]']
960['voltage=[44.00]', 'paPsuId=[1],', 'boost=[1.00]', '=[true]']
961['paPsuId=[1]', 'voltage=[44.00]']
953['ExcessHR=6.00[dB]', 'pPeak=50.20[dBm],', 'pMean=40.00[dBm],', 'dB=10.20[dB]PARExpansion', 'dB=0.00,', 'dB=7.40[dB],', 'dBm=47.40[dBm]', 'LTE=10.20[dB]', 'excessHROffset=0.00[dB]']
954['c0=54.00,', 'c2=0.00,', 'c0a=1.00', 'c0b=0.00,', 'c2a=0.00,', 'c2b=0.00,', 'nom=54.00[V]']
955['frequencySumMHz=-1798967296', 'frequencySumMHz=-1798967296', 'Freq=1.00,', 'MHz=0.00']
956['value=[148.41]', 'Temp=[1.017540]', 'tcp=[1.000000]', 'Vdd=[44.00],']
957['dfeStreamId=0,', 'carrierCenterFrequency=2496[MHz],', 'bandwidth=20[MHz],', 'beginOfCarrierFrequency=2486[MHz],', 'endOfCarrierFrequency=2506[MHz]']
957['dfeStreamId=2,', 'carrierCenterFrequency=2496[MHz],', 'bandwidth=20[MHz],', 'beginOfCarrierFrequency=2486[MHz],', 'endOfCarrierFrequency=2506[MHz]']
957['dfeStreamId=4,', 'carrierCenterFrequency=2496[MHz],', 'bandwidth=20[MHz],', 'beginOfCarrierFrequency=2486[MHz],', 'endOfCarrierFrequency=2506[MHz]']
957['dfeStreamId=6,', 'carrierCenterFrequency=2496[MHz],', 'bandwidth=20[MHz],', 'beginOfCarrierFrequency=2486[MHz],', 'endOfCarrierFrequency=2506[MHz]']
958['pathId=[dlpath5],', 'carrierIBW=[20]MHz,', 'amountOfCarriers=[1]']
958['pathId=[dlpath6],', 'carrierIBW=[20]MHz,', 'amountOfCarriers=[1]']
958['pathId=[dlpath7],', 'carrierIBW=[20]MHz,', 'amountOfCarriers=[1]']
958['pathId=[dlpath8],', 'carrierIBW=[20]MHz,', 'amountOfCarriers=[1]']
959['3,', '=[1],', '[55.00]', '[1.00]carrier', '[1.00],', '[20]']
959['3,', '=[1],', '[55.00]', '[1.00]carrier', '[1.00],', '[20]']
959['3,', '=[1],', '[55.00]', '[1.00]carrier', '[1.00],', '[20]']
959['3,', '=[1],', '[55.00]', '[1.00]carrier', '[1.00],', '[20]']
960['voltage=[44.00]', 'paPsuId=[1],', 'boost=[1.00]', '=[true]']
961['paPsuId=[1]', 'voltage=[44.00]']
953['ExcessHR=6.00[dB]', 'pPeak=50.20[dBm],', 'pMean=40.00[dBm],', 'dB=10.20[dB]PARExpansion', 'dB=0.00,', 'dB=7.40[dB],', 'dBm=47.40[dBm]', 'LTE=10.20[dB]', 'excessHROffset=0.00[dB]']
954['c0=54.00,', 'c2=0.00,', 'c0a=1.00', 'c0b=0.00,', 'c2a=0.00,', 'c2b=0.00,', 'nom=54.00[V]']
955['frequencySumMHz=-1798967296', 'frequencySumMHz=-1798967296', 'Freq=1.00,', 'MHz=0.00']
956['value=[148.41]', 'Temp=[1.017540]', 'tcp=[1.000000]', 'Vdd=[44.00],']
957['dfeStreamId=0,', 'carrierCenterFrequency=2496[MHz],', 'bandwidth=20[MHz],', 'beginOfCarrierFrequency=2486[MHz],', 'endOfCarrierFrequency=2506[MHz]']
957['dfeStreamId=2,', 'carrierCenterFrequency=2496[MHz],', 'bandwidth=20[MHz],', 'beginOfCarrierFrequency=2486[MHz],', 'endOfCarrierFrequency=2506[MHz]']
957['dfeStreamId=4,', 'carrierCenterFrequency=2496[MHz],', 'bandwidth=20[MHz],', 'beginOfCarrierFrequency=2486[MHz],', 'endOfCarrierFrequency=2506[MHz]']
957['dfeStreamId=6,', 'carrierCenterFrequency=2496[MHz],', 'bandwidth=20[MHz],', 'beginOfCarrierFrequency=2486[MHz],', 'endOfCarrierFrequency=2506[MHz]']
958['pathId=[dlpath5],', 'carrierIBW=[20]MHz,', 'amountOfCarriers=[1]']
958['pathId=[dlpath6],', 'carrierIBW=[20]MHz,', 'amountOfCarriers=[1]']
958['pathId=[dlpath7],', 'carrierIBW=[20]MHz,', 'amountOfCarriers=[1]']
958['pathId=[dlpath8],', 'carrierIBW=[20]MHz,', 'amountOfCarriers=[1]']
959['3,', '=[1],', '[55.00]', '[1.00]carrier', '[1.00],', '[20]']
959['3,', '=[1],', '[55.00]', '[1.00]carrier', '[1.00],', '[20]']
959['3,', '=[1],', '[55.00]', '[1.00]carrier', '[1.00],', '[20]']
959['3,', '=[1],', '[55.00]', '[1.00]carrier', '[1.00],', '[20]']
960['voltage=[44.00]', 'paPsuId=[1],', 'boost=[1.00]', '=[true]']
961['paPsuId=[1]', 'voltage=[44.00]']
953['ExcessHR=6.00[dB]', 'pPeak=50.20[dBm],', 'pMean=40.00[dBm],', 'dB=10.20[dB]PARExpansion', 'dB=0.00,', 'dB=7.40[dB],', 'dBm=47.40[dBm]', 'LTE=10.20[dB]', 'excessHROffset=0.00[dB]']
954['c0=54.00,', 'c2=0.00,', 'c0a=1.00', 'c0b=0.00,', 'c2a=0.00,', 'c2b=0.00,', 'nom=54.00[V]']
955['frequencySumMHz=-1798967296', 'frequencySumMHz=-1798967296', 'Freq=1.00,', 'MHz=0.00']
956['value=[148.41]', 'Temp=[1.017540]', 'tcp=[1.000000]', 'Vdd=[44.00],']
957['dfeStreamId=0,', 'carrierCenterFrequency=2496[MHz],', 'bandwidth=20[MHz],', 'beginOfCarrierFrequency=2486[MHz],', 'endOfCarrierFrequency=2506[MHz]']
957['dfeStreamId=2,', 'carrierCenterFrequency=2496[MHz],', 'bandwidth=20[MHz],', 'beginOfCarrierFrequency=2486[MHz],', 'endOfCarrierFrequency=2506[MHz]']
957['dfeStreamId=4,', 'carrierCenterFrequency=2496[MHz],', 'bandwidth=20[MHz],', 'beginOfCarrierFrequency=2486[MHz],', 'endOfCarrierFrequency=2506[MHz]']
957['dfeStreamId=6,', 'carrierCenterFrequency=2496[MHz],', 'bandwidth=20[MHz],', 'beginOfCarrierFrequency=2486[MHz],', 'endOfCarrierFrequency=2506[MHz]']
958['pathId=[dlpath5],', 'carrierIBW=[20]MHz,', 'amountOfCarriers=[1]']
958['pathId=[dlpath6],', 'carrierIBW=[20]MHz,', 'amountOfCarriers=[1]']
958['pathId=[dlpath7],', 'carrierIBW=[20]MHz,', 'amountOfCarriers=[1]']
958['pathId=[dlpath8],', 'carrierIBW=[20]MHz,', 'amountOfCarriers=[1]']
959['3,', '=[1],', '[55.00]', '[1.00]carrier', '[1.00],', '[20]']
959['3,', '=[1],', '[55.00]', '[1.00]carrier', '[1.00],', '[20]']
959['3,', '=[1],', '[55.00]', '[1.00]carrier', '[1.00],', '[20]']
959['3,', '=[1],', '[55.00]', '[1.00]carrier', '[1.00],', '[20]']
960['voltage=[44.00]', 'paPsuId=[1],', 'boost=[1.00]', '=[true]']
961['paPsuId=[1]', 'voltage=[44.00]']
962['paPsuId=[1]', 'voltage=[44.00]', 'V=[44.00]', 'maxVoltage=[54.00]', 'V=[54.00]', 'ovpThreshold=[0.00]', 'ocpThreshold=[0.00]']
