945['Band={2496.00', '2690.00}', 'mV=[48000],', 'mV=[54000],', 'mV=[44000],', 'c0=[1.00],', 'c0a=[0.00],', 'c0b=[14.00],', 'c1=[0.00],', 'c2a=[0.00],', 'c2b=[0.00],', 'MHz=[5.0000],', 'MHz=[-0.00],', 'softness=[0.00],', 'C=[45.0000],', 'C=[0.1000],', 'C=[53.40],', 'alpha=[7.40],', 'dBm=[10.20],', 'dB=[0.00],par', 'dB=[0.00],', 'dB=[-nan],', 'dB=[0.00]']
946['path=[dlpath5]', 'Band={2496.00', '2690.00}Vdd', 'mV=[44000]']
947['MadeDvmConfiguration', 'saved', 'pathId=[dlpath5]']
945['Band={2496.00', '2690.00}', 'mV=[48000],', 'mV=[54000],', 'mV=[44000],', 'c0=[1.00],', 'c0a=[0.00],', 'c0b=[14.00],', 'c1=[0.00],', 'c2a=[0.00],', 'c2b=[0.00],', 'MHz=[5.0000],', 'MHz=[-0.00],', 'softness=[0.00],', 'C=[45.0000],', 'C=[0.1000],', 'C=[53.40],', 'alpha=[7.40],', 'dBm=[10.20],', 'dB=[0.00],par', 'dB=[0.00],', 'dB=[0.00],', 'dB=[0.00]']
946['path=[dlpath6]', 'Band={2496.00', '2690.00}Vdd', 'mV=[46000]']
947['MadeDvmConfiguration', 'saved', 'pathId=[dlpath6]']
945['Band={2496.00', '2690.00}', 'mV=[48000],', 'mV=[54000],', 'mV=[44000],', 'c0=[1.00],', 'c0a=[0.00],', 'c0b=[14.00],', 'c1=[0.00],', 'c2a=[0.00],', 'c2b=[0.00],', 'MHz=[5.0000],', 'MHz=[-0.00],', 'softness=[0.00],', 'C=[45.0000],', 'C=[0.1000],', 'C=[53.40],', 'alpha=[7.40],', 'dBm=[10.20],', 'dB=[0.00],par', 'dB=[0.00],', 'dB=[0.00],', 'dB=[0.00]']
946['path=[dlpath7]', 'Band={2496.00', '2690.00}Vdd', 'mV=[45000]']
947['MadeDvmConfiguration', 'saved', 'pathId=[dlpath7]']
945['Band={2496.00', '2690.00}', 'mV=[48000],', 'mV=[54000],', 'mV=[44000],', 'c0=[1.00],', 'c0a=[0.00],', 'c0b=[14.00],', 'c1=[0.00],', 'c2a=[0.00],', 'c2b=[0.00],', 'MHz=[5.0000],', 'MHz=[-0.00],', 'softness=[0.00],', 'C=[45.0000],', 'C=[0.1000],', 'C=[53.40],', 'alpha=[7.40],', 'dBm=[10.20],', 'dB=[0.00],par', 'dB=[0.00],', 'dB=[0.00],', 'dB=[0.00]']
946['path=[dlpath8]', 'Band={2496.00', '2690.00}Vdd', 'mV=[54000]']
947['MadeDvmConfiguration', 'saved', 'pathId=[dlpath8]']
948['carrierFrequency:2688[MHz],', 'freqMin=2496.00[MHz],', 'freqMax=2690.00[MHz]']
949['paPsuId=[1],', 'biasId=[0],', 'Band{2496.000000', '2690.000000}']
950['carrierName=[carrier5],', 'antenna=[antenna5a]:', 'mV=[0],', 'mV=[54000],', 'mV=[44000],', 'c0=[1.00],', 'c0a=[0.00],c0b=[14.00],', 'c1=[0.00],', 'c2a=[0.00],', 'c2b=[0.00],', 'MHz=[5.0000],', 'MHz=[-0.00],', 'softness=[0.00],', 'C=[45.0000],', 'C=[0.1000],', 'C=[53.40],', 'alpha=[7.40],', 'dBm=[10.20],', 'dB=[0.00],', 'dB=[0.00],', 'dB=[0.00],', 'dB=[0.00]']
947['PARExpansion', 'dB=[0.00]', 'dfeStreamId=[0]']
948['carrierFrequency:2689[MHz],', 'freqMin=2496.00[MHz],', 'freqMax=2690.00[MHz]']
949['paPsuId=[1],', 'biasId=[2],', 'Band{2496.000000', '2690.000000}']
950['carrierName=[carrier6],', 'antenna=[antenna6a]:', 'mV=[0],', 'mV=[54000],', 'mV=[44000],', 'c0=[1.00],', 'c0a=[0.00],c0b=[14.00],', 'c1=[0.00],', 'c2a=[0.00],', 'c2b=[0.00],', 'MHz=[5.0000],', 'MHz=[-0.00],', 'softness=[0.00],', 'C=[45.0000],', 'C=[0.1000],', 'C=[53.40],', 'alpha=[7.40],', 'dBm=[10.20],', 'dB=[0.00],', 'dB=[0.00],', 'dB=[0.00],', 'dB=[0.00]']
947['PARExpansion', 'dB=[0.00]', 'dfeStreamId=[2]']
948['carrierFrequency:2690[MHz],', 'freqMin=2496.00[MHz],', 'freqMax=2690.00[MHz]']
949['paPsuId=[1],', 'biasId=[3],', 'Band{2496.000000', '2690.000000}']
950['carrierName=[carrier7],', 'antenna=[antenna7a]:', 'mV=[0],', 'mV=[54000],', 'mV=[44000],', 'c0=[1.00],', 'c0a=[0.00],c0b=[14.00],', 'c1=[0.00],', 'c2a=[0.00],', 'c2b=[0.00],', 'MHz=[5.0000],', 'MHz=[-0.00],', 'softness=[0.00],', 'C=[45.0000],', 'C=[0.1000],', 'C=[53.40],', 'alpha=[7.40],', 'dBm=[10.20],', 'dB=[0.00],', 'dB=[0.00],', 'dB=[0.00],', 'dB=[0.00]']
947['PARExpansion', 'dB=[0.00]', 'dfeStreamId=[4]']
963['Frequency=2691000000[Hz]']
964['freqMin=2496.00[MHz],', 'freqMax=2690.00[MHz]']
