573['Band={2496.00', '2690.00}', 'mV=[48000],', 'mV=[54000],', 'mV=[44000],', 'c0=[1.00],', 'c0a=[0.00],', 'c0b=[14.00],', 'c1=[0.00],', 'c2a=[0.00],', 'c2b=[0.00],', 'MHz=[5.0000],', 'MHz=[-0.00],', 'softness=[0.00],', 'C=[45.0000],', 'C=[0.1000],', 'C=[53.40],', 'alpha=[7.40],', 'dBm=[10.20],', 'dB=[0.00],par', 'dB=[0.00],', 'dB=[0.00],', 'dB=[0.00]']
574['path=[dlpath5]', 'Band={2496.00', '2690.00}Vdd', 'mV=[44000]']
575['MadeDvmConfiguration', 'saved', 'pathId=[dlpath5]']
573['Band={2496.00', '2690.00}', 'mV=[48000],', 'mV=[54000],', 'mV=[44000],', 'c0=[1.00],', 'c0a=[0.00],', 'c0b=[14.00],', 'c1=[0.00],', 'c2a=[0.00],', 'c2b=[0.00],', 'MHz=[5.0000],', 'MHz=[-0.00],', 'softness=[0.00],', 'C=[45.0000],', 'C=[0.1000],', 'C=[53.40],', 'alpha=[7.40],', 'dBm=[10.20],', 'dB=[0.00],par', 'dB=[0.00],', 'dB=[0.00],', 'dB=[0.00]']
574['path=[dlpath6]', 'Band={2496.00', '2690.00}Vdd', 'mV=[46000]']
575['MadeDvmConfiguration', 'saved', 'pathId=[dlpath6]']
573['Band={2496.00', '2690.00}', 'mV=[48000],', 'mV=[54000],', 'mV=[44000],', 'c0=[1.00],', 'c0a=[0.00],', 'c0b=[14.00],', 'c1=[0.00],', 'c2a=[0.00],', 'c2b=[0.00],', 'MHz=[5.0000],', 'MHz=[-0.00],', 'softness=[0.00],', 'C=[45.0000],', 'C=[0.1000],', 'C=[53.40],', 'alpha=[7.40],', 'dBm=[10.20],', 'dB=[0.00],par', 'dB=[0.00],', 'dB=[0.00],', 'dB=[0.00]']
574['path=[dlpath7]', 'Band={2496.00', '2690.00}Vdd', 'mV=[45000]']
575['MadeDvmConfiguration', 'saved', 'pathId=[dlpath7]']
573['Band={2496.00', '2690.00}', 'mV=[48000],', 'mV=[54000],', 'mV=[44000],', 'c0=[1.00],', 'c0a=[0.00],', 'c0b=[14.00],', 'c1=[0.00],', 'c2a=[0.00],', 'c2b=[0.00],', 'MHz=[5.0000],', 'MHz=[-0.00],', 'softness=[0.00],', 'C=[45.0000],', 'C=[0.1000],', 'C=[53.40],', 'alpha=[7.40],', 'dBm=[10.20],', 'dB=[0.00],par', 'dB=[0.00],', 'dB=[0.00],', 'dB=[0.00]']
574['path=[dlpath8]', 'Band={2496.00', '2690.00}Vdd', 'mV=[54000]']
575['MadeDvmConfiguration', 'saved', 'pathId=[dlpath8]']
576['carrierFrequency:2496[MHz],', 'freqMin=2496.00[MHz],', 'freqMax=2690.00[MHz]']
577['paPsuId=[1],', 'biasId=[2],', 'Band{2496.000000', '2690.000000}']
578['carrierName=[carrier5],', 'antenna=[antenna6a]:', 'mV=[0],', 'mV=[54000],', 'mV=[44000],', 'c0=[1.00],', 'c0a=[0.00],c0b=[14.00],', 'c1=[0.00],', 'c2a=[0.00],', 'c2b=[0.00],', 'MHz=[5.0000],', 'MHz=[-0.00],', 'softness=[0.00],', 'C=[45.0000],', 'C=[0.1000],', 'C=[53.40],', 'alpha=[7.40],', 'dBm=[10.20],', 'dB=[0.00],', 'dB=[0.00],', 'dB=[0.00],', 'dB=[0.00]']
575['PARExpansion', 'dB=[0.00]', 'dfeStreamId=[2]']
576['carrierFrequency:2496[MHz],', 'freqMin=2496.00[MHz],', 'freqMax=2690.00[MHz]']
577['paPsuId=[1],', 'biasId=[3],', 'Band{2496.000000', '2690.000000}']
578['carrierName=[carrier6],', 'antenna=[antenna7a]:', 'mV=[0],', 'mV=[54000],', 'mV=[44000],', 'c0=[1.00],', 'c0a=[0.00],c0b=[14.00],', 'c1=[0.00],', 'c2a=[0.00],', 'c2b=[0.00],', 'MHz=[5.0000],', 'MHz=[-0.00],', 'softness=[0.00],', 'C=[45.0000],', 'C=[0.1000],', 'C=[53.40],', 'alpha=[7.40],', 'dBm=[10.20],', 'dB=[0.00],', 'dB=[0.00],', 'dB=[0.00],', 'dB=[0.00]']
575['PARExpansion', 'dB=[0.00]', 'dfeStreamId=[4]']
576['carrierFrequency:2496[MHz],', 'freqMin=2496.00[MHz],', 'freqMax=2690.00[MHz]']
577['paPsuId=[1],', 'biasId=[4],', 'Band{2496.000000', '2690.000000}']
578['carrierName=[carrier7],', 'antenna=[antenna8a]:', 'mV=[0],', 'mV=[54000],', 'mV=[44000],', 'c0=[1.00],', 'c0a=[0.00],c0b=[14.00],', 'c1=[0.00],', 'c2a=[0.00],', 'c2b=[0.00],', 'MHz=[5.0000],', 'MHz=[-0.00],', 'softness=[0.00],', 'C=[45.0000],', 'C=[0.1000],', 'C=[53.40],', 'alpha=[7.40],', 'dBm=[10.20],', 'dB=[0.00],', 'dB=[0.00],', 'dB=[0.00],', 'dB=[0.00]']
575['PARExpansion', 'dB=[0.00]', 'dfeStreamId=[6]']
595[]
