945['Band={2496.00', '2690.00}', 'mV=[48000],', 'mV=[54000],', 'mV=[44000],', 'c0=[1.00],', 'c0a=[0.00],', 'c0b=[14.00],', 'c1=[0.00],', 'c2a=[0.00],', 'c2b=[0.00],', 'MHz=[5.0000],', 'MHz=[-0.00],', 'softness=[0.00],', 'C=[45.0000],', 'C=[0.1000],', 'C=[53.40],', 'alpha=[7.40],', 'dBm=[10.20],', 'dB=[0.00],par', 'dB=[0.00],', 'dB=[0.00],', 'dB=[0.00]']
946['path=[dlpath1]', 'Band={2496.00', '2690.00}Vdd', 'mV=[44000]']
947['MadeDvmConfiguration', 'saved', 'pathId=[dlpath1]']
945['Band={2496.00', '2690.00}', 'mV=[48000],', 'mV=[54000],', 'mV=[44000],', 'c0=[1.00],', 'c0a=[0.00],', 'c0b=[14.00],', 'c1=[0.00],', 'c2a=[0.00],', 'c2b=[0.00],', 'MHz=[5.0000],', 'MHz=[-0.00],', 'softness=[0.00],', 'C=[45.0000],', 'C=[0.1000],', 'C=[53.40],', 'alpha=[7.40],', 'dBm=[10.20],', 'dB=[0.00],par', 'dB=[0.00],', 'dB=[0.00],', 'dB=[0.00]']
946['path=[dlpath2]', 'Band={2496.00', '2690.00}Vdd', 'mV=[46000]']
947['MadeDvmConfiguration', 'saved', 'pathId=[dlpath2]']
945['Band={2496.00', '2690.00}', 'mV=[48000],', 'mV=[54000],', 'mV=[44000],', 'c0=[1.00],', 'c0a=[0.00],', 'c0b=[14.00],', 'c1=[0.00],', 'c2a=[0.00],', 'c2b=[0.00],', 'MHz=[5.0000],', 'MHz=[-0.00],', 'softness=[0.00],', 'C=[45.0000],', 'C=[0.1000],', 'C=[53.40],', 'alpha=[7.40],', 'dBm=[10.20],', 'dB=[0.00],par', 'dB=[0.00],', 'dB=[0.00],', 'dB=[0.00]']
946['path=[dlpath3]', 'Band={2496.00', '2690.00}Vdd', 'mV=[45000]']
947['MadeDvmConfiguration', 'saved', 'pathId=[dlpath3]']
945['Band={2496.00', '2690.00}', 'mV=[48000],', 'mV=[54000],', 'mV=[44000],', 'c0=[1.00],', 'c0a=[0.00],', 'c0b=[14.00],', 'c1=[0.00],', 'c2a=[0.00],', 'c2b=[0.00],', 'MHz=[5.0000],', 'MHz=[-0.00],', 'softness=[0.00],', 'C=[45.0000],', 'C=[0.1000],', 'C=[53.40],', 'alpha=[7.40],', 'dBm=[10.20],', 'dB=[0.00],par', 'dB=[0.00],', 'dB=[0.00],', 'dB=[0.00]']
946['path=[dlpath4]', 'Band={2496.00', '2690.00}Vdd', 'mV=[54000]']
947['MadeDvmConfiguration', 'saved', 'pathId=[dlpath4]']
948['carrierFrequency:2496[MHz],', 'freqMin=2496.00[MHz],', 'freqMax=2690.00[MHz]']
949['paPsuId=[0],', 'biasId=[0],', 'Band{2496.000000', '2690.000000}']
950['carrierName=[carrier1],', 'antenna=[antenna1a]:', 'mV=[0],', 'mV=[54000],', 'mV=[44000],', 'c0=[1.00],', 'c0a=[0.00],c0b=[14.00],', 'c1=[0.00],', 'c2a=[0.00],', 'c2b=[0.00],', 'MHz=[5.0000],', 'MHz=[-0.00],', 'softness=[0.00],', 'C=[45.0000],', 'C=[0.1000],', 'C=[53.40],', 'alpha=[7.40],', 'dBm=[10.20],', 'dB=[0.00],', 'dB=[0.00],', 'dB=[0.00],', 'dB=[0.00]']
947['PARExpansion', 'dB=[0.00]', 'dfeStreamId=[0]']
948['carrierFrequency:2496[MHz],', 'freqMin=2496.00[MHz],', 'freqMax=2690.00[MHz]']
949['paPsuId=[0],', 'biasId=[2],', 'Band{2496.000000', '2690.000000}']
950['carrierName=[carrier2],', 'antenna=[antenna2a]:', 'mV=[0],', 'mV=[54000],', 'mV=[44000],', 'c0=[1.00],', 'c0a=[0.00],c0b=[14.00],', 'c1=[0.00],', 'c2a=[0.00],', 'c2b=[0.00],', 'MHz=[5.0000],', 'MHz=[-0.00],', 'softness=[0.00],', 'C=[45.0000],', 'C=[0.1000],', 'C=[53.40],', 'alpha=[7.40],', 'dBm=[10.20],', 'dB=[0.00],', 'dB=[0.00],', 'dB=[0.00],', 'dB=[0.00]']
947['PARExpansion', 'dB=[0.00]', 'dfeStreamId=[2]']
948['carrierFrequency:2496[MHz],', 'freqMin=2496.00[MHz],', 'freqMax=2690.00[MHz]']
949['paPsuId=[0],', 'biasId=[3],', 'Band{2496.000000', '2690.000000}']
950['carrierName=[carrier3],', 'antenna=[antenna3a]:', 'mV=[0],', 'mV=[54000],', 'mV=[44000],', 'c0=[1.00],', 'c0a=[0.00],c0b=[14.00],', 'c1=[0.00],', 'c2a=[0.00],', 'c2b=[0.00],', 'MHz=[5.0000],', 'MHz=[-0.00],', 'softness=[0.00],', 'C=[45.0000],', 'C=[0.1000],', 'C=[53.40],', 'alpha=[7.40],', 'dBm=[10.20],', 'dB=[0.00],', 'dB=[0.00],', 'dB=[0.00],', 'dB=[0.00]']
947['PARExpansion', 'dB=[0.00]', 'dfeStreamId=[4]']
948['carrierFrequency:2496[MHz],', 'freqMin=2496.00[MHz],', 'freqMax=2690.00[MHz]']
949['paPsuId=[0],', 'biasId=[4],', 'Band{2496.000000', '2690.000000}']
950['carrierName=[carrier4],', 'antenna=[antenna4a]:', 'mV=[0],', 'mV=[54000],', 'mV=[44000],', 'c0=[1.00],', 'c0a=[0.00],c0b=[14.00],', 'c1=[0.00],', 'c2a=[0.00],', 'c2b=[0.00],', 'MHz=[5.0000],', 'MHz=[-0.00],', 'softness=[0.00],', 'C=[45.0000],', 'C=[0.1000],', 'C=[53.40],', 'alpha=[7.40],', 'dBm=[10.20],', 'dB=[0.00],', 'dB=[0.00],', 'dB=[0.00],', 'dB=[0.00]']
947['PARExpansion', 'dB=[0.00]', 'dfeStreamId=[6]']
951['0', 'antenna1a']
951['0', 'antenna2a']
951['0', 'antenna3a']
951['0', 'antenna4a']
952['0', 'dlpath1']
952['0', 'dlpath2']
952['0', 'dlpath3']
952['0', 'dlpath4']
