573['Band={2496.00', '2690.00}', 'mV=[48000],', 'mV=[54000],', 'mV=[44000],', 'c0=[1.00],', 'c0a=[0.00],', 'c0b=[14.00],', 'c1=[0.00],', 'c2a=[0.00],', 'c2b=[0.00],', 'MHz=[5.0000],', 'MHz=[-0.00],', 'softness=[0.00],', 'C=[45.0000],', 'C=[0.1000],', 'C=[53.40],', 'alpha=[7.40],', 'dBm=[10.20],', 'dB=[0.00],par', 'dB=[0.00],', 'dB=[0.00],', 'dB=[0.00]']
575['MadeDvmConfiguration', 'saved', 'pathId=[dlpath1]']
573['Band={2496.00', '2690.00}', 'mV=[48000],', 'mV=[54000],', 'mV=[44000],', 'c0=[1.00],', 'c0a=[0.00],', 'c0b=[14.00],', 'c1=[0.00],', 'c2a=[0.00],', 'c2b=[0.00],', 'MHz=[5.0000],', 'MHz=[-0.00],', 'softness=[0.00],', 'C=[45.0000],', 'C=[0.1000],', 'C=[53.40],', 'alpha=[7.40],', 'dBm=[10.20],', 'dB=[0.00],par', 'dB=[0.00],', 'dB=[0.00],', 'dB=[0.00]']
575['MadeDvmConfiguration', 'saved', 'pathId=[dlpath2]']
573['Band={2496.00', '2690.00}', 'mV=[48000],', 'mV=[54000],', 'mV=[44000],', 'c0=[1.00],', 'c0a=[0.00],', 'c0b=[14.00],', 'c1=[0.00],', 'c2a=[0.00],', 'c2b=[0.00],', 'MHz=[5.0000],', 'MHz=[-0.00],', 'softness=[0.00],', 'C=[45.0000],', 'C=[0.1000],', 'C=[53.40],', 'alpha=[7.40],', 'dBm=[10.20],', 'dB=[0.00],par', 'dB=[0.00],', 'dB=[0.00],', 'dB=[0.00]']
575['MadeDvmConfiguration', 'saved', 'pathId=[dlpath3]']
573['Band={2496.00', '2690.00}', 'mV=[48000],', 'mV=[54000],', 'mV=[44000],', 'c0=[1.00],', 'c0a=[0.00],', 'c0b=[14.00],', 'c1=[0.00],', 'c2a=[0.00],', 'c2b=[0.00],', 'MHz=[5.0000],', 'MHz=[-0.00],', 'softness=[0.00],', 'C=[45.0000],', 'C=[0.1000],', 'C=[53.40],', 'alpha=[7.40],', 'dBm=[10.20],', 'dB=[0.00],par', 'dB=[0.00],', 'dB=[0.00],', 'dB=[0.00]']
575['MadeDvmConfiguration', 'saved', 'pathId=[dlpath4]']
576['carrierFrequency:2506[MHz],', 'freqMin=2496.00[MHz],', 'freqMax=2690.00[MHz]']
577['paPsuId=[0],', 'biasId=[0],', 'Band{2496.000000', '2690.000000}']
596['carrierName=[TxCarrier1', '1],', 'antenna=[antenna1a]:', 'mV=[0],', 'mV=[54000],', 'mV=[44000],', 'c0=[1.00],', 'c0a=[0.00],c0b=[14.00],', 'c1=[0.00],', 'c2a=[0.00],', 'c2b=[0.00],', 'MHz=[5.0000],', 'MHz=[-0.00],', 'softness=[0.00],', 'C=[45.0000],', 'C=[0.1000],', 'C=[53.40],', 'alpha=[7.40],', 'dBm=[10.20],', 'dB=[0.00],', 'dB=[0.00],', 'dB=[0.00],', 'dB=[0.00]']
575['PARExpansion', 'dB=[0.00]', 'dfeStreamId=[0]']
576['carrierFrequency:2506[MHz],', 'freqMin=2496.00[MHz],', 'freqMax=2690.00[MHz]']
577['paPsuId=[0],', 'biasId=[2],', 'Band{2496.000000', '2690.000000}']
596['carrierName=[TxCarrier1', '2],', 'antenna=[antenna2a]:', 'mV=[0],', 'mV=[54000],', 'mV=[44000],', 'c0=[1.00],', 'c0a=[0.00],c0b=[14.00],', 'c1=[0.00],', 'c2a=[0.00],', 'c2b=[0.00],', 'MHz=[5.0000],', 'MHz=[-0.00],', 'softness=[0.00],', 'C=[45.0000],', 'C=[0.1000],', 'C=[53.40],', 'alpha=[7.40],', 'dBm=[10.20],', 'dB=[0.00],', 'dB=[0.00],', 'dB=[0.00],', 'dB=[0.00]']
575['PARExpansion', 'dB=[0.00]', 'dfeStreamId=[2]']
576['carrierFrequency:2506[MHz],', 'freqMin=2496.00[MHz],', 'freqMax=2690.00[MHz]']
577['paPsuId=[0],', 'biasId=[3],', 'Band{2496.000000', '2690.000000}']
596['carrierName=[TxCarrier1', '3],', 'antenna=[antenna3a]:', 'mV=[0],', 'mV=[54000],', 'mV=[44000],', 'c0=[1.00],', 'c0a=[0.00],c0b=[14.00],', 'c1=[0.00],', 'c2a=[0.00],', 'c2b=[0.00],', 'MHz=[5.0000],', 'MHz=[-0.00],', 'softness=[0.00],', 'C=[45.0000],', 'C=[0.1000],', 'C=[53.40],', 'alpha=[7.40],', 'dBm=[10.20],', 'dB=[0.00],', 'dB=[0.00],', 'dB=[0.00],', 'dB=[0.00]']
575['PARExpansion', 'dB=[0.00]', 'dfeStreamId=[4]']
576['carrierFrequency:2506[MHz],', 'freqMin=2496.00[MHz],', 'freqMax=2690.00[MHz]']
577['paPsuId=[0],', 'biasId=[4],', 'Band{2496.000000', '2690.000000}']
596['carrierName=[TxCarrier1', '4],', 'antenna=[antenna4a]:', 'mV=[0],', 'mV=[54000],', 'mV=[44000],', 'c0=[1.00],', 'c0a=[0.00],c0b=[14.00],', 'c1=[0.00],', 'c2a=[0.00],', 'c2b=[0.00],', 'MHz=[5.0000],', 'MHz=[-0.00],', 'softness=[0.00],', 'C=[45.0000],', 'C=[0.1000],', 'C=[53.40],', 'alpha=[7.40],', 'dBm=[10.20],', 'dB=[0.00],', 'dB=[0.00],', 'dB=[0.00],', 'dB=[0.00]']
575['PARExpansion', 'dB=[0.00]', 'dfeStreamId=[6]']
576['carrierFrequency:2528[MHz],', 'freqMin=2496.00[MHz],', 'freqMax=2690.00[MHz]']
577['paPsuId=[0],', 'biasId=[0],', 'Band{2496.000000', '2690.000000}']
596['carrierName=[TxCarrier2', '1],', 'antenna=[antenna1a]:', 'mV=[0],', 'mV=[54000],', 'mV=[44000],', 'c0=[1.00],', 'c0a=[0.00],c0b=[14.00],', 'c1=[0.00],', 'c2a=[0.00],', 'c2b=[0.00],', 'MHz=[5.0000],', 'MHz=[-0.00],', 'softness=[0.00],', 'C=[45.0000],', 'C=[0.1000],', 'C=[53.40],', 'alpha=[7.40],', 'dBm=[10.20],', 'dB=[0.00],', 'dB=[0.00],', 'dB=[0.00],', 'dB=[0.00]']
575['PARExpansion', 'dB=[0.00]', 'dfeStreamId=[0]']
576['carrierFrequency:2528[MHz],', 'freqMin=2496.00[MHz],', 'freqMax=2690.00[MHz]']
577['paPsuId=[0],', 'biasId=[2],', 'Band{2496.000000', '2690.000000}']
596['carrierName=[TxCarrier2', '2],', 'antenna=[antenna2a]:', 'mV=[0],', 'mV=[54000],', 'mV=[44000],', 'c0=[1.00],', 'c0a=[0.00],c0b=[14.00],', 'c1=[0.00],', 'c2a=[0.00],', 'c2b=[0.00],', 'MHz=[5.0000],', 'MHz=[-0.00],', 'softness=[0.00],', 'C=[45.0000],', 'C=[0.1000],', 'C=[53.40],', 'alpha=[7.40],', 'dBm=[10.20],', 'dB=[0.00],', 'dB=[0.00],', 'dB=[0.00],', 'dB=[0.00]']
575['PARExpansion', 'dB=[0.00]', 'dfeStreamId=[2]']
576['carrierFrequency:2528[MHz],', 'freqMin=2496.00[MHz],', 'freqMax=2690.00[MHz]']
577['paPsuId=[0],', 'biasId=[3],', 'Band{2496.000000', '2690.000000}']
596['carrierName=[TxCarrier2', '3],', 'antenna=[antenna3a]:', 'mV=[0],', 'mV=[54000],', 'mV=[44000],', 'c0=[1.00],', 'c0a=[0.00],c0b=[14.00],', 'c1=[0.00],', 'c2a=[0.00],', 'c2b=[0.00],', 'MHz=[5.0000],', 'MHz=[-0.00],', 'softness=[0.00],', 'C=[45.0000],', 'C=[0.1000],', 'C=[53.40],', 'alpha=[7.40],', 'dBm=[10.20],', 'dB=[0.00],', 'dB=[0.00],', 'dB=[0.00],', 'dB=[0.00]']
575['PARExpansion', 'dB=[0.00]', 'dfeStreamId=[4]']
576['carrierFrequency:2528[MHz],', 'freqMin=2496.00[MHz],', 'freqMax=2690.00[MHz]']
577['paPsuId=[0],', 'biasId=[4],', 'Band{2496.000000', '2690.000000}']
596['carrierName=[TxCarrier2', '4],', 'antenna=[antenna4a]:', 'mV=[0],', 'mV=[54000],', 'mV=[44000],', 'c0=[1.00],', 'c0a=[0.00],c0b=[14.00],', 'c1=[0.00],', 'c2a=[0.00],', 'c2b=[0.00],', 'MHz=[5.0000],', 'MHz=[-0.00],', 'softness=[0.00],', 'C=[45.0000],', 'C=[0.1000],', 'C=[53.40],', 'alpha=[7.40],', 'dBm=[10.20],', 'dB=[0.00],', 'dB=[0.00],', 'dB=[0.00],', 'dB=[0.00]']
575['PARExpansion', 'dB=[0.00]', 'dfeStreamId=[6]']
576['carrierFrequency:2553[MHz],', 'freqMin=2496.00[MHz],', 'freqMax=2690.00[MHz]']
577['paPsuId=[0],', 'biasId=[0],', 'Band{2496.000000', '2690.000000}']
596['carrierName=[TxCarrier3', '1],', 'antenna=[antenna1a]:', 'mV=[0],', 'mV=[54000],', 'mV=[44000],', 'c0=[1.00],', 'c0a=[0.00],c0b=[14.00],', 'c1=[0.00],', 'c2a=[0.00],', 'c2b=[0.00],', 'MHz=[5.0000],', 'MHz=[-0.00],', 'softness=[0.00],', 'C=[45.0000],', 'C=[0.1000],', 'C=[53.40],', 'alpha=[7.40],', 'dBm=[10.20],', 'dB=[0.00],', 'dB=[0.00],', 'dB=[0.00],', 'dB=[0.00]']
575['PARExpansion', 'dB=[0.00]', 'dfeStreamId=[0]']
576['carrierFrequency:2553[MHz],', 'freqMin=2496.00[MHz],', 'freqMax=2690.00[MHz]']
577['paPsuId=[0],', 'biasId=[2],', 'Band{2496.000000', '2690.000000}']
596['carrierName=[TxCarrier3', '2],', 'antenna=[antenna2a]:', 'mV=[0],', 'mV=[54000],', 'mV=[44000],', 'c0=[1.00],', 'c0a=[0.00],c0b=[14.00],', 'c1=[0.00],', 'c2a=[0.00],', 'c2b=[0.00],', 'MHz=[5.0000],', 'MHz=[-0.00],', 'softness=[0.00],', 'C=[45.0000],', 'C=[0.1000],', 'C=[53.40],', 'alpha=[7.40],', 'dBm=[10.20],', 'dB=[0.00],', 'dB=[0.00],', 'dB=[0.00],', 'dB=[0.00]']
575['PARExpansion', 'dB=[0.00]', 'dfeStreamId=[2]']
576['carrierFrequency:2553[MHz],', 'freqMin=2496.00[MHz],', 'freqMax=2690.00[MHz]']
577['paPsuId=[0],', 'biasId=[3],', 'Band{2496.000000', '2690.000000}']
596['carrierName=[TxCarrier3', '3],', 'antenna=[antenna3a]:', 'mV=[0],', 'mV=[54000],', 'mV=[44000],', 'c0=[1.00],', 'c0a=[0.00],c0b=[14.00],', 'c1=[0.00],', 'c2a=[0.00],', 'c2b=[0.00],', 'MHz=[5.0000],', 'MHz=[-0.00],', 'softness=[0.00],', 'C=[45.0000],', 'C=[0.1000],', 'C=[53.40],', 'alpha=[7.40],', 'dBm=[10.20],', 'dB=[0.00],', 'dB=[0.00],', 'dB=[0.00],', 'dB=[0.00]']
575['PARExpansion', 'dB=[0.00]', 'dfeStreamId=[4]']
576['carrierFrequency:2553[MHz],', 'freqMin=2496.00[MHz],', 'freqMax=2690.00[MHz]']
577['paPsuId=[0],', 'biasId=[4],', 'Band{2496.000000', '2690.000000}']
596['carrierName=[TxCarrier3', '4],', 'antenna=[antenna4a]:', 'mV=[0],', 'mV=[54000],', 'mV=[44000],', 'c0=[1.00],', 'c0a=[0.00],c0b=[14.00],', 'c1=[0.00],', 'c2a=[0.00],', 'c2b=[0.00],', 'MHz=[5.0000],', 'MHz=[-0.00],', 'softness=[0.00],', 'C=[45.0000],', 'C=[0.1000],', 'C=[53.40],', 'alpha=[7.40],', 'dBm=[10.20],', 'dB=[0.00],', 'dB=[0.00],', 'dB=[0.00],', 'dB=[0.00]']
575['PARExpansion', 'dB=[0.00]', 'dfeStreamId=[6]']
576['carrierFrequency:2586[MHz],', 'freqMin=2496.00[MHz],', 'freqMax=2690.00[MHz]']
577['paPsuId=[0],', 'biasId=[0],', 'Band{2496.000000', '2690.000000}']
596['carrierName=[TxCarrier4', '1],', 'antenna=[antenna1a]:', 'mV=[0],', 'mV=[54000],', 'mV=[44000],', 'c0=[1.00],', 'c0a=[0.00],c0b=[14.00],', 'c1=[0.00],', 'c2a=[0.00],', 'c2b=[0.00],', 'MHz=[5.0000],', 'MHz=[-0.00],', 'softness=[0.00],', 'C=[45.0000],', 'C=[0.1000],', 'C=[53.40],', 'alpha=[7.40],', 'dBm=[10.20],', 'dB=[0.00],', 'dB=[0.00],', 'dB=[0.00],', 'dB=[0.00]']
575['PARExpansion', 'dB=[0.00]', 'dfeStreamId=[0]']
576['carrierFrequency:2586[MHz],', 'freqMin=2496.00[MHz],', 'freqMax=2690.00[MHz]']
577['paPsuId=[0],', 'biasId=[2],', 'Band{2496.000000', '2690.000000}']
596['carrierName=[TxCarrier4', '2],', 'antenna=[antenna2a]:', 'mV=[0],', 'mV=[54000],', 'mV=[44000],', 'c0=[1.00],', 'c0a=[0.00],c0b=[14.00],', 'c1=[0.00],', 'c2a=[0.00],', 'c2b=[0.00],', 'MHz=[5.0000],', 'MHz=[-0.00],', 'softness=[0.00],', 'C=[45.0000],', 'C=[0.1000],', 'C=[53.40],', 'alpha=[7.40],', 'dBm=[10.20],', 'dB=[0.00],', 'dB=[0.00],', 'dB=[0.00],', 'dB=[0.00]']
575['PARExpansion', 'dB=[0.00]', 'dfeStreamId=[2]']
576['carrierFrequency:2586[MHz],', 'freqMin=2496.00[MHz],', 'freqMax=2690.00[MHz]']
577['paPsuId=[0],', 'biasId=[3],', 'Band{2496.000000', '2690.000000}']
596['carrierName=[TxCarrier4', '3],', 'antenna=[antenna3a]:', 'mV=[0],', 'mV=[54000],', 'mV=[44000],', 'c0=[1.00],', 'c0a=[0.00],c0b=[14.00],', 'c1=[0.00],', 'c2a=[0.00],', 'c2b=[0.00],', 'MHz=[5.0000],', 'MHz=[-0.00],', 'softness=[0.00],', 'C=[45.0000],', 'C=[0.1000],', 'C=[53.40],', 'alpha=[7.40],', 'dBm=[10.20],', 'dB=[0.00],', 'dB=[0.00],', 'dB=[0.00],', 'dB=[0.00]']
575['PARExpansion', 'dB=[0.00]', 'dfeStreamId=[4]']
576['carrierFrequency:2586[MHz],', 'freqMin=2496.00[MHz],', 'freqMax=2690.00[MHz]']
577['paPsuId=[0],', 'biasId=[4],', 'Band{2496.000000', '2690.000000}']
596['carrierName=[TxCarrier4', '4],', 'antenna=[antenna4a]:', 'mV=[0],', 'mV=[54000],', 'mV=[44000],', 'c0=[1.00],', 'c0a=[0.00],c0b=[14.00],', 'c1=[0.00],', 'c2a=[0.00],', 'c2b=[0.00],', 'MHz=[5.0000],', 'MHz=[-0.00],', 'softness=[0.00],', 'C=[45.0000],', 'C=[0.1000],', 'C=[53.40],', 'alpha=[7.40],', 'dBm=[10.20],', 'dB=[0.00],', 'dB=[0.00],', 'dB=[0.00],', 'dB=[0.00]']
575['PARExpansion', 'dB=[0.00]', 'dfeStreamId=[6]']
579['0', 'antenna1a']
579['0', 'antenna2a']
579['0', 'antenna3a']
579['0', 'antenna4a']
580['0', 'dlpath1']
580['0', 'dlpath2']
580['0', 'dlpath3']
580['0', 'dlpath4']
573['Band={2496.00', '2690.00}', 'mV=[48000],', 'mV=[54000],', 'mV=[44000],', 'c0=[1.00],', 'c0a=[0.00],', 'c0b=[14.00],', 'c1=[0.00],', 'c2a=[0.00],', 'c2b=[0.00],', 'MHz=[5.0000],', 'MHz=[-0.00],', 'softness=[0.00],', 'C=[45.0000],', 'C=[0.1000],', 'C=[53.40],', 'alpha=[7.40],', 'dBm=[10.20],', 'dB=[0.00],par', 'dB=[0.00],', 'dB=[0.00],', 'dB=[0.00]']
575['MadeDvmConfiguration', 'saved', 'pathId=[dlpath1]']
573['Band={2496.00', '2690.00}', 'mV=[48000],', 'mV=[54000],', 'mV=[44000],', 'c0=[1.00],', 'c0a=[0.00],', 'c0b=[14.00],', 'c1=[0.00],', 'c2a=[0.00],', 'c2b=[0.00],', 'MHz=[5.0000],', 'MHz=[-0.00],', 'softness=[0.00],', 'C=[45.0000],', 'C=[0.1000],', 'C=[53.40],', 'alpha=[7.40],', 'dBm=[10.20],', 'dB=[0.00],par', 'dB=[0.00],', 'dB=[0.00],', 'dB=[0.00]']
575['MadeDvmConfiguration', 'saved', 'pathId=[dlpath2]']
573['Band={2496.00', '2690.00}', 'mV=[48000],', 'mV=[54000],', 'mV=[44000],', 'c0=[1.00],', 'c0a=[0.00],', 'c0b=[14.00],', 'c1=[0.00],', 'c2a=[0.00],', 'c2b=[0.00],', 'MHz=[5.0000],', 'MHz=[-0.00],', 'softness=[0.00],', 'C=[45.0000],', 'C=[0.1000],', 'C=[53.40],', 'alpha=[7.40],', 'dBm=[10.20],', 'dB=[0.00],par', 'dB=[0.00],', 'dB=[0.00],', 'dB=[0.00]']
575['MadeDvmConfiguration', 'saved', 'pathId=[dlpath3]']
573['Band={2496.00', '2690.00}', 'mV=[48000],', 'mV=[54000],', 'mV=[44000],', 'c0=[1.00],', 'c0a=[0.00],', 'c0b=[14.00],', 'c1=[0.00],', 'c2a=[0.00],', 'c2b=[0.00],', 'MHz=[5.0000],', 'MHz=[-0.00],', 'softness=[0.00],', 'C=[45.0000],', 'C=[0.1000],', 'C=[53.40],', 'alpha=[7.40],', 'dBm=[10.20],', 'dB=[0.00],par', 'dB=[0.00],', 'dB=[0.00],', 'dB=[0.00]']
575['MadeDvmConfiguration', 'saved', 'pathId=[dlpath4]']
576['carrierFrequency:2506[MHz],', 'freqMin=2496.00[MHz],', 'freqMax=2690.00[MHz]']
577['paPsuId=[0],', 'biasId=[0],', 'Band{2496.000000', '2690.000000}']
596['carrierName=[TxCarrier1', '1],', 'antenna=[antenna1a]:', 'mV=[48000],', 'mV=[54000],', 'mV=[44000],', 'c0=[1.00],', 'c0a=[0.00],c0b=[14.00],', 'c1=[0.00],', 'c2a=[0.00],', 'c2b=[0.00],', 'MHz=[5.0000],', 'MHz=[-0.00],', 'softness=[0.00],', 'C=[45.0000],', 'C=[0.1000],', 'C=[53.40],', 'alpha=[7.40],', 'dBm=[10.20],', 'dB=[0.00],', 'dB=[0.00],', 'dB=[0.00],', 'dB=[0.00]']
575['PARExpansion', 'dB=[0.00]', 'dfeStreamId=[0]']
576['carrierFrequency:2506[MHz],', 'freqMin=2496.00[MHz],', 'freqMax=2690.00[MHz]']
577['paPsuId=[0],', 'biasId=[2],', 'Band{2496.000000', '2690.000000}']
596['carrierName=[TxCarrier1', '2],', 'antenna=[antenna2a]:', 'mV=[48000],', 'mV=[54000],', 'mV=[44000],', 'c0=[1.00],', 'c0a=[0.00],c0b=[14.00],', 'c1=[0.00],', 'c2a=[0.00],', 'c2b=[0.00],', 'MHz=[5.0000],', 'MHz=[-0.00],', 'softness=[0.00],', 'C=[45.0000],', 'C=[0.1000],', 'C=[53.40],', 'alpha=[7.40],', 'dBm=[10.20],', 'dB=[0.00],', 'dB=[0.00],', 'dB=[0.00],', 'dB=[0.00]']
575['PARExpansion', 'dB=[0.00]', 'dfeStreamId=[2]']
576['carrierFrequency:2506[MHz],', 'freqMin=2496.00[MHz],', 'freqMax=2690.00[MHz]']
577['paPsuId=[0],', 'biasId=[3],', 'Band{2496.000000', '2690.000000}']
596['carrierName=[TxCarrier1', '3],', 'antenna=[antenna3a]:', 'mV=[48000],', 'mV=[54000],', 'mV=[44000],', 'c0=[1.00],', 'c0a=[0.00],c0b=[14.00],', 'c1=[0.00],', 'c2a=[0.00],', 'c2b=[0.00],', 'MHz=[5.0000],', 'MHz=[-0.00],', 'softness=[0.00],', 'C=[45.0000],', 'C=[0.1000],', 'C=[53.40],', 'alpha=[7.40],', 'dBm=[10.20],', 'dB=[0.00],', 'dB=[0.00],', 'dB=[0.00],', 'dB=[0.00]']
575['PARExpansion', 'dB=[0.00]', 'dfeStreamId=[4]']
576['carrierFrequency:2506[MHz],', 'freqMin=2496.00[MHz],', 'freqMax=2690.00[MHz]']
577['paPsuId=[0],', 'biasId=[4],', 'Band{2496.000000', '2690.000000}']
596['carrierName=[TxCarrier1', '4],', 'antenna=[antenna4a]:', 'mV=[48000],', 'mV=[54000],', 'mV=[44000],', 'c0=[1.00],', 'c0a=[0.00],c0b=[14.00],', 'c1=[0.00],', 'c2a=[0.00],', 'c2b=[0.00],', 'MHz=[5.0000],', 'MHz=[-0.00],', 'softness=[0.00],', 'C=[45.0000],', 'C=[0.1000],', 'C=[53.40],', 'alpha=[7.40],', 'dBm=[10.20],', 'dB=[0.00],', 'dB=[0.00],', 'dB=[0.00],', 'dB=[0.00]']
575['PARExpansion', 'dB=[0.00]', 'dfeStreamId=[6]']
576['carrierFrequency:2528[MHz],', 'freqMin=2496.00[MHz],', 'freqMax=2690.00[MHz]']
577['paPsuId=[0],', 'biasId=[0],', 'Band{2496.000000', '2690.000000}']
596['carrierName=[TxCarrier2', '1],', 'antenna=[antenna1a]:', 'mV=[48000],', 'mV=[54000],', 'mV=[44000],', 'c0=[1.00],', 'c0a=[0.00],c0b=[14.00],', 'c1=[0.00],', 'c2a=[0.00],', 'c2b=[0.00],', 'MHz=[5.0000],', 'MHz=[-0.00],', 'softness=[0.00],', 'C=[45.0000],', 'C=[0.1000],', 'C=[53.40],', 'alpha=[7.40],', 'dBm=[10.20],', 'dB=[0.00],', 'dB=[0.00],', 'dB=[0.00],', 'dB=[0.00]']
575['PARExpansion', 'dB=[0.00]', 'dfeStreamId=[0]']
576['carrierFrequency:2528[MHz],', 'freqMin=2496.00[MHz],', 'freqMax=2690.00[MHz]']
577['paPsuId=[0],', 'biasId=[2],', 'Band{2496.000000', '2690.000000}']
596['carrierName=[TxCarrier2', '2],', 'antenna=[antenna2a]:', 'mV=[48000],', 'mV=[54000],', 'mV=[44000],', 'c0=[1.00],', 'c0a=[0.00],c0b=[14.00],', 'c1=[0.00],', 'c2a=[0.00],', 'c2b=[0.00],', 'MHz=[5.0000],', 'MHz=[-0.00],', 'softness=[0.00],', 'C=[45.0000],', 'C=[0.1000],', 'C=[53.40],', 'alpha=[7.40],', 'dBm=[10.20],', 'dB=[0.00],', 'dB=[0.00],', 'dB=[0.00],', 'dB=[0.00]']
575['PARExpansion', 'dB=[0.00]', 'dfeStreamId=[2]']
576['carrierFrequency:2528[MHz],', 'freqMin=2496.00[MHz],', 'freqMax=2690.00[MHz]']
577['paPsuId=[0],', 'biasId=[3],', 'Band{2496.000000', '2690.000000}']
596['carrierName=[TxCarrier2', '3],', 'antenna=[antenna3a]:', 'mV=[48000],', 'mV=[54000],', 'mV=[44000],', 'c0=[1.00],', 'c0a=[0.00],c0b=[14.00],', 'c1=[0.00],', 'c2a=[0.00],', 'c2b=[0.00],', 'MHz=[5.0000],', 'MHz=[-0.00],', 'softness=[0.00],', 'C=[45.0000],', 'C=[0.1000],', 'C=[53.40],', 'alpha=[7.40],', 'dBm=[10.20],', 'dB=[0.00],', 'dB=[0.00],', 'dB=[0.00],', 'dB=[0.00]']
575['PARExpansion', 'dB=[0.00]', 'dfeStreamId=[4]']
576['carrierFrequency:2528[MHz],', 'freqMin=2496.00[MHz],', 'freqMax=2690.00[MHz]']
577['paPsuId=[0],', 'biasId=[4],', 'Band{2496.000000', '2690.000000}']
596['carrierName=[TxCarrier2', '4],', 'antenna=[antenna4a]:', 'mV=[48000],', 'mV=[54000],', 'mV=[44000],', 'c0=[1.00],', 'c0a=[0.00],c0b=[14.00],', 'c1=[0.00],', 'c2a=[0.00],', 'c2b=[0.00],', 'MHz=[5.0000],', 'MHz=[-0.00],', 'softness=[0.00],', 'C=[45.0000],', 'C=[0.1000],', 'C=[53.40],', 'alpha=[7.40],', 'dBm=[10.20],', 'dB=[0.00],', 'dB=[0.00],', 'dB=[0.00],', 'dB=[0.00]']
575['PARExpansion', 'dB=[0.00]', 'dfeStreamId=[6]']
576['carrierFrequency:2553[MHz],', 'freqMin=2496.00[MHz],', 'freqMax=2690.00[MHz]']
577['paPsuId=[0],', 'biasId=[0],', 'Band{2496.000000', '2690.000000}']
596['carrierName=[TxCarrier3', '1],', 'antenna=[antenna1a]:', 'mV=[48000],', 'mV=[54000],', 'mV=[44000],', 'c0=[1.00],', 'c0a=[0.00],c0b=[14.00],', 'c1=[0.00],', 'c2a=[0.00],', 'c2b=[0.00],', 'MHz=[5.0000],', 'MHz=[-0.00],', 'softness=[0.00],', 'C=[45.0000],', 'C=[0.1000],', 'C=[53.40],', 'alpha=[7.40],', 'dBm=[10.20],', 'dB=[0.00],', 'dB=[0.00],', 'dB=[0.00],', 'dB=[0.00]']
575['PARExpansion', 'dB=[0.00]', 'dfeStreamId=[0]']
576['carrierFrequency:2553[MHz],', 'freqMin=2496.00[MHz],', 'freqMax=2690.00[MHz]']
577['paPsuId=[0],', 'biasId=[2],', 'Band{2496.000000', '2690.000000}']
596['carrierName=[TxCarrier3', '2],', 'antenna=[antenna2a]:', 'mV=[48000],', 'mV=[54000],', 'mV=[44000],', 'c0=[1.00],', 'c0a=[0.00],c0b=[14.00],', 'c1=[0.00],', 'c2a=[0.00],', 'c2b=[0.00],', 'MHz=[5.0000],', 'MHz=[-0.00],', 'softness=[0.00],', 'C=[45.0000],', 'C=[0.1000],', 'C=[53.40],', 'alpha=[7.40],', 'dBm=[10.20],', 'dB=[0.00],', 'dB=[0.00],', 'dB=[0.00],', 'dB=[0.00]']
575['PARExpansion', 'dB=[0.00]', 'dfeStreamId=[2]']
576['carrierFrequency:2553[MHz],', 'freqMin=2496.00[MHz],', 'freqMax=2690.00[MHz]']
577['paPsuId=[0],', 'biasId=[3],', 'Band{2496.000000', '2690.000000}']
596['carrierName=[TxCarrier3', '3],', 'antenna=[antenna3a]:', 'mV=[48000],', 'mV=[54000],', 'mV=[44000],', 'c0=[1.00],', 'c0a=[0.00],c0b=[14.00],', 'c1=[0.00],', 'c2a=[0.00],', 'c2b=[0.00],', 'MHz=[5.0000],', 'MHz=[-0.00],', 'softness=[0.00],', 'C=[45.0000],', 'C=[0.1000],', 'C=[53.40],', 'alpha=[7.40],', 'dBm=[10.20],', 'dB=[0.00],', 'dB=[0.00],', 'dB=[0.00],', 'dB=[0.00]']
575['PARExpansion', 'dB=[0.00]', 'dfeStreamId=[4]']
576['carrierFrequency:2553[MHz],', 'freqMin=2496.00[MHz],', 'freqMax=2690.00[MHz]']
577['paPsuId=[0],', 'biasId=[4],', 'Band{2496.000000', '2690.000000}']
596['carrierName=[TxCarrier3', '4],', 'antenna=[antenna4a]:', 'mV=[48000],', 'mV=[54000],', 'mV=[44000],', 'c0=[1.00],', 'c0a=[0.00],c0b=[14.00],', 'c1=[0.00],', 'c2a=[0.00],', 'c2b=[0.00],', 'MHz=[5.0000],', 'MHz=[-0.00],', 'softness=[0.00],', 'C=[45.0000],', 'C=[0.1000],', 'C=[53.40],', 'alpha=[7.40],', 'dBm=[10.20],', 'dB=[0.00],', 'dB=[0.00],', 'dB=[0.00],', 'dB=[0.00]']
575['PARExpansion', 'dB=[0.00]', 'dfeStreamId=[6]']
576['carrierFrequency:2586[MHz],', 'freqMin=2496.00[MHz],', 'freqMax=2690.00[MHz]']
577['paPsuId=[0],', 'biasId=[0],', 'Band{2496.000000', '2690.000000}']
596['carrierName=[TxCarrier4', '1],', 'antenna=[antenna1a]:', 'mV=[48000],', 'mV=[54000],', 'mV=[44000],', 'c0=[1.00],', 'c0a=[0.00],c0b=[14.00],', 'c1=[0.00],', 'c2a=[0.00],', 'c2b=[0.00],', 'MHz=[5.0000],', 'MHz=[-0.00],', 'softness=[0.00],', 'C=[45.0000],', 'C=[0.1000],', 'C=[53.40],', 'alpha=[7.40],', 'dBm=[10.20],', 'dB=[0.00],', 'dB=[0.00],', 'dB=[0.00],', 'dB=[0.00]']
575['PARExpansion', 'dB=[0.00]', 'dfeStreamId=[0]']
576['carrierFrequency:2586[MHz],', 'freqMin=2496.00[MHz],', 'freqMax=2690.00[MHz]']
577['paPsuId=[0],', 'biasId=[2],', 'Band{2496.000000', '2690.000000}']
596['carrierName=[TxCarrier4', '2],', 'antenna=[antenna2a]:', 'mV=[48000],', 'mV=[54000],', 'mV=[44000],', 'c0=[1.00],', 'c0a=[0.00],c0b=[14.00],', 'c1=[0.00],', 'c2a=[0.00],', 'c2b=[0.00],', 'MHz=[5.0000],', 'MHz=[-0.00],', 'softness=[0.00],', 'C=[45.0000],', 'C=[0.1000],', 'C=[53.40],', 'alpha=[7.40],', 'dBm=[10.20],', 'dB=[0.00],', 'dB=[0.00],', 'dB=[0.00],', 'dB=[0.00]']
575['PARExpansion', 'dB=[0.00]', 'dfeStreamId=[2]']
576['carrierFrequency:2586[MHz],', 'freqMin=2496.00[MHz],', 'freqMax=2690.00[MHz]']
577['paPsuId=[0],', 'biasId=[3],', 'Band{2496.000000', '2690.000000}']
596['carrierName=[TxCarrier4', '3],', 'antenna=[antenna3a]:', 'mV=[48000],', 'mV=[54000],', 'mV=[44000],', 'c0=[1.00],', 'c0a=[0.00],c0b=[14.00],', 'c1=[0.00],', 'c2a=[0.00],', 'c2b=[0.00],', 'MHz=[5.0000],', 'MHz=[-0.00],', 'softness=[0.00],', 'C=[45.0000],', 'C=[0.1000],', 'C=[53.40],', 'alpha=[7.40],', 'dBm=[10.20],', 'dB=[0.00],', 'dB=[0.00],', 'dB=[0.00],', 'dB=[0.00]']
575['PARExpansion', 'dB=[0.00]', 'dfeStreamId=[4]']
576['carrierFrequency:2586[MHz],', 'freqMin=2496.00[MHz],', 'freqMax=2690.00[MHz]']
577['paPsuId=[0],', 'biasId=[4],', 'Band{2496.000000', '2690.000000}']
596['carrierName=[TxCarrier4', '4],', 'antenna=[antenna4a]:', 'mV=[48000],', 'mV=[54000],', 'mV=[44000],', 'c0=[1.00],', 'c0a=[0.00],c0b=[14.00],', 'c1=[0.00],', 'c2a=[0.00],', 'c2b=[0.00],', 'MHz=[5.0000],', 'MHz=[-0.00],', 'softness=[0.00],', 'C=[45.0000],', 'C=[0.1000],', 'C=[53.40],', 'alpha=[7.40],', 'dBm=[10.20],', 'dB=[0.00],', 'dB=[0.00],', 'dB=[0.00],', 'dB=[0.00]']
575['PARExpansion', 'dB=[0.00]', 'dfeStreamId=[6]']
581['ExcessHR=0.00[dB]', 'pPeak=62.24[dBm],', 'pMean=46.02[dBm],', 'dB=16.22[dB]PARExpansion', 'dB=0.00,', 'dB=7.40[dB],', 'dBm=53.42[dBm]', 'LTE=10.20[dB]', 'excessHROffset=0.00[dB]']
582['c0=48.00,', 'c2=0.00,', 'c0a=1.00', 'c0b=0.00,', 'c2a=0.00,', 'c2b=0.00,', 'nom=48.00[V]']
583['frequencySumMHz=1581065408', 'frequencySumMHz=1581065408', 'Freq=1.00,', 'MHz=0.00']
584['value=[148.41]', 'Temp=[1.017540]', 'tcp=[1.000000]', 'Vdd=[48.84],']
585['dfeStreamId=0,', 'carrierCenterFrequency=2506[MHz],', 'bandwidth=20[MHz],', 'beginOfCarrierFrequency=2496[MHz],', 'endOfCarrierFrequency=2516[MHz]']
585['dfeStreamId=2,', 'carrierCenterFrequency=2506[MHz],', 'bandwidth=20[MHz],', 'beginOfCarrierFrequency=2496[MHz],', 'endOfCarrierFrequency=2516[MHz]']
585['dfeStreamId=4,', 'carrierCenterFrequency=2506[MHz],', 'bandwidth=20[MHz],', 'beginOfCarrierFrequency=2496[MHz],', 'endOfCarrierFrequency=2516[MHz]']
585['dfeStreamId=6,', 'carrierCenterFrequency=2506[MHz],', 'bandwidth=20[MHz],', 'beginOfCarrierFrequency=2496[MHz],', 'endOfCarrierFrequency=2516[MHz]']
585['dfeStreamId=0,', 'carrierCenterFrequency=2528[MHz],', 'bandwidth=20[MHz],', 'beginOfCarrierFrequency=2496[MHz],', 'endOfCarrierFrequency=2538[MHz]']
585['dfeStreamId=2,', 'carrierCenterFrequency=2528[MHz],', 'bandwidth=20[MHz],', 'beginOfCarrierFrequency=2496[MHz],', 'endOfCarrierFrequency=2538[MHz]']
585['dfeStreamId=4,', 'carrierCenterFrequency=2528[MHz],', 'bandwidth=20[MHz],', 'beginOfCarrierFrequency=2496[MHz],', 'endOfCarrierFrequency=2538[MHz]']
585['dfeStreamId=6,', 'carrierCenterFrequency=2528[MHz],', 'bandwidth=20[MHz],', 'beginOfCarrierFrequency=2496[MHz],', 'endOfCarrierFrequency=2538[MHz]']
585['dfeStreamId=0,', 'carrierCenterFrequency=2553[MHz],', 'bandwidth=20[MHz],', 'beginOfCarrierFrequency=2496[MHz],', 'endOfCarrierFrequency=2563[MHz]']
585['dfeStreamId=2,', 'carrierCenterFrequency=2553[MHz],', 'bandwidth=20[MHz],', 'beginOfCarrierFrequency=2496[MHz],', 'endOfCarrierFrequency=2563[MHz]']
585['dfeStreamId=4,', 'carrierCenterFrequency=2553[MHz],', 'bandwidth=20[MHz],', 'beginOfCarrierFrequency=2496[MHz],', 'endOfCarrierFrequency=2563[MHz]']
585['dfeStreamId=6,', 'carrierCenterFrequency=2553[MHz],', 'bandwidth=20[MHz],', 'beginOfCarrierFrequency=2496[MHz],', 'endOfCarrierFrequency=2563[MHz]']
585['dfeStreamId=0,', 'carrierCenterFrequency=2586[MHz],', 'bandwidth=20[MHz],', 'beginOfCarrierFrequency=2496[MHz],', 'endOfCarrierFrequency=2596[MHz]']
585['dfeStreamId=2,', 'carrierCenterFrequency=2586[MHz],', 'bandwidth=20[MHz],', 'beginOfCarrierFrequency=2496[MHz],', 'endOfCarrierFrequency=2596[MHz]']
585['dfeStreamId=4,', 'carrierCenterFrequency=2586[MHz],', 'bandwidth=20[MHz],', 'beginOfCarrierFrequency=2496[MHz],', 'endOfCarrierFrequency=2596[MHz]']
585['dfeStreamId=6,', 'carrierCenterFrequency=2586[MHz],', 'bandwidth=20[MHz],', 'beginOfCarrierFrequency=2496[MHz],', 'endOfCarrierFrequency=2596[MHz]']
586['pathId=[dlpath1],', 'carrierIBW=[100]MHz,', 'amountOfCarriers=[4]']
586['pathId=[dlpath2],', 'carrierIBW=[100]MHz,', 'amountOfCarriers=[4]']
586['pathId=[dlpath3],', 'carrierIBW=[100]MHz,', 'amountOfCarriers=[4]']
586['pathId=[dlpath4],', 'carrierIBW=[100]MHz,', 'amountOfCarriers=[4]']
587['1,', '=[0],', '[55.00]', '[1.15]carrier', '[0.00],', '[100]']
587['1,', '=[0],', '[55.00]', '[1.15]carrier', '[0.00],', '[100]']
587['1,', '=[0],', '[55.00]', '[1.15]carrier', '[0.00],', '[100]']
587['1,', '=[0],', '[55.00]', '[1.15]carrier', '[0.00],', '[100]']
588['voltage=[48.84]', 'paPsuId=[0],', 'boost=[1.15]', '=[true]']
584['value=[148.41]', 'Temp=[1.017540]', 'tcp=[1.000000]', 'Vdd=[48.84],']
585['dfeStreamId=0,', 'carrierCenterFrequency=2506[MHz],', 'bandwidth=20[MHz],', 'beginOfCarrierFrequency=2496[MHz],', 'endOfCarrierFrequency=2516[MHz]']
585['dfeStreamId=2,', 'carrierCenterFrequency=2506[MHz],', 'bandwidth=20[MHz],', 'beginOfCarrierFrequency=2496[MHz],', 'endOfCarrierFrequency=2516[MHz]']
585['dfeStreamId=4,', 'carrierCenterFrequency=2506[MHz],', 'bandwidth=20[MHz],', 'beginOfCarrierFrequency=2496[MHz],', 'endOfCarrierFrequency=2516[MHz]']
585['dfeStreamId=6,', 'carrierCenterFrequency=2506[MHz],', 'bandwidth=20[MHz],', 'beginOfCarrierFrequency=2496[MHz],', 'endOfCarrierFrequency=2516[MHz]']
585['dfeStreamId=0,', 'carrierCenterFrequency=2528[MHz],', 'bandwidth=20[MHz],', 'beginOfCarrierFrequency=2496[MHz],', 'endOfCarrierFrequency=2538[MHz]']
585['dfeStreamId=2,', 'carrierCenterFrequency=2528[MHz],', 'bandwidth=20[MHz],', 'beginOfCarrierFrequency=2496[MHz],', 'endOfCarrierFrequency=2538[MHz]']
585['dfeStreamId=4,', 'carrierCenterFrequency=2528[MHz],', 'bandwidth=20[MHz],', 'beginOfCarrierFrequency=2496[MHz],', 'endOfCarrierFrequency=2538[MHz]']
585['dfeStreamId=6,', 'carrierCenterFrequency=2528[MHz],', 'bandwidth=20[MHz],', 'beginOfCarrierFrequency=2496[MHz],', 'endOfCarrierFrequency=2538[MHz]']
585['dfeStreamId=0,', 'carrierCenterFrequency=2553[MHz],', 'bandwidth=20[MHz],', 'beginOfCarrierFrequency=2496[MHz],', 'endOfCarrierFrequency=2563[MHz]']
585['dfeStreamId=2,', 'carrierCenterFrequency=2553[MHz],', 'bandwidth=20[MHz],', 'beginOfCarrierFrequency=2496[MHz],', 'endOfCarrierFrequency=2563[MHz]']
585['dfeStreamId=4,', 'carrierCenterFrequency=2553[MHz],', 'bandwidth=20[MHz],', 'beginOfCarrierFrequency=2496[MHz],', 'endOfCarrierFrequency=2563[MHz]']
585['dfeStreamId=6,', 'carrierCenterFrequency=2553[MHz],', 'bandwidth=20[MHz],', 'beginOfCarrierFrequency=2496[MHz],', 'endOfCarrierFrequency=2563[MHz]']
585['dfeStreamId=0,', 'carrierCenterFrequency=2586[MHz],', 'bandwidth=20[MHz],', 'beginOfCarrierFrequency=2496[MHz],', 'endOfCarrierFrequency=2596[MHz]']
585['dfeStreamId=2,', 'carrierCenterFrequency=2586[MHz],', 'bandwidth=20[MHz],', 'beginOfCarrierFrequency=2496[MHz],', 'endOfCarrierFrequency=2596[MHz]']
585['dfeStreamId=4,', 'carrierCenterFrequency=2586[MHz],', 'bandwidth=20[MHz],', 'beginOfCarrierFrequency=2496[MHz],', 'endOfCarrierFrequency=2596[MHz]']
585['dfeStreamId=6,', 'carrierCenterFrequency=2586[MHz],', 'bandwidth=20[MHz],', 'beginOfCarrierFrequency=2496[MHz],', 'endOfCarrierFrequency=2596[MHz]']
586['pathId=[dlpath1],', 'carrierIBW=[100]MHz,', 'amountOfCarriers=[4]']
586['pathId=[dlpath2],', 'carrierIBW=[100]MHz,', 'amountOfCarriers=[4]']
586['pathId=[dlpath3],', 'carrierIBW=[100]MHz,', 'amountOfCarriers=[4]']
586['pathId=[dlpath4],', 'carrierIBW=[100]MHz,', 'amountOfCarriers=[4]']
587['1,', '=[0],', '[55.00]', '[1.15]carrier', '[0.00],', '[100]']
587['1,', '=[0],', '[55.00]', '[1.15]carrier', '[0.00],', '[100]']
587['1,', '=[0],', '[55.00]', '[1.15]carrier', '[0.00],', '[100]']
587['1,', '=[0],', '[55.00]', '[1.15]carrier', '[0.00],', '[100]']
588['voltage=[48.84]', 'paPsuId=[0],', 'boost=[1.15]', '=[true]']
584['value=[148.41]', 'Temp=[1.017540]', 'tcp=[1.000000]', 'Vdd=[48.84],']
585['dfeStreamId=0,', 'carrierCenterFrequency=2506[MHz],', 'bandwidth=20[MHz],', 'beginOfCarrierFrequency=2496[MHz],', 'endOfCarrierFrequency=2516[MHz]']
585['dfeStreamId=2,', 'carrierCenterFrequency=2506[MHz],', 'bandwidth=20[MHz],', 'beginOfCarrierFrequency=2496[MHz],', 'endOfCarrierFrequency=2516[MHz]']
585['dfeStreamId=4,', 'carrierCenterFrequency=2506[MHz],', 'bandwidth=20[MHz],', 'beginOfCarrierFrequency=2496[MHz],', 'endOfCarrierFrequency=2516[MHz]']
585['dfeStreamId=6,', 'carrierCenterFrequency=2506[MHz],', 'bandwidth=20[MHz],', 'beginOfCarrierFrequency=2496[MHz],', 'endOfCarrierFrequency=2516[MHz]']
585['dfeStreamId=0,', 'carrierCenterFrequency=2528[MHz],', 'bandwidth=20[MHz],', 'beginOfCarrierFrequency=2496[MHz],', 'endOfCarrierFrequency=2538[MHz]']
585['dfeStreamId=2,', 'carrierCenterFrequency=2528[MHz],', 'bandwidth=20[MHz],', 'beginOfCarrierFrequency=2496[MHz],', 'endOfCarrierFrequency=2538[MHz]']
585['dfeStreamId=4,', 'carrierCenterFrequency=2528[MHz],', 'bandwidth=20[MHz],', 'beginOfCarrierFrequency=2496[MHz],', 'endOfCarrierFrequency=2538[MHz]']
585['dfeStreamId=6,', 'carrierCenterFrequency=2528[MHz],', 'bandwidth=20[MHz],', 'beginOfCarrierFrequency=2496[MHz],', 'endOfCarrierFrequency=2538[MHz]']
585['dfeStreamId=0,', 'carrierCenterFrequency=2553[MHz],', 'bandwidth=20[MHz],', 'beginOfCarrierFrequency=2496[MHz],', 'endOfCarrierFrequency=2563[MHz]']
585['dfeStreamId=2,', 'carrierCenterFrequency=2553[MHz],', 'bandwidth=20[MHz],', 'beginOfCarrierFrequency=2496[MHz],', 'endOfCarrierFrequency=2563[MHz]']
585['dfeStreamId=4,', 'carrierCenterFrequency=2553[MHz],', 'bandwidth=20[MHz],', 'beginOfCarrierFrequency=2496[MHz],', 'endOfCarrierFrequency=2563[MHz]']
585['dfeStreamId=6,', 'carrierCenterFrequency=2553[MHz],', 'bandwidth=20[MHz],', 'beginOfCarrierFrequency=2496[MHz],', 'endOfCarrierFrequency=2563[MHz]']
585['dfeStreamId=0,', 'carrierCenterFrequency=2586[MHz],', 'bandwidth=20[MHz],', 'beginOfCarrierFrequency=2496[MHz],', 'endOfCarrierFrequency=2596[MHz]']
585['dfeStreamId=2,', 'carrierCenterFrequency=2586[MHz],', 'bandwidth=20[MHz],', 'beginOfCarrierFrequency=2496[MHz],', 'endOfCarrierFrequency=2596[MHz]']
585['dfeStreamId=4,', 'carrierCenterFrequency=2586[MHz],', 'bandwidth=20[MHz],', 'beginOfCarrierFrequency=2496[MHz],', 'endOfCarrierFrequency=2596[MHz]']
585['dfeStreamId=6,', 'carrierCenterFrequency=2586[MHz],', 'bandwidth=20[MHz],', 'beginOfCarrierFrequency=2496[MHz],', 'endOfCarrierFrequency=2596[MHz]']
586['pathId=[dlpath1],', 'carrierIBW=[100]MHz,', 'amountOfCarriers=[4]']
586['pathId=[dlpath2],', 'carrierIBW=[100]MHz,', 'amountOfCarriers=[4]']
586['pathId=[dlpath3],', 'carrierIBW=[100]MHz,', 'amountOfCarriers=[4]']
586['pathId=[dlpath4],', 'carrierIBW=[100]MHz,', 'amountOfCarriers=[4]']
587['1,', '=[0],', '[55.00]', '[1.15]carrier', '[0.00],', '[100]']
587['1,', '=[0],', '[55.00]', '[1.15]carrier', '[0.00],', '[100]']
587['1,', '=[0],', '[55.00]', '[1.15]carrier', '[0.00],', '[100]']
587['1,', '=[0],', '[55.00]', '[1.15]carrier', '[0.00],', '[100]']
588['voltage=[48.84]', 'paPsuId=[0],', 'boost=[1.15]', '=[true]']
584['value=[148.41]', 'Temp=[1.017540]', 'tcp=[1.000000]', 'Vdd=[48.84],']
585['dfeStreamId=0,', 'carrierCenterFrequency=2506[MHz],', 'bandwidth=20[MHz],', 'beginOfCarrierFrequency=2496[MHz],', 'endOfCarrierFrequency=2516[MHz]']
585['dfeStreamId=2,', 'carrierCenterFrequency=2506[MHz],', 'bandwidth=20[MHz],', 'beginOfCarrierFrequency=2496[MHz],', 'endOfCarrierFrequency=2516[MHz]']
585['dfeStreamId=4,', 'carrierCenterFrequency=2506[MHz],', 'bandwidth=20[MHz],', 'beginOfCarrierFrequency=2496[MHz],', 'endOfCarrierFrequency=2516[MHz]']
585['dfeStreamId=6,', 'carrierCenterFrequency=2506[MHz],', 'bandwidth=20[MHz],', 'beginOfCarrierFrequency=2496[MHz],', 'endOfCarrierFrequency=2516[MHz]']
585['dfeStreamId=0,', 'carrierCenterFrequency=2528[MHz],', 'bandwidth=20[MHz],', 'beginOfCarrierFrequency=2496[MHz],', 'endOfCarrierFrequency=2538[MHz]']
585['dfeStreamId=2,', 'carrierCenterFrequency=2528[MHz],', 'bandwidth=20[MHz],', 'beginOfCarrierFrequency=2496[MHz],', 'endOfCarrierFrequency=2538[MHz]']
585['dfeStreamId=4,', 'carrierCenterFrequency=2528[MHz],', 'bandwidth=20[MHz],', 'beginOfCarrierFrequency=2496[MHz],', 'endOfCarrierFrequency=2538[MHz]']
585['dfeStreamId=6,', 'carrierCenterFrequency=2528[MHz],', 'bandwidth=20[MHz],', 'beginOfCarrierFrequency=2496[MHz],', 'endOfCarrierFrequency=2538[MHz]']
585['dfeStreamId=0,', 'carrierCenterFrequency=2553[MHz],', 'bandwidth=20[MHz],', 'beginOfCarrierFrequency=2496[MHz],', 'endOfCarrierFrequency=2563[MHz]']
585['dfeStreamId=2,', 'carrierCenterFrequency=2553[MHz],', 'bandwidth=20[MHz],', 'beginOfCarrierFrequency=2496[MHz],', 'endOfCarrierFrequency=2563[MHz]']
585['dfeStreamId=4,', 'carrierCenterFrequency=2553[MHz],', 'bandwidth=20[MHz],', 'beginOfCarrierFrequency=2496[MHz],', 'endOfCarrierFrequency=2563[MHz]']
585['dfeStreamId=6,', 'carrierCenterFrequency=2553[MHz],', 'bandwidth=20[MHz],', 'beginOfCarrierFrequency=2496[MHz],', 'endOfCarrierFrequency=2563[MHz]']
585['dfeStreamId=0,', 'carrierCenterFrequency=2586[MHz],', 'bandwidth=20[MHz],', 'beginOfCarrierFrequency=2496[MHz],', 'endOfCarrierFrequency=2596[MHz]']
585['dfeStreamId=2,', 'carrierCenterFrequency=2586[MHz],', 'bandwidth=20[MHz],', 'beginOfCarrierFrequency=2496[MHz],', 'endOfCarrierFrequency=2596[MHz]']
585['dfeStreamId=4,', 'carrierCenterFrequency=2586[MHz],', 'bandwidth=20[MHz],', 'beginOfCarrierFrequency=2496[MHz],', 'endOfCarrierFrequency=2596[MHz]']
585['dfeStreamId=6,', 'carrierCenterFrequency=2586[MHz],', 'bandwidth=20[MHz],', 'beginOfCarrierFrequency=2496[MHz],', 'endOfCarrierFrequency=2596[MHz]']
586['pathId=[dlpath1],', 'carrierIBW=[100]MHz,', 'amountOfCarriers=[4]']
586['pathId=[dlpath2],', 'carrierIBW=[100]MHz,', 'amountOfCarriers=[4]']
586['pathId=[dlpath3],', 'carrierIBW=[100]MHz,', 'amountOfCarriers=[4]']
586['pathId=[dlpath4],', 'carrierIBW=[100]MHz,', 'amountOfCarriers=[4]']
587['1,', '=[0],', '[55.00]', '[1.15]carrier', '[0.00],', '[100]']
587['1,', '=[0],', '[55.00]', '[1.15]carrier', '[0.00],', '[100]']
587['1,', '=[0],', '[55.00]', '[1.15]carrier', '[0.00],', '[100]']
587['1,', '=[0],', '[55.00]', '[1.15]carrier', '[0.00],', '[100]']
588['voltage=[48.84]', 'paPsuId=[0],', 'boost=[1.15]', '=[true]']
589['paPsuId=[0]', 'voltage=[48.84]']
581['ExcessHR=0.00[dB]', 'pPeak=62.24[dBm],', 'pMean=46.02[dBm],', 'dB=16.22[dB]PARExpansion', 'dB=0.00,', 'dB=7.40[dB],', 'dBm=53.42[dBm]', 'LTE=10.20[dB]', 'excessHROffset=0.00[dB]']
582['c0=48.00,', 'c2=0.00,', 'c0a=1.00', 'c0b=0.00,', 'c2a=0.00,', 'c2b=0.00,', 'nom=48.00[V]']
583['frequencySumMHz=1581065408', 'frequencySumMHz=1581065408', 'Freq=1.00,', 'MHz=0.00']
584['value=[148.41]', 'Temp=[1.017540]', 'tcp=[1.000000]', 'Vdd=[48.84],']
585['dfeStreamId=0,', 'carrierCenterFrequency=2506[MHz],', 'bandwidth=20[MHz],', 'beginOfCarrierFrequency=2496[MHz],', 'endOfCarrierFrequency=2516[MHz]']
585['dfeStreamId=2,', 'carrierCenterFrequency=2506[MHz],', 'bandwidth=20[MHz],', 'beginOfCarrierFrequency=2496[MHz],', 'endOfCarrierFrequency=2516[MHz]']
585['dfeStreamId=4,', 'carrierCenterFrequency=2506[MHz],', 'bandwidth=20[MHz],', 'beginOfCarrierFrequency=2496[MHz],', 'endOfCarrierFrequency=2516[MHz]']
585['dfeStreamId=6,', 'carrierCenterFrequency=2506[MHz],', 'bandwidth=20[MHz],', 'beginOfCarrierFrequency=2496[MHz],', 'endOfCarrierFrequency=2516[MHz]']
585['dfeStreamId=0,', 'carrierCenterFrequency=2528[MHz],', 'bandwidth=20[MHz],', 'beginOfCarrierFrequency=2496[MHz],', 'endOfCarrierFrequency=2538[MHz]']
585['dfeStreamId=2,', 'carrierCenterFrequency=2528[MHz],', 'bandwidth=20[MHz],', 'beginOfCarrierFrequency=2496[MHz],', 'endOfCarrierFrequency=2538[MHz]']
585['dfeStreamId=4,', 'carrierCenterFrequency=2528[MHz],', 'bandwidth=20[MHz],', 'beginOfCarrierFrequency=2496[MHz],', 'endOfCarrierFrequency=2538[MHz]']
585['dfeStreamId=6,', 'carrierCenterFrequency=2528[MHz],', 'bandwidth=20[MHz],', 'beginOfCarrierFrequency=2496[MHz],', 'endOfCarrierFrequency=2538[MHz]']
585['dfeStreamId=0,', 'carrierCenterFrequency=2553[MHz],', 'bandwidth=20[MHz],', 'beginOfCarrierFrequency=2496[MHz],', 'endOfCarrierFrequency=2563[MHz]']
585['dfeStreamId=2,', 'carrierCenterFrequency=2553[MHz],', 'bandwidth=20[MHz],', 'beginOfCarrierFrequency=2496[MHz],', 'endOfCarrierFrequency=2563[MHz]']
585['dfeStreamId=4,', 'carrierCenterFrequency=2553[MHz],', 'bandwidth=20[MHz],', 'beginOfCarrierFrequency=2496[MHz],', 'endOfCarrierFrequency=2563[MHz]']
585['dfeStreamId=6,', 'carrierCenterFrequency=2553[MHz],', 'bandwidth=20[MHz],', 'beginOfCarrierFrequency=2496[MHz],', 'endOfCarrierFrequency=2563[MHz]']
585['dfeStreamId=0,', 'carrierCenterFrequency=2586[MHz],', 'bandwidth=20[MHz],', 'beginOfCarrierFrequency=2496[MHz],', 'endOfCarrierFrequency=2596[MHz]']
585['dfeStreamId=2,', 'carrierCenterFrequency=2586[MHz],', 'bandwidth=20[MHz],', 'beginOfCarrierFrequency=2496[MHz],', 'endOfCarrierFrequency=2596[MHz]']
585['dfeStreamId=4,', 'carrierCenterFrequency=2586[MHz],', 'bandwidth=20[MHz],', 'beginOfCarrierFrequency=2496[MHz],', 'endOfCarrierFrequency=2596[MHz]']
585['dfeStreamId=6,', 'carrierCenterFrequency=2586[MHz],', 'bandwidth=20[MHz],', 'beginOfCarrierFrequency=2496[MHz],', 'endOfCarrierFrequency=2596[MHz]']
586['pathId=[dlpath1],', 'carrierIBW=[100]MHz,', 'amountOfCarriers=[4]']
586['pathId=[dlpath2],', 'carrierIBW=[100]MHz,', 'amountOfCarriers=[4]']
586['pathId=[dlpath3],', 'carrierIBW=[100]MHz,', 'amountOfCarriers=[4]']
586['pathId=[dlpath4],', 'carrierIBW=[100]MHz,', 'amountOfCarriers=[4]']
587['1,', '=[0],', '[55.00]', '[1.15]carrier', '[0.00],', '[100]']
587['1,', '=[0],', '[55.00]', '[1.15]carrier', '[0.00],', '[100]']
587['1,', '=[0],', '[55.00]', '[1.15]carrier', '[0.00],', '[100]']
587['1,', '=[0],', '[55.00]', '[1.15]carrier', '[0.00],', '[100]']
588['voltage=[48.84]', 'paPsuId=[0],', 'boost=[1.15]', '=[true]']
584['value=[148.41]', 'Temp=[1.017540]', 'tcp=[1.000000]', 'Vdd=[48.84],']
585['dfeStreamId=0,', 'carrierCenterFrequency=2506[MHz],', 'bandwidth=20[MHz],', 'beginOfCarrierFrequency=2496[MHz],', 'endOfCarrierFrequency=2516[MHz]']
585['dfeStreamId=2,', 'carrierCenterFrequency=2506[MHz],', 'bandwidth=20[MHz],', 'beginOfCarrierFrequency=2496[MHz],', 'endOfCarrierFrequency=2516[MHz]']
585['dfeStreamId=4,', 'carrierCenterFrequency=2506[MHz],', 'bandwidth=20[MHz],', 'beginOfCarrierFrequency=2496[MHz],', 'endOfCarrierFrequency=2516[MHz]']
585['dfeStreamId=6,', 'carrierCenterFrequency=2506[MHz],', 'bandwidth=20[MHz],', 'beginOfCarrierFrequency=2496[MHz],', 'endOfCarrierFrequency=2516[MHz]']
585['dfeStreamId=0,', 'carrierCenterFrequency=2528[MHz],', 'bandwidth=20[MHz],', 'beginOfCarrierFrequency=2496[MHz],', 'endOfCarrierFrequency=2538[MHz]']
585['dfeStreamId=2,', 'carrierCenterFrequency=2528[MHz],', 'bandwidth=20[MHz],', 'beginOfCarrierFrequency=2496[MHz],', 'endOfCarrierFrequency=2538[MHz]']
585['dfeStreamId=4,', 'carrierCenterFrequency=2528[MHz],', 'bandwidth=20[MHz],', 'beginOfCarrierFrequency=2496[MHz],', 'endOfCarrierFrequency=2538[MHz]']
585['dfeStreamId=6,', 'carrierCenterFrequency=2528[MHz],', 'bandwidth=20[MHz],', 'beginOfCarrierFrequency=2496[MHz],', 'endOfCarrierFrequency=2538[MHz]']
585['dfeStreamId=0,', 'carrierCenterFrequency=2553[MHz],', 'bandwidth=20[MHz],', 'beginOfCarrierFrequency=2496[MHz],', 'endOfCarrierFrequency=2563[MHz]']
585['dfeStreamId=2,', 'carrierCenterFrequency=2553[MHz],', 'bandwidth=20[MHz],', 'beginOfCarrierFrequency=2496[MHz],', 'endOfCarrierFrequency=2563[MHz]']
585['dfeStreamId=4,', 'carrierCenterFrequency=2553[MHz],', 'bandwidth=20[MHz],', 'beginOfCarrierFrequency=2496[MHz],', 'endOfCarrierFrequency=2563[MHz]']
585['dfeStreamId=6,', 'carrierCenterFrequency=2553[MHz],', 'bandwidth=20[MHz],', 'beginOfCarrierFrequency=2496[MHz],', 'endOfCarrierFrequency=2563[MHz]']
585['dfeStreamId=0,', 'carrierCenterFrequency=2586[MHz],', 'bandwidth=20[MHz],', 'beginOfCarrierFrequency=2496[MHz],', 'endOfCarrierFrequency=2596[MHz]']
585['dfeStreamId=2,', 'carrierCenterFrequency=2586[MHz],', 'bandwidth=20[MHz],', 'beginOfCarrierFrequency=2496[MHz],', 'endOfCarrierFrequency=2596[MHz]']
585['dfeStreamId=4,', 'carrierCenterFrequency=2586[MHz],', 'bandwidth=20[MHz],', 'beginOfCarrierFrequency=2496[MHz],', 'endOfCarrierFrequency=2596[MHz]']
585['dfeStreamId=6,', 'carrierCenterFrequency=2586[MHz],', 'bandwidth=20[MHz],', 'beginOfCarrierFrequency=2496[MHz],', 'endOfCarrierFrequency=2596[MHz]']
586['pathId=[dlpath1],', 'carrierIBW=[100]MHz,', 'amountOfCarriers=[4]']
586['pathId=[dlpath2],', 'carrierIBW=[100]MHz,', 'amountOfCarriers=[4]']
586['pathId=[dlpath3],', 'carrierIBW=[100]MHz,', 'amountOfCarriers=[4]']
586['pathId=[dlpath4],', 'carrierIBW=[100]MHz,', 'amountOfCarriers=[4]']
587['1,', '=[0],', '[55.00]', '[1.15]carrier', '[0.00],', '[100]']
587['1,', '=[0],', '[55.00]', '[1.15]carrier', '[0.00],', '[100]']
587['1,', '=[0],', '[55.00]', '[1.15]carrier', '[0.00],', '[100]']
587['1,', '=[0],', '[55.00]', '[1.15]carrier', '[0.00],', '[100]']
588['voltage=[48.84]', 'paPsuId=[0],', 'boost=[1.15]', '=[true]']
584['value=[148.41]', 'Temp=[1.017540]', 'tcp=[1.000000]', 'Vdd=[48.84],']
585['dfeStreamId=0,', 'carrierCenterFrequency=2506[MHz],', 'bandwidth=20[MHz],', 'beginOfCarrierFrequency=2496[MHz],', 'endOfCarrierFrequency=2516[MHz]']
585['dfeStreamId=2,', 'carrierCenterFrequency=2506[MHz],', 'bandwidth=20[MHz],', 'beginOfCarrierFrequency=2496[MHz],', 'endOfCarrierFrequency=2516[MHz]']
585['dfeStreamId=4,', 'carrierCenterFrequency=2506[MHz],', 'bandwidth=20[MHz],', 'beginOfCarrierFrequency=2496[MHz],', 'endOfCarrierFrequency=2516[MHz]']
585['dfeStreamId=6,', 'carrierCenterFrequency=2506[MHz],', 'bandwidth=20[MHz],', 'beginOfCarrierFrequency=2496[MHz],', 'endOfCarrierFrequency=2516[MHz]']
585['dfeStreamId=0,', 'carrierCenterFrequency=2528[MHz],', 'bandwidth=20[MHz],', 'beginOfCarrierFrequency=2496[MHz],', 'endOfCarrierFrequency=2538[MHz]']
585['dfeStreamId=2,', 'carrierCenterFrequency=2528[MHz],', 'bandwidth=20[MHz],', 'beginOfCarrierFrequency=2496[MHz],', 'endOfCarrierFrequency=2538[MHz]']
585['dfeStreamId=4,', 'carrierCenterFrequency=2528[MHz],', 'bandwidth=20[MHz],', 'beginOfCarrierFrequency=2496[MHz],', 'endOfCarrierFrequency=2538[MHz]']
585['dfeStreamId=6,', 'carrierCenterFrequency=2528[MHz],', 'bandwidth=20[MHz],', 'beginOfCarrierFrequency=2496[MHz],', 'endOfCarrierFrequency=2538[MHz]']
585['dfeStreamId=0,', 'carrierCenterFrequency=2553[MHz],', 'bandwidth=20[MHz],', 'beginOfCarrierFrequency=2496[MHz],', 'endOfCarrierFrequency=2563[MHz]']
585['dfeStreamId=2,', 'carrierCenterFrequency=2553[MHz],', 'bandwidth=20[MHz],', 'beginOfCarrierFrequency=2496[MHz],', 'endOfCarrierFrequency=2563[MHz]']
585['dfeStreamId=4,', 'carrierCenterFrequency=2553[MHz],', 'bandwidth=20[MHz],', 'beginOfCarrierFrequency=2496[MHz],', 'endOfCarrierFrequency=2563[MHz]']
585['dfeStreamId=6,', 'carrierCenterFrequency=2553[MHz],', 'bandwidth=20[MHz],', 'beginOfCarrierFrequency=2496[MHz],', 'endOfCarrierFrequency=2563[MHz]']
585['dfeStreamId=0,', 'carrierCenterFrequency=2586[MHz],', 'bandwidth=20[MHz],', 'beginOfCarrierFrequency=2496[MHz],', 'endOfCarrierFrequency=2596[MHz]']
585['dfeStreamId=2,', 'carrierCenterFrequency=2586[MHz],', 'bandwidth=20[MHz],', 'beginOfCarrierFrequency=2496[MHz],', 'endOfCarrierFrequency=2596[MHz]']
585['dfeStreamId=4,', 'carrierCenterFrequency=2586[MHz],', 'bandwidth=20[MHz],', 'beginOfCarrierFrequency=2496[MHz],', 'endOfCarrierFrequency=2596[MHz]']
585['dfeStreamId=6,', 'carrierCenterFrequency=2586[MHz],', 'bandwidth=20[MHz],', 'beginOfCarrierFrequency=2496[MHz],', 'endOfCarrierFrequency=2596[MHz]']
586['pathId=[dlpath1],', 'carrierIBW=[100]MHz,', 'amountOfCarriers=[4]']
586['pathId=[dlpath2],', 'carrierIBW=[100]MHz,', 'amountOfCarriers=[4]']
586['pathId=[dlpath3],', 'carrierIBW=[100]MHz,', 'amountOfCarriers=[4]']
586['pathId=[dlpath4],', 'carrierIBW=[100]MHz,', 'amountOfCarriers=[4]']
587['1,', '=[0],', '[55.00]', '[1.15]carrier', '[0.00],', '[100]']
587['1,', '=[0],', '[55.00]', '[1.15]carrier', '[0.00],', '[100]']
587['1,', '=[0],', '[55.00]', '[1.15]carrier', '[0.00],', '[100]']
587['1,', '=[0],', '[55.00]', '[1.15]carrier', '[0.00],', '[100]']
588['voltage=[48.84]', 'paPsuId=[0],', 'boost=[1.15]', '=[true]']
584['value=[148.41]', 'Temp=[1.017540]', 'tcp=[1.000000]', 'Vdd=[48.84],']
585['dfeStreamId=0,', 'carrierCenterFrequency=2506[MHz],', 'bandwidth=20[MHz],', 'beginOfCarrierFrequency=2496[MHz],', 'endOfCarrierFrequency=2516[MHz]']
585['dfeStreamId=2,', 'carrierCenterFrequency=2506[MHz],', 'bandwidth=20[MHz],', 'beginOfCarrierFrequency=2496[MHz],', 'endOfCarrierFrequency=2516[MHz]']
585['dfeStreamId=4,', 'carrierCenterFrequency=2506[MHz],', 'bandwidth=20[MHz],', 'beginOfCarrierFrequency=2496[MHz],', 'endOfCarrierFrequency=2516[MHz]']
585['dfeStreamId=6,', 'carrierCenterFrequency=2506[MHz],', 'bandwidth=20[MHz],', 'beginOfCarrierFrequency=2496[MHz],', 'endOfCarrierFrequency=2516[MHz]']
585['dfeStreamId=0,', 'carrierCenterFrequency=2528[MHz],', 'bandwidth=20[MHz],', 'beginOfCarrierFrequency=2496[MHz],', 'endOfCarrierFrequency=2538[MHz]']
585['dfeStreamId=2,', 'carrierCenterFrequency=2528[MHz],', 'bandwidth=20[MHz],', 'beginOfCarrierFrequency=2496[MHz],', 'endOfCarrierFrequency=2538[MHz]']
585['dfeStreamId=4,', 'carrierCenterFrequency=2528[MHz],', 'bandwidth=20[MHz],', 'beginOfCarrierFrequency=2496[MHz],', 'endOfCarrierFrequency=2538[MHz]']
585['dfeStreamId=6,', 'carrierCenterFrequency=2528[MHz],', 'bandwidth=20[MHz],', 'beginOfCarrierFrequency=2496[MHz],', 'endOfCarrierFrequency=2538[MHz]']
585['dfeStreamId=0,', 'carrierCenterFrequency=2553[MHz],', 'bandwidth=20[MHz],', 'beginOfCarrierFrequency=2496[MHz],', 'endOfCarrierFrequency=2563[MHz]']
585['dfeStreamId=2,', 'carrierCenterFrequency=2553[MHz],', 'bandwidth=20[MHz],', 'beginOfCarrierFrequency=2496[MHz],', 'endOfCarrierFrequency=2563[MHz]']
585['dfeStreamId=4,', 'carrierCenterFrequency=2553[MHz],', 'bandwidth=20[MHz],', 'beginOfCarrierFrequency=2496[MHz],', 'endOfCarrierFrequency=2563[MHz]']
585['dfeStreamId=6,', 'carrierCenterFrequency=2553[MHz],', 'bandwidth=20[MHz],', 'beginOfCarrierFrequency=2496[MHz],', 'endOfCarrierFrequency=2563[MHz]']
585['dfeStreamId=0,', 'carrierCenterFrequency=2586[MHz],', 'bandwidth=20[MHz],', 'beginOfCarrierFrequency=2496[MHz],', 'endOfCarrierFrequency=2596[MHz]']
585['dfeStreamId=2,', 'carrierCenterFrequency=2586[MHz],', 'bandwidth=20[MHz],', 'beginOfCarrierFrequency=2496[MHz],', 'endOfCarrierFrequency=2596[MHz]']
585['dfeStreamId=4,', 'carrierCenterFrequency=2586[MHz],', 'bandwidth=20[MHz],', 'beginOfCarrierFrequency=2496[MHz],', 'endOfCarrierFrequency=2596[MHz]']
585['dfeStreamId=6,', 'carrierCenterFrequency=2586[MHz],', 'bandwidth=20[MHz],', 'beginOfCarrierFrequency=2496[MHz],', 'endOfCarrierFrequency=2596[MHz]']
586['pathId=[dlpath1],', 'carrierIBW=[100]MHz,', 'amountOfCarriers=[4]']
586['pathId=[dlpath2],', 'carrierIBW=[100]MHz,', 'amountOfCarriers=[4]']
586['pathId=[dlpath3],', 'carrierIBW=[100]MHz,', 'amountOfCarriers=[4]']
586['pathId=[dlpath4],', 'carrierIBW=[100]MHz,', 'amountOfCarriers=[4]']
587['1,', '=[0],', '[55.00]', '[1.15]carrier', '[0.00],', '[100]']
587['1,', '=[0],', '[55.00]', '[1.15]carrier', '[0.00],', '[100]']
587['1,', '=[0],', '[55.00]', '[1.15]carrier', '[0.00],', '[100]']
587['1,', '=[0],', '[55.00]', '[1.15]carrier', '[0.00],', '[100]']
588['voltage=[48.84]', 'paPsuId=[0],', 'boost=[1.15]', '=[true]']
589['paPsuId=[0]', 'voltage=[48.84]']
581['ExcessHR=0.00[dB]', 'pPeak=62.24[dBm],', 'pMean=46.02[dBm],', 'dB=16.22[dB]PARExpansion', 'dB=0.00,', 'dB=7.40[dB],', 'dBm=53.42[dBm]', 'LTE=10.20[dB]', 'excessHROffset=0.00[dB]']
582['c0=48.00,', 'c2=0.00,', 'c0a=1.00', 'c0b=0.00,', 'c2a=0.00,', 'c2b=0.00,', 'nom=48.00[V]']
583['frequencySumMHz=1581065408', 'frequencySumMHz=1581065408', 'Freq=1.00,', 'MHz=0.00']
584['value=[148.41]', 'Temp=[1.017540]', 'tcp=[1.000000]', 'Vdd=[48.84],']
585['dfeStreamId=0,', 'carrierCenterFrequency=2506[MHz],', 'bandwidth=20[MHz],', 'beginOfCarrierFrequency=2496[MHz],', 'endOfCarrierFrequency=2516[MHz]']
585['dfeStreamId=2,', 'carrierCenterFrequency=2506[MHz],', 'bandwidth=20[MHz],', 'beginOfCarrierFrequency=2496[MHz],', 'endOfCarrierFrequency=2516[MHz]']
585['dfeStreamId=4,', 'carrierCenterFrequency=2506[MHz],', 'bandwidth=20[MHz],', 'beginOfCarrierFrequency=2496[MHz],', 'endOfCarrierFrequency=2516[MHz]']
585['dfeStreamId=6,', 'carrierCenterFrequency=2506[MHz],', 'bandwidth=20[MHz],', 'beginOfCarrierFrequency=2496[MHz],', 'endOfCarrierFrequency=2516[MHz]']
585['dfeStreamId=0,', 'carrierCenterFrequency=2528[MHz],', 'bandwidth=20[MHz],', 'beginOfCarrierFrequency=2496[MHz],', 'endOfCarrierFrequency=2538[MHz]']
585['dfeStreamId=2,', 'carrierCenterFrequency=2528[MHz],', 'bandwidth=20[MHz],', 'beginOfCarrierFrequency=2496[MHz],', 'endOfCarrierFrequency=2538[MHz]']
585['dfeStreamId=4,', 'carrierCenterFrequency=2528[MHz],', 'bandwidth=20[MHz],', 'beginOfCarrierFrequency=2496[MHz],', 'endOfCarrierFrequency=2538[MHz]']
585['dfeStreamId=6,', 'carrierCenterFrequency=2528[MHz],', 'bandwidth=20[MHz],', 'beginOfCarrierFrequency=2496[MHz],', 'endOfCarrierFrequency=2538[MHz]']
585['dfeStreamId=0,', 'carrierCenterFrequency=2553[MHz],', 'bandwidth=20[MHz],', 'beginOfCarrierFrequency=2496[MHz],', 'endOfCarrierFrequency=2563[MHz]']
585['dfeStreamId=2,', 'carrierCenterFrequency=2553[MHz],', 'bandwidth=20[MHz],', 'beginOfCarrierFrequency=2496[MHz],', 'endOfCarrierFrequency=2563[MHz]']
585['dfeStreamId=4,', 'carrierCenterFrequency=2553[MHz],', 'bandwidth=20[MHz],', 'beginOfCarrierFrequency=2496[MHz],', 'endOfCarrierFrequency=2563[MHz]']
585['dfeStreamId=6,', 'carrierCenterFrequency=2553[MHz],', 'bandwidth=20[MHz],', 'beginOfCarrierFrequency=2496[MHz],', 'endOfCarrierFrequency=2563[MHz]']
585['dfeStreamId=0,', 'carrierCenterFrequency=2586[MHz],', 'bandwidth=20[MHz],', 'beginOfCarrierFrequency=2496[MHz],', 'endOfCarrierFrequency=2596[MHz]']
585['dfeStreamId=2,', 'carrierCenterFrequency=2586[MHz],', 'bandwidth=20[MHz],', 'beginOfCarrierFrequency=2496[MHz],', 'endOfCarrierFrequency=2596[MHz]']
585['dfeStreamId=4,', 'carrierCenterFrequency=2586[MHz],', 'bandwidth=20[MHz],', 'beginOfCarrierFrequency=2496[MHz],', 'endOfCarrierFrequency=2596[MHz]']
585['dfeStreamId=6,', 'carrierCenterFrequency=2586[MHz],', 'bandwidth=20[MHz],', 'beginOfCarrierFrequency=2496[MHz],', 'endOfCarrierFrequency=2596[MHz]']
586['pathId=[dlpath1],', 'carrierIBW=[100]MHz,', 'amountOfCarriers=[4]']
586['pathId=[dlpath2],', 'carrierIBW=[100]MHz,', 'amountOfCarriers=[4]']
586['pathId=[dlpath3],', 'carrierIBW=[100]MHz,', 'amountOfCarriers=[4]']
586['pathId=[dlpath4],', 'carrierIBW=[100]MHz,', 'amountOfCarriers=[4]']
587['1,', '=[0],', '[55.00]', '[1.15]carrier', '[0.00],', '[100]']
587['1,', '=[0],', '[55.00]', '[1.15]carrier', '[0.00],', '[100]']
587['1,', '=[0],', '[55.00]', '[1.15]carrier', '[0.00],', '[100]']
587['1,', '=[0],', '[55.00]', '[1.15]carrier', '[0.00],', '[100]']
588['voltage=[48.84]', 'paPsuId=[0],', 'boost=[1.15]', '=[true]']
584['value=[148.41]', 'Temp=[1.017540]', 'tcp=[1.000000]', 'Vdd=[48.84],']
585['dfeStreamId=0,', 'carrierCenterFrequency=2506[MHz],', 'bandwidth=20[MHz],', 'beginOfCarrierFrequency=2496[MHz],', 'endOfCarrierFrequency=2516[MHz]']
585['dfeStreamId=2,', 'carrierCenterFrequency=2506[MHz],', 'bandwidth=20[MHz],', 'beginOfCarrierFrequency=2496[MHz],', 'endOfCarrierFrequency=2516[MHz]']
585['dfeStreamId=4,', 'carrierCenterFrequency=2506[MHz],', 'bandwidth=20[MHz],', 'beginOfCarrierFrequency=2496[MHz],', 'endOfCarrierFrequency=2516[MHz]']
585['dfeStreamId=6,', 'carrierCenterFrequency=2506[MHz],', 'bandwidth=20[MHz],', 'beginOfCarrierFrequency=2496[MHz],', 'endOfCarrierFrequency=2516[MHz]']
585['dfeStreamId=0,', 'carrierCenterFrequency=2528[MHz],', 'bandwidth=20[MHz],', 'beginOfCarrierFrequency=2496[MHz],', 'endOfCarrierFrequency=2538[MHz]']
585['dfeStreamId=2,', 'carrierCenterFrequency=2528[MHz],', 'bandwidth=20[MHz],', 'beginOfCarrierFrequency=2496[MHz],', 'endOfCarrierFrequency=2538[MHz]']
585['dfeStreamId=4,', 'carrierCenterFrequency=2528[MHz],', 'bandwidth=20[MHz],', 'beginOfCarrierFrequency=2496[MHz],', 'endOfCarrierFrequency=2538[MHz]']
585['dfeStreamId=6,', 'carrierCenterFrequency=2528[MHz],', 'bandwidth=20[MHz],', 'beginOfCarrierFrequency=2496[MHz],', 'endOfCarrierFrequency=2538[MHz]']
585['dfeStreamId=0,', 'carrierCenterFrequency=2553[MHz],', 'bandwidth=20[MHz],', 'beginOfCarrierFrequency=2496[MHz],', 'endOfCarrierFrequency=2563[MHz]']
585['dfeStreamId=2,', 'carrierCenterFrequency=2553[MHz],', 'bandwidth=20[MHz],', 'beginOfCarrierFrequency=2496[MHz],', 'endOfCarrierFrequency=2563[MHz]']
585['dfeStreamId=4,', 'carrierCenterFrequency=2553[MHz],', 'bandwidth=20[MHz],', 'beginOfCarrierFrequency=2496[MHz],', 'endOfCarrierFrequency=2563[MHz]']
585['dfeStreamId=6,', 'carrierCenterFrequency=2553[MHz],', 'bandwidth=20[MHz],', 'beginOfCarrierFrequency=2496[MHz],', 'endOfCarrierFrequency=2563[MHz]']
585['dfeStreamId=0,', 'carrierCenterFrequency=2586[MHz],', 'bandwidth=20[MHz],', 'beginOfCarrierFrequency=2496[MHz],', 'endOfCarrierFrequency=2596[MHz]']
585['dfeStreamId=2,', 'carrierCenterFrequency=2586[MHz],', 'bandwidth=20[MHz],', 'beginOfCarrierFrequency=2496[MHz],', 'endOfCarrierFrequency=2596[MHz]']
585['dfeStreamId=4,', 'carrierCenterFrequency=2586[MHz],', 'bandwidth=20[MHz],', 'beginOfCarrierFrequency=2496[MHz],', 'endOfCarrierFrequency=2596[MHz]']
585['dfeStreamId=6,', 'carrierCenterFrequency=2586[MHz],', 'bandwidth=20[MHz],', 'beginOfCarrierFrequency=2496[MHz],', 'endOfCarrierFrequency=2596[MHz]']
586['pathId=[dlpath1],', 'carrierIBW=[100]MHz,', 'amountOfCarriers=[4]']
586['pathId=[dlpath2],', 'carrierIBW=[100]MHz,', 'amountOfCarriers=[4]']
586['pathId=[dlpath3],', 'carrierIBW=[100]MHz,', 'amountOfCarriers=[4]']
586['pathId=[dlpath4],', 'carrierIBW=[100]MHz,', 'amountOfCarriers=[4]']
587['1,', '=[0],', '[55.00]', '[1.15]carrier', '[0.00],', '[100]']
587['1,', '=[0],', '[55.00]', '[1.15]carrier', '[0.00],', '[100]']
587['1,', '=[0],', '[55.00]', '[1.15]carrier', '[0.00],', '[100]']
587['1,', '=[0],', '[55.00]', '[1.15]carrier', '[0.00],', '[100]']
588['voltage=[48.84]', 'paPsuId=[0],', 'boost=[1.15]', '=[true]']
584['value=[148.41]', 'Temp=[1.017540]', 'tcp=[1.000000]', 'Vdd=[48.84],']
585['dfeStreamId=0,', 'carrierCenterFrequency=2506[MHz],', 'bandwidth=20[MHz],', 'beginOfCarrierFrequency=2496[MHz],', 'endOfCarrierFrequency=2516[MHz]']
585['dfeStreamId=2,', 'carrierCenterFrequency=2506[MHz],', 'bandwidth=20[MHz],', 'beginOfCarrierFrequency=2496[MHz],', 'endOfCarrierFrequency=2516[MHz]']
585['dfeStreamId=4,', 'carrierCenterFrequency=2506[MHz],', 'bandwidth=20[MHz],', 'beginOfCarrierFrequency=2496[MHz],', 'endOfCarrierFrequency=2516[MHz]']
585['dfeStreamId=6,', 'carrierCenterFrequency=2506[MHz],', 'bandwidth=20[MHz],', 'beginOfCarrierFrequency=2496[MHz],', 'endOfCarrierFrequency=2516[MHz]']
585['dfeStreamId=0,', 'carrierCenterFrequency=2528[MHz],', 'bandwidth=20[MHz],', 'beginOfCarrierFrequency=2496[MHz],', 'endOfCarrierFrequency=2538[MHz]']
585['dfeStreamId=2,', 'carrierCenterFrequency=2528[MHz],', 'bandwidth=20[MHz],', 'beginOfCarrierFrequency=2496[MHz],', 'endOfCarrierFrequency=2538[MHz]']
585['dfeStreamId=4,', 'carrierCenterFrequency=2528[MHz],', 'bandwidth=20[MHz],', 'beginOfCarrierFrequency=2496[MHz],', 'endOfCarrierFrequency=2538[MHz]']
585['dfeStreamId=6,', 'carrierCenterFrequency=2528[MHz],', 'bandwidth=20[MHz],', 'beginOfCarrierFrequency=2496[MHz],', 'endOfCarrierFrequency=2538[MHz]']
585['dfeStreamId=0,', 'carrierCenterFrequency=2553[MHz],', 'bandwidth=20[MHz],', 'beginOfCarrierFrequency=2496[MHz],', 'endOfCarrierFrequency=2563[MHz]']
585['dfeStreamId=2,', 'carrierCenterFrequency=2553[MHz],', 'bandwidth=20[MHz],', 'beginOfCarrierFrequency=2496[MHz],', 'endOfCarrierFrequency=2563[MHz]']
585['dfeStreamId=4,', 'carrierCenterFrequency=2553[MHz],', 'bandwidth=20[MHz],', 'beginOfCarrierFrequency=2496[MHz],', 'endOfCarrierFrequency=2563[MHz]']
585['dfeStreamId=6,', 'carrierCenterFrequency=2553[MHz],', 'bandwidth=20[MHz],', 'beginOfCarrierFrequency=2496[MHz],', 'endOfCarrierFrequency=2563[MHz]']
585['dfeStreamId=0,', 'carrierCenterFrequency=2586[MHz],', 'bandwidth=20[MHz],', 'beginOfCarrierFrequency=2496[MHz],', 'endOfCarrierFrequency=2596[MHz]']
585['dfeStreamId=2,', 'carrierCenterFrequency=2586[MHz],', 'bandwidth=20[MHz],', 'beginOfCarrierFrequency=2496[MHz],', 'endOfCarrierFrequency=2596[MHz]']
585['dfeStreamId=4,', 'carrierCenterFrequency=2586[MHz],', 'bandwidth=20[MHz],', 'beginOfCarrierFrequency=2496[MHz],', 'endOfCarrierFrequency=2596[MHz]']
585['dfeStreamId=6,', 'carrierCenterFrequency=2586[MHz],', 'bandwidth=20[MHz],', 'beginOfCarrierFrequency=2496[MHz],', 'endOfCarrierFrequency=2596[MHz]']
586['pathId=[dlpath1],', 'carrierIBW=[100]MHz,', 'amountOfCarriers=[4]']
586['pathId=[dlpath2],', 'carrierIBW=[100]MHz,', 'amountOfCarriers=[4]']
586['pathId=[dlpath3],', 'carrierIBW=[100]MHz,', 'amountOfCarriers=[4]']
586['pathId=[dlpath4],', 'carrierIBW=[100]MHz,', 'amountOfCarriers=[4]']
587['1,', '=[0],', '[55.00]', '[1.15]carrier', '[0.00],', '[100]']
587['1,', '=[0],', '[55.00]', '[1.15]carrier', '[0.00],', '[100]']
587['1,', '=[0],', '[55.00]', '[1.15]carrier', '[0.00],', '[100]']
587['1,', '=[0],', '[55.00]', '[1.15]carrier', '[0.00],', '[100]']
588['voltage=[48.84]', 'paPsuId=[0],', 'boost=[1.15]', '=[true]']
584['value=[148.41]', 'Temp=[1.017540]', 'tcp=[1.000000]', 'Vdd=[48.84],']
585['dfeStreamId=0,', 'carrierCenterFrequency=2506[MHz],', 'bandwidth=20[MHz],', 'beginOfCarrierFrequency=2496[MHz],', 'endOfCarrierFrequency=2516[MHz]']
585['dfeStreamId=2,', 'carrierCenterFrequency=2506[MHz],', 'bandwidth=20[MHz],', 'beginOfCarrierFrequency=2496[MHz],', 'endOfCarrierFrequency=2516[MHz]']
585['dfeStreamId=4,', 'carrierCenterFrequency=2506[MHz],', 'bandwidth=20[MHz],', 'beginOfCarrierFrequency=2496[MHz],', 'endOfCarrierFrequency=2516[MHz]']
585['dfeStreamId=6,', 'carrierCenterFrequency=2506[MHz],', 'bandwidth=20[MHz],', 'beginOfCarrierFrequency=2496[MHz],', 'endOfCarrierFrequency=2516[MHz]']
585['dfeStreamId=0,', 'carrierCenterFrequency=2528[MHz],', 'bandwidth=20[MHz],', 'beginOfCarrierFrequency=2496[MHz],', 'endOfCarrierFrequency=2538[MHz]']
585['dfeStreamId=2,', 'carrierCenterFrequency=2528[MHz],', 'bandwidth=20[MHz],', 'beginOfCarrierFrequency=2496[MHz],', 'endOfCarrierFrequency=2538[MHz]']
585['dfeStreamId=4,', 'carrierCenterFrequency=2528[MHz],', 'bandwidth=20[MHz],', 'beginOfCarrierFrequency=2496[MHz],', 'endOfCarrierFrequency=2538[MHz]']
585['dfeStreamId=6,', 'carrierCenterFrequency=2528[MHz],', 'bandwidth=20[MHz],', 'beginOfCarrierFrequency=2496[MHz],', 'endOfCarrierFrequency=2538[MHz]']
585['dfeStreamId=0,', 'carrierCenterFrequency=2553[MHz],', 'bandwidth=20[MHz],', 'beginOfCarrierFrequency=2496[MHz],', 'endOfCarrierFrequency=2563[MHz]']
585['dfeStreamId=2,', 'carrierCenterFrequency=2553[MHz],', 'bandwidth=20[MHz],', 'beginOfCarrierFrequency=2496[MHz],', 'endOfCarrierFrequency=2563[MHz]']
585['dfeStreamId=4,', 'carrierCenterFrequency=2553[MHz],', 'bandwidth=20[MHz],', 'beginOfCarrierFrequency=2496[MHz],', 'endOfCarrierFrequency=2563[MHz]']
585['dfeStreamId=6,', 'carrierCenterFrequency=2553[MHz],', 'bandwidth=20[MHz],', 'beginOfCarrierFrequency=2496[MHz],', 'endOfCarrierFrequency=2563[MHz]']
585['dfeStreamId=0,', 'carrierCenterFrequency=2586[MHz],', 'bandwidth=20[MHz],', 'beginOfCarrierFrequency=2496[MHz],', 'endOfCarrierFrequency=2596[MHz]']
585['dfeStreamId=2,', 'carrierCenterFrequency=2586[MHz],', 'bandwidth=20[MHz],', 'beginOfCarrierFrequency=2496[MHz],', 'endOfCarrierFrequency=2596[MHz]']
585['dfeStreamId=4,', 'carrierCenterFrequency=2586[MHz],', 'bandwidth=20[MHz],', 'beginOfCarrierFrequency=2496[MHz],', 'endOfCarrierFrequency=2596[MHz]']
585['dfeStreamId=6,', 'carrierCenterFrequency=2586[MHz],', 'bandwidth=20[MHz],', 'beginOfCarrierFrequency=2496[MHz],', 'endOfCarrierFrequency=2596[MHz]']
586['pathId=[dlpath1],', 'carrierIBW=[100]MHz,', 'amountOfCarriers=[4]']
586['pathId=[dlpath2],', 'carrierIBW=[100]MHz,', 'amountOfCarriers=[4]']
586['pathId=[dlpath3],', 'carrierIBW=[100]MHz,', 'amountOfCarriers=[4]']
586['pathId=[dlpath4],', 'carrierIBW=[100]MHz,', 'amountOfCarriers=[4]']
587['1,', '=[0],', '[55.00]', '[1.15]carrier', '[0.00],', '[100]']
587['1,', '=[0],', '[55.00]', '[1.15]carrier', '[0.00],', '[100]']
587['1,', '=[0],', '[55.00]', '[1.15]carrier', '[0.00],', '[100]']
587['1,', '=[0],', '[55.00]', '[1.15]carrier', '[0.00],', '[100]']
588['voltage=[48.84]', 'paPsuId=[0],', 'boost=[1.15]', '=[true]']
589['paPsuId=[0]', 'voltage=[48.84]']
581['ExcessHR=0.00[dB]', 'pPeak=62.24[dBm],', 'pMean=46.02[dBm],', 'dB=16.22[dB]PARExpansion', 'dB=0.00,', 'dB=7.40[dB],', 'dBm=53.42[dBm]', 'LTE=10.20[dB]', 'excessHROffset=0.00[dB]']
582['c0=48.00,', 'c2=0.00,', 'c0a=1.00', 'c0b=0.00,', 'c2a=0.00,', 'c2b=0.00,', 'nom=48.00[V]']
583['frequencySumMHz=1581065408', 'frequencySumMHz=1581065408', 'Freq=1.00,', 'MHz=0.00']
584['value=[148.41]', 'Temp=[1.017540]', 'tcp=[1.000000]', 'Vdd=[48.84],']
585['dfeStreamId=0,', 'carrierCenterFrequency=2506[MHz],', 'bandwidth=20[MHz],', 'beginOfCarrierFrequency=2496[MHz],', 'endOfCarrierFrequency=2516[MHz]']
585['dfeStreamId=2,', 'carrierCenterFrequency=2506[MHz],', 'bandwidth=20[MHz],', 'beginOfCarrierFrequency=2496[MHz],', 'endOfCarrierFrequency=2516[MHz]']
585['dfeStreamId=4,', 'carrierCenterFrequency=2506[MHz],', 'bandwidth=20[MHz],', 'beginOfCarrierFrequency=2496[MHz],', 'endOfCarrierFrequency=2516[MHz]']
585['dfeStreamId=6,', 'carrierCenterFrequency=2506[MHz],', 'bandwidth=20[MHz],', 'beginOfCarrierFrequency=2496[MHz],', 'endOfCarrierFrequency=2516[MHz]']
585['dfeStreamId=0,', 'carrierCenterFrequency=2528[MHz],', 'bandwidth=20[MHz],', 'beginOfCarrierFrequency=2496[MHz],', 'endOfCarrierFrequency=2538[MHz]']
585['dfeStreamId=2,', 'carrierCenterFrequency=2528[MHz],', 'bandwidth=20[MHz],', 'beginOfCarrierFrequency=2496[MHz],', 'endOfCarrierFrequency=2538[MHz]']
585['dfeStreamId=4,', 'carrierCenterFrequency=2528[MHz],', 'bandwidth=20[MHz],', 'beginOfCarrierFrequency=2496[MHz],', 'endOfCarrierFrequency=2538[MHz]']
585['dfeStreamId=6,', 'carrierCenterFrequency=2528[MHz],', 'bandwidth=20[MHz],', 'beginOfCarrierFrequency=2496[MHz],', 'endOfCarrierFrequency=2538[MHz]']
585['dfeStreamId=0,', 'carrierCenterFrequency=2553[MHz],', 'bandwidth=20[MHz],', 'beginOfCarrierFrequency=2496[MHz],', 'endOfCarrierFrequency=2563[MHz]']
585['dfeStreamId=2,', 'carrierCenterFrequency=2553[MHz],', 'bandwidth=20[MHz],', 'beginOfCarrierFrequency=2496[MHz],', 'endOfCarrierFrequency=2563[MHz]']
585['dfeStreamId=4,', 'carrierCenterFrequency=2553[MHz],', 'bandwidth=20[MHz],', 'beginOfCarrierFrequency=2496[MHz],', 'endOfCarrierFrequency=2563[MHz]']
585['dfeStreamId=6,', 'carrierCenterFrequency=2553[MHz],', 'bandwidth=20[MHz],', 'beginOfCarrierFrequency=2496[MHz],', 'endOfCarrierFrequency=2563[MHz]']
585['dfeStreamId=0,', 'carrierCenterFrequency=2586[MHz],', 'bandwidth=20[MHz],', 'beginOfCarrierFrequency=2496[MHz],', 'endOfCarrierFrequency=2596[MHz]']
585['dfeStreamId=2,', 'carrierCenterFrequency=2586[MHz],', 'bandwidth=20[MHz],', 'beginOfCarrierFrequency=2496[MHz],', 'endOfCarrierFrequency=2596[MHz]']
585['dfeStreamId=4,', 'carrierCenterFrequency=2586[MHz],', 'bandwidth=20[MHz],', 'beginOfCarrierFrequency=2496[MHz],', 'endOfCarrierFrequency=2596[MHz]']
585['dfeStreamId=6,', 'carrierCenterFrequency=2586[MHz],', 'bandwidth=20[MHz],', 'beginOfCarrierFrequency=2496[MHz],', 'endOfCarrierFrequency=2596[MHz]']
586['pathId=[dlpath1],', 'carrierIBW=[100]MHz,', 'amountOfCarriers=[4]']
586['pathId=[dlpath2],', 'carrierIBW=[100]MHz,', 'amountOfCarriers=[4]']
586['pathId=[dlpath3],', 'carrierIBW=[100]MHz,', 'amountOfCarriers=[4]']
586['pathId=[dlpath4],', 'carrierIBW=[100]MHz,', 'amountOfCarriers=[4]']
587['1,', '=[0],', '[55.00]', '[1.15]carrier', '[0.00],', '[100]']
587['1,', '=[0],', '[55.00]', '[1.15]carrier', '[0.00],', '[100]']
587['1,', '=[0],', '[55.00]', '[1.15]carrier', '[0.00],', '[100]']
587['1,', '=[0],', '[55.00]', '[1.15]carrier', '[0.00],', '[100]']
588['voltage=[48.84]', 'paPsuId=[0],', 'boost=[1.15]', '=[true]']
584['value=[148.41]', 'Temp=[1.017540]', 'tcp=[1.000000]', 'Vdd=[48.84],']
585['dfeStreamId=0,', 'carrierCenterFrequency=2506[MHz],', 'bandwidth=20[MHz],', 'beginOfCarrierFrequency=2496[MHz],', 'endOfCarrierFrequency=2516[MHz]']
585['dfeStreamId=2,', 'carrierCenterFrequency=2506[MHz],', 'bandwidth=20[MHz],', 'beginOfCarrierFrequency=2496[MHz],', 'endOfCarrierFrequency=2516[MHz]']
585['dfeStreamId=4,', 'carrierCenterFrequency=2506[MHz],', 'bandwidth=20[MHz],', 'beginOfCarrierFrequency=2496[MHz],', 'endOfCarrierFrequency=2516[MHz]']
585['dfeStreamId=6,', 'carrierCenterFrequency=2506[MHz],', 'bandwidth=20[MHz],', 'beginOfCarrierFrequency=2496[MHz],', 'endOfCarrierFrequency=2516[MHz]']
585['dfeStreamId=0,', 'carrierCenterFrequency=2528[MHz],', 'bandwidth=20[MHz],', 'beginOfCarrierFrequency=2496[MHz],', 'endOfCarrierFrequency=2538[MHz]']
585['dfeStreamId=2,', 'carrierCenterFrequency=2528[MHz],', 'bandwidth=20[MHz],', 'beginOfCarrierFrequency=2496[MHz],', 'endOfCarrierFrequency=2538[MHz]']
585['dfeStreamId=4,', 'carrierCenterFrequency=2528[MHz],', 'bandwidth=20[MHz],', 'beginOfCarrierFrequency=2496[MHz],', 'endOfCarrierFrequency=2538[MHz]']
585['dfeStreamId=6,', 'carrierCenterFrequency=2528[MHz],', 'bandwidth=20[MHz],', 'beginOfCarrierFrequency=2496[MHz],', 'endOfCarrierFrequency=2538[MHz]']
585['dfeStreamId=0,', 'carrierCenterFrequency=2553[MHz],', 'bandwidth=20[MHz],', 'beginOfCarrierFrequency=2496[MHz],', 'endOfCarrierFrequency=2563[MHz]']
585['dfeStreamId=2,', 'carrierCenterFrequency=2553[MHz],', 'bandwidth=20[MHz],', 'beginOfCarrierFrequency=2496[MHz],', 'endOfCarrierFrequency=2563[MHz]']
585['dfeStreamId=4,', 'carrierCenterFrequency=2553[MHz],', 'bandwidth=20[MHz],', 'beginOfCarrierFrequency=2496[MHz],', 'endOfCarrierFrequency=2563[MHz]']
585['dfeStreamId=6,', 'carrierCenterFrequency=2553[MHz],', 'bandwidth=20[MHz],', 'beginOfCarrierFrequency=2496[MHz],', 'endOfCarrierFrequency=2563[MHz]']
585['dfeStreamId=0,', 'carrierCenterFrequency=2586[MHz],', 'bandwidth=20[MHz],', 'beginOfCarrierFrequency=2496[MHz],', 'endOfCarrierFrequency=2596[MHz]']
585['dfeStreamId=2,', 'carrierCenterFrequency=2586[MHz],', 'bandwidth=20[MHz],', 'beginOfCarrierFrequency=2496[MHz],', 'endOfCarrierFrequency=2596[MHz]']
585['dfeStreamId=4,', 'carrierCenterFrequency=2586[MHz],', 'bandwidth=20[MHz],', 'beginOfCarrierFrequency=2496[MHz],', 'endOfCarrierFrequency=2596[MHz]']
585['dfeStreamId=6,', 'carrierCenterFrequency=2586[MHz],', 'bandwidth=20[MHz],', 'beginOfCarrierFrequency=2496[MHz],', 'endOfCarrierFrequency=2596[MHz]']
586['pathId=[dlpath1],', 'carrierIBW=[100]MHz,', 'amountOfCarriers=[4]']
586['pathId=[dlpath2],', 'carrierIBW=[100]MHz,', 'amountOfCarriers=[4]']
586['pathId=[dlpath3],', 'carrierIBW=[100]MHz,', 'amountOfCarriers=[4]']
586['pathId=[dlpath4],', 'carrierIBW=[100]MHz,', 'amountOfCarriers=[4]']
587['1,', '=[0],', '[55.00]', '[1.15]carrier', '[0.00],', '[100]']
587['1,', '=[0],', '[55.00]', '[1.15]carrier', '[0.00],', '[100]']
587['1,', '=[0],', '[55.00]', '[1.15]carrier', '[0.00],', '[100]']
587['1,', '=[0],', '[55.00]', '[1.15]carrier', '[0.00],', '[100]']
588['voltage=[48.84]', 'paPsuId=[0],', 'boost=[1.15]', '=[true]']
584['value=[148.41]', 'Temp=[1.017540]', 'tcp=[1.000000]', 'Vdd=[48.84],']
585['dfeStreamId=0,', 'carrierCenterFrequency=2506[MHz],', 'bandwidth=20[MHz],', 'beginOfCarrierFrequency=2496[MHz],', 'endOfCarrierFrequency=2516[MHz]']
585['dfeStreamId=2,', 'carrierCenterFrequency=2506[MHz],', 'bandwidth=20[MHz],', 'beginOfCarrierFrequency=2496[MHz],', 'endOfCarrierFrequency=2516[MHz]']
585['dfeStreamId=4,', 'carrierCenterFrequency=2506[MHz],', 'bandwidth=20[MHz],', 'beginOfCarrierFrequency=2496[MHz],', 'endOfCarrierFrequency=2516[MHz]']
585['dfeStreamId=6,', 'carrierCenterFrequency=2506[MHz],', 'bandwidth=20[MHz],', 'beginOfCarrierFrequency=2496[MHz],', 'endOfCarrierFrequency=2516[MHz]']
585['dfeStreamId=0,', 'carrierCenterFrequency=2528[MHz],', 'bandwidth=20[MHz],', 'beginOfCarrierFrequency=2496[MHz],', 'endOfCarrierFrequency=2538[MHz]']
585['dfeStreamId=2,', 'carrierCenterFrequency=2528[MHz],', 'bandwidth=20[MHz],', 'beginOfCarrierFrequency=2496[MHz],', 'endOfCarrierFrequency=2538[MHz]']
585['dfeStreamId=4,', 'carrierCenterFrequency=2528[MHz],', 'bandwidth=20[MHz],', 'beginOfCarrierFrequency=2496[MHz],', 'endOfCarrierFrequency=2538[MHz]']
585['dfeStreamId=6,', 'carrierCenterFrequency=2528[MHz],', 'bandwidth=20[MHz],', 'beginOfCarrierFrequency=2496[MHz],', 'endOfCarrierFrequency=2538[MHz]']
585['dfeStreamId=0,', 'carrierCenterFrequency=2553[MHz],', 'bandwidth=20[MHz],', 'beginOfCarrierFrequency=2496[MHz],', 'endOfCarrierFrequency=2563[MHz]']
585['dfeStreamId=2,', 'carrierCenterFrequency=2553[MHz],', 'bandwidth=20[MHz],', 'beginOfCarrierFrequency=2496[MHz],', 'endOfCarrierFrequency=2563[MHz]']
585['dfeStreamId=4,', 'carrierCenterFrequency=2553[MHz],', 'bandwidth=20[MHz],', 'beginOfCarrierFrequency=2496[MHz],', 'endOfCarrierFrequency=2563[MHz]']
585['dfeStreamId=6,', 'carrierCenterFrequency=2553[MHz],', 'bandwidth=20[MHz],', 'beginOfCarrierFrequency=2496[MHz],', 'endOfCarrierFrequency=2563[MHz]']
585['dfeStreamId=0,', 'carrierCenterFrequency=2586[MHz],', 'bandwidth=20[MHz],', 'beginOfCarrierFrequency=2496[MHz],', 'endOfCarrierFrequency=2596[MHz]']
585['dfeStreamId=2,', 'carrierCenterFrequency=2586[MHz],', 'bandwidth=20[MHz],', 'beginOfCarrierFrequency=2496[MHz],', 'endOfCarrierFrequency=2596[MHz]']
585['dfeStreamId=4,', 'carrierCenterFrequency=2586[MHz],', 'bandwidth=20[MHz],', 'beginOfCarrierFrequency=2496[MHz],', 'endOfCarrierFrequency=2596[MHz]']
585['dfeStreamId=6,', 'carrierCenterFrequency=2586[MHz],', 'bandwidth=20[MHz],', 'beginOfCarrierFrequency=2496[MHz],', 'endOfCarrierFrequency=2596[MHz]']
586['pathId=[dlpath1],', 'carrierIBW=[100]MHz,', 'amountOfCarriers=[4]']
586['pathId=[dlpath2],', 'carrierIBW=[100]MHz,', 'amountOfCarriers=[4]']
586['pathId=[dlpath3],', 'carrierIBW=[100]MHz,', 'amountOfCarriers=[4]']
586['pathId=[dlpath4],', 'carrierIBW=[100]MHz,', 'amountOfCarriers=[4]']
587['1,', '=[0],', '[55.00]', '[1.15]carrier', '[0.00],', '[100]']
587['1,', '=[0],', '[55.00]', '[1.15]carrier', '[0.00],', '[100]']
587['1,', '=[0],', '[55.00]', '[1.15]carrier', '[0.00],', '[100]']
587['1,', '=[0],', '[55.00]', '[1.15]carrier', '[0.00],', '[100]']
588['voltage=[48.84]', 'paPsuId=[0],', 'boost=[1.15]', '=[true]']
584['value=[148.41]', 'Temp=[1.017540]', 'tcp=[1.000000]', 'Vdd=[48.84],']
585['dfeStreamId=0,', 'carrierCenterFrequency=2506[MHz],', 'bandwidth=20[MHz],', 'beginOfCarrierFrequency=2496[MHz],', 'endOfCarrierFrequency=2516[MHz]']
585['dfeStreamId=2,', 'carrierCenterFrequency=2506[MHz],', 'bandwidth=20[MHz],', 'beginOfCarrierFrequency=2496[MHz],', 'endOfCarrierFrequency=2516[MHz]']
585['dfeStreamId=4,', 'carrierCenterFrequency=2506[MHz],', 'bandwidth=20[MHz],', 'beginOfCarrierFrequency=2496[MHz],', 'endOfCarrierFrequency=2516[MHz]']
585['dfeStreamId=6,', 'carrierCenterFrequency=2506[MHz],', 'bandwidth=20[MHz],', 'beginOfCarrierFrequency=2496[MHz],', 'endOfCarrierFrequency=2516[MHz]']
585['dfeStreamId=0,', 'carrierCenterFrequency=2528[MHz],', 'bandwidth=20[MHz],', 'beginOfCarrierFrequency=2496[MHz],', 'endOfCarrierFrequency=2538[MHz]']
585['dfeStreamId=2,', 'carrierCenterFrequency=2528[MHz],', 'bandwidth=20[MHz],', 'beginOfCarrierFrequency=2496[MHz],', 'endOfCarrierFrequency=2538[MHz]']
585['dfeStreamId=4,', 'carrierCenterFrequency=2528[MHz],', 'bandwidth=20[MHz],', 'beginOfCarrierFrequency=2496[MHz],', 'endOfCarrierFrequency=2538[MHz]']
585['dfeStreamId=6,', 'carrierCenterFrequency=2528[MHz],', 'bandwidth=20[MHz],', 'beginOfCarrierFrequency=2496[MHz],', 'endOfCarrierFrequency=2538[MHz]']
585['dfeStreamId=0,', 'carrierCenterFrequency=2553[MHz],', 'bandwidth=20[MHz],', 'beginOfCarrierFrequency=2496[MHz],', 'endOfCarrierFrequency=2563[MHz]']
585['dfeStreamId=2,', 'carrierCenterFrequency=2553[MHz],', 'bandwidth=20[MHz],', 'beginOfCarrierFrequency=2496[MHz],', 'endOfCarrierFrequency=2563[MHz]']
585['dfeStreamId=4,', 'carrierCenterFrequency=2553[MHz],', 'bandwidth=20[MHz],', 'beginOfCarrierFrequency=2496[MHz],', 'endOfCarrierFrequency=2563[MHz]']
585['dfeStreamId=6,', 'carrierCenterFrequency=2553[MHz],', 'bandwidth=20[MHz],', 'beginOfCarrierFrequency=2496[MHz],', 'endOfCarrierFrequency=2563[MHz]']
585['dfeStreamId=0,', 'carrierCenterFrequency=2586[MHz],', 'bandwidth=20[MHz],', 'beginOfCarrierFrequency=2496[MHz],', 'endOfCarrierFrequency=2596[MHz]']
585['dfeStreamId=2,', 'carrierCenterFrequency=2586[MHz],', 'bandwidth=20[MHz],', 'beginOfCarrierFrequency=2496[MHz],', 'endOfCarrierFrequency=2596[MHz]']
585['dfeStreamId=4,', 'carrierCenterFrequency=2586[MHz],', 'bandwidth=20[MHz],', 'beginOfCarrierFrequency=2496[MHz],', 'endOfCarrierFrequency=2596[MHz]']
585['dfeStreamId=6,', 'carrierCenterFrequency=2586[MHz],', 'bandwidth=20[MHz],', 'beginOfCarrierFrequency=2496[MHz],', 'endOfCarrierFrequency=2596[MHz]']
586['pathId=[dlpath1],', 'carrierIBW=[100]MHz,', 'amountOfCarriers=[4]']
586['pathId=[dlpath2],', 'carrierIBW=[100]MHz,', 'amountOfCarriers=[4]']
586['pathId=[dlpath3],', 'carrierIBW=[100]MHz,', 'amountOfCarriers=[4]']
586['pathId=[dlpath4],', 'carrierIBW=[100]MHz,', 'amountOfCarriers=[4]']
587['1,', '=[0],', '[55.00]', '[1.15]carrier', '[0.00],', '[100]']
587['1,', '=[0],', '[55.00]', '[1.15]carrier', '[0.00],', '[100]']
587['1,', '=[0],', '[55.00]', '[1.15]carrier', '[0.00],', '[100]']
587['1,', '=[0],', '[55.00]', '[1.15]carrier', '[0.00],', '[100]']
588['voltage=[48.84]', 'paPsuId=[0],', 'boost=[1.15]', '=[true]']
589['paPsuId=[0]', 'voltage=[48.84]']
590['paPsuId=[0]', 'voltage=[48.84]', 'V=[44.00]', 'maxVoltage=[54.00]', 'V=[54.00]', 'ovpThreshold=[0.00]', 'ocpThreshold=[0.00]']
573['Band={2496.00', '2690.00}', 'mV=[48000],', 'mV=[54000],', 'mV=[44000],', 'c0=[1.00],', 'c0a=[0.00],', 'c0b=[14.00],', 'c1=[0.00],', 'c2a=[0.00],', 'c2b=[0.00],', 'MHz=[5.0000],', 'MHz=[-0.00],', 'softness=[0.00],', 'C=[45.0000],', 'C=[0.1000],', 'C=[53.40],', 'alpha=[7.40],', 'dBm=[10.20],', 'dB=[0.00],par', 'dB=[0.00],', 'dB=[0.00],', 'dB=[0.00]']
575['MadeDvmConfiguration', 'saved', 'pathId=[dlpath1]']
573['Band={2496.00', '2690.00}', 'mV=[48000],', 'mV=[54000],', 'mV=[44000],', 'c0=[1.00],', 'c0a=[0.00],', 'c0b=[14.00],', 'c1=[0.00],', 'c2a=[0.00],', 'c2b=[0.00],', 'MHz=[5.0000],', 'MHz=[-0.00],', 'softness=[0.00],', 'C=[45.0000],', 'C=[0.1000],', 'C=[53.40],', 'alpha=[7.40],', 'dBm=[10.20],', 'dB=[0.00],par', 'dB=[0.00],', 'dB=[0.00],', 'dB=[0.00]']
575['MadeDvmConfiguration', 'saved', 'pathId=[dlpath2]']
573['Band={2496.00', '2690.00}', 'mV=[48000],', 'mV=[54000],', 'mV=[44000],', 'c0=[1.00],', 'c0a=[0.00],', 'c0b=[14.00],', 'c1=[0.00],', 'c2a=[0.00],', 'c2b=[0.00],', 'MHz=[5.0000],', 'MHz=[-0.00],', 'softness=[0.00],', 'C=[45.0000],', 'C=[0.1000],', 'C=[53.40],', 'alpha=[7.40],', 'dBm=[10.20],', 'dB=[0.00],par', 'dB=[0.00],', 'dB=[0.00],', 'dB=[0.00]']
575['MadeDvmConfiguration', 'saved', 'pathId=[dlpath3]']
573['Band={2496.00', '2690.00}', 'mV=[48000],', 'mV=[54000],', 'mV=[44000],', 'c0=[1.00],', 'c0a=[0.00],', 'c0b=[14.00],', 'c1=[0.00],', 'c2a=[0.00],', 'c2b=[0.00],', 'MHz=[5.0000],', 'MHz=[-0.00],', 'softness=[0.00],', 'C=[45.0000],', 'C=[0.1000],', 'C=[53.40],', 'alpha=[7.40],', 'dBm=[10.20],', 'dB=[0.00],par', 'dB=[0.00],', 'dB=[0.00],', 'dB=[0.00]']
575['MadeDvmConfiguration', 'saved', 'pathId=[dlpath4]']
576['carrierFrequency:2506[MHz],', 'freqMin=2496.00[MHz],', 'freqMax=2690.00[MHz]']
577['paPsuId=[0],', 'biasId=[0],', 'Band{2496.000000', '2690.000000}']
596['carrierName=[TxCarrier1', '1],', 'antenna=[antenna1a]:', 'mV=[48000],', 'mV=[54000],', 'mV=[44000],', 'c0=[1.00],', 'c0a=[0.00],c0b=[14.00],', 'c1=[0.00],', 'c2a=[0.00],', 'c2b=[0.00],', 'MHz=[5.0000],', 'MHz=[-0.00],', 'softness=[0.00],', 'C=[45.0000],', 'C=[0.1000],', 'C=[53.40],', 'alpha=[7.40],', 'dBm=[10.20],', 'dB=[0.00],', 'dB=[0.00],', 'dB=[0.00],', 'dB=[0.00]']
575['PARExpansion', 'dB=[0.00]', 'dfeStreamId=[0]']
576['carrierFrequency:2506[MHz],', 'freqMin=2496.00[MHz],', 'freqMax=2690.00[MHz]']
577['paPsuId=[0],', 'biasId=[2],', 'Band{2496.000000', '2690.000000}']
596['carrierName=[TxCarrier1', '2],', 'antenna=[antenna2a]:', 'mV=[48000],', 'mV=[54000],', 'mV=[44000],', 'c0=[1.00],', 'c0a=[0.00],c0b=[14.00],', 'c1=[0.00],', 'c2a=[0.00],', 'c2b=[0.00],', 'MHz=[5.0000],', 'MHz=[-0.00],', 'softness=[0.00],', 'C=[45.0000],', 'C=[0.1000],', 'C=[53.40],', 'alpha=[7.40],', 'dBm=[10.20],', 'dB=[0.00],', 'dB=[0.00],', 'dB=[0.00],', 'dB=[0.00]']
575['PARExpansion', 'dB=[0.00]', 'dfeStreamId=[2]']
576['carrierFrequency:2506[MHz],', 'freqMin=2496.00[MHz],', 'freqMax=2690.00[MHz]']
577['paPsuId=[0],', 'biasId=[3],', 'Band{2496.000000', '2690.000000}']
596['carrierName=[TxCarrier1', '3],', 'antenna=[antenna3a]:', 'mV=[48000],', 'mV=[54000],', 'mV=[44000],', 'c0=[1.00],', 'c0a=[0.00],c0b=[14.00],', 'c1=[0.00],', 'c2a=[0.00],', 'c2b=[0.00],', 'MHz=[5.0000],', 'MHz=[-0.00],', 'softness=[0.00],', 'C=[45.0000],', 'C=[0.1000],', 'C=[53.40],', 'alpha=[7.40],', 'dBm=[10.20],', 'dB=[0.00],', 'dB=[0.00],', 'dB=[0.00],', 'dB=[0.00]']
575['PARExpansion', 'dB=[0.00]', 'dfeStreamId=[4]']
576['carrierFrequency:2506[MHz],', 'freqMin=2496.00[MHz],', 'freqMax=2690.00[MHz]']
577['paPsuId=[0],', 'biasId=[4],', 'Band{2496.000000', '2690.000000}']
596['carrierName=[TxCarrier1', '4],', 'antenna=[antenna4a]:', 'mV=[48000],', 'mV=[54000],', 'mV=[44000],', 'c0=[1.00],', 'c0a=[0.00],c0b=[14.00],', 'c1=[0.00],', 'c2a=[0.00],', 'c2b=[0.00],', 'MHz=[5.0000],', 'MHz=[-0.00],', 'softness=[0.00],', 'C=[45.0000],', 'C=[0.1000],', 'C=[53.40],', 'alpha=[7.40],', 'dBm=[10.20],', 'dB=[0.00],', 'dB=[0.00],', 'dB=[0.00],', 'dB=[0.00]']
575['PARExpansion', 'dB=[0.00]', 'dfeStreamId=[6]']
576['carrierFrequency:2528[MHz],', 'freqMin=2496.00[MHz],', 'freqMax=2690.00[MHz]']
577['paPsuId=[0],', 'biasId=[0],', 'Band{2496.000000', '2690.000000}']
596['carrierName=[TxCarrier2', '1],', 'antenna=[antenna1a]:', 'mV=[48000],', 'mV=[54000],', 'mV=[44000],', 'c0=[1.00],', 'c0a=[0.00],c0b=[14.00],', 'c1=[0.00],', 'c2a=[0.00],', 'c2b=[0.00],', 'MHz=[5.0000],', 'MHz=[-0.00],', 'softness=[0.00],', 'C=[45.0000],', 'C=[0.1000],', 'C=[53.40],', 'alpha=[7.40],', 'dBm=[10.20],', 'dB=[0.00],', 'dB=[0.00],', 'dB=[0.00],', 'dB=[0.00]']
575['PARExpansion', 'dB=[0.00]', 'dfeStreamId=[0]']
576['carrierFrequency:2528[MHz],', 'freqMin=2496.00[MHz],', 'freqMax=2690.00[MHz]']
577['paPsuId=[0],', 'biasId=[2],', 'Band{2496.000000', '2690.000000}']
596['carrierName=[TxCarrier2', '2],', 'antenna=[antenna2a]:', 'mV=[48000],', 'mV=[54000],', 'mV=[44000],', 'c0=[1.00],', 'c0a=[0.00],c0b=[14.00],', 'c1=[0.00],', 'c2a=[0.00],', 'c2b=[0.00],', 'MHz=[5.0000],', 'MHz=[-0.00],', 'softness=[0.00],', 'C=[45.0000],', 'C=[0.1000],', 'C=[53.40],', 'alpha=[7.40],', 'dBm=[10.20],', 'dB=[0.00],', 'dB=[0.00],', 'dB=[0.00],', 'dB=[0.00]']
575['PARExpansion', 'dB=[0.00]', 'dfeStreamId=[2]']
576['carrierFrequency:2528[MHz],', 'freqMin=2496.00[MHz],', 'freqMax=2690.00[MHz]']
577['paPsuId=[0],', 'biasId=[3],', 'Band{2496.000000', '2690.000000}']
596['carrierName=[TxCarrier2', '3],', 'antenna=[antenna3a]:', 'mV=[48000],', 'mV=[54000],', 'mV=[44000],', 'c0=[1.00],', 'c0a=[0.00],c0b=[14.00],', 'c1=[0.00],', 'c2a=[0.00],', 'c2b=[0.00],', 'MHz=[5.0000],', 'MHz=[-0.00],', 'softness=[0.00],', 'C=[45.0000],', 'C=[0.1000],', 'C=[53.40],', 'alpha=[7.40],', 'dBm=[10.20],', 'dB=[0.00],', 'dB=[0.00],', 'dB=[0.00],', 'dB=[0.00]']
575['PARExpansion', 'dB=[0.00]', 'dfeStreamId=[4]']
576['carrierFrequency:2528[MHz],', 'freqMin=2496.00[MHz],', 'freqMax=2690.00[MHz]']
577['paPsuId=[0],', 'biasId=[4],', 'Band{2496.000000', '2690.000000}']
596['carrierName=[TxCarrier2', '4],', 'antenna=[antenna4a]:', 'mV=[48000],', 'mV=[54000],', 'mV=[44000],', 'c0=[1.00],', 'c0a=[0.00],c0b=[14.00],', 'c1=[0.00],', 'c2a=[0.00],', 'c2b=[0.00],', 'MHz=[5.0000],', 'MHz=[-0.00],', 'softness=[0.00],', 'C=[45.0000],', 'C=[0.1000],', 'C=[53.40],', 'alpha=[7.40],', 'dBm=[10.20],', 'dB=[0.00],', 'dB=[0.00],', 'dB=[0.00],', 'dB=[0.00]']
575['PARExpansion', 'dB=[0.00]', 'dfeStreamId=[6]']
576['carrierFrequency:2553[MHz],', 'freqMin=2496.00[MHz],', 'freqMax=2690.00[MHz]']
577['paPsuId=[0],', 'biasId=[0],', 'Band{2496.000000', '2690.000000}']
596['carrierName=[TxCarrier3', '1],', 'antenna=[antenna1a]:', 'mV=[48000],', 'mV=[54000],', 'mV=[44000],', 'c0=[1.00],', 'c0a=[0.00],c0b=[14.00],', 'c1=[0.00],', 'c2a=[0.00],', 'c2b=[0.00],', 'MHz=[5.0000],', 'MHz=[-0.00],', 'softness=[0.00],', 'C=[45.0000],', 'C=[0.1000],', 'C=[53.40],', 'alpha=[7.40],', 'dBm=[10.20],', 'dB=[0.00],', 'dB=[0.00],', 'dB=[0.00],', 'dB=[0.00]']
575['PARExpansion', 'dB=[0.00]', 'dfeStreamId=[0]']
576['carrierFrequency:2553[MHz],', 'freqMin=2496.00[MHz],', 'freqMax=2690.00[MHz]']
577['paPsuId=[0],', 'biasId=[2],', 'Band{2496.000000', '2690.000000}']
596['carrierName=[TxCarrier3', '2],', 'antenna=[antenna2a]:', 'mV=[48000],', 'mV=[54000],', 'mV=[44000],', 'c0=[1.00],', 'c0a=[0.00],c0b=[14.00],', 'c1=[0.00],', 'c2a=[0.00],', 'c2b=[0.00],', 'MHz=[5.0000],', 'MHz=[-0.00],', 'softness=[0.00],', 'C=[45.0000],', 'C=[0.1000],', 'C=[53.40],', 'alpha=[7.40],', 'dBm=[10.20],', 'dB=[0.00],', 'dB=[0.00],', 'dB=[0.00],', 'dB=[0.00]']
575['PARExpansion', 'dB=[0.00]', 'dfeStreamId=[2]']
576['carrierFrequency:2553[MHz],', 'freqMin=2496.00[MHz],', 'freqMax=2690.00[MHz]']
577['paPsuId=[0],', 'biasId=[3],', 'Band{2496.000000', '2690.000000}']
596['carrierName=[TxCarrier3', '3],', 'antenna=[antenna3a]:', 'mV=[48000],', 'mV=[54000],', 'mV=[44000],', 'c0=[1.00],', 'c0a=[0.00],c0b=[14.00],', 'c1=[0.00],', 'c2a=[0.00],', 'c2b=[0.00],', 'MHz=[5.0000],', 'MHz=[-0.00],', 'softness=[0.00],', 'C=[45.0000],', 'C=[0.1000],', 'C=[53.40],', 'alpha=[7.40],', 'dBm=[10.20],', 'dB=[0.00],', 'dB=[0.00],', 'dB=[0.00],', 'dB=[0.00]']
575['PARExpansion', 'dB=[0.00]', 'dfeStreamId=[4]']
576['carrierFrequency:2553[MHz],', 'freqMin=2496.00[MHz],', 'freqMax=2690.00[MHz]']
577['paPsuId=[0],', 'biasId=[4],', 'Band{2496.000000', '2690.000000}']
596['carrierName=[TxCarrier3', '4],', 'antenna=[antenna4a]:', 'mV=[48000],', 'mV=[54000],', 'mV=[44000],', 'c0=[1.00],', 'c0a=[0.00],c0b=[14.00],', 'c1=[0.00],', 'c2a=[0.00],', 'c2b=[0.00],', 'MHz=[5.0000],', 'MHz=[-0.00],', 'softness=[0.00],', 'C=[45.0000],', 'C=[0.1000],', 'C=[53.40],', 'alpha=[7.40],', 'dBm=[10.20],', 'dB=[0.00],', 'dB=[0.00],', 'dB=[0.00],', 'dB=[0.00]']
575['PARExpansion', 'dB=[0.00]', 'dfeStreamId=[6]']
576['carrierFrequency:2586[MHz],', 'freqMin=2496.00[MHz],', 'freqMax=2690.00[MHz]']
577['paPsuId=[0],', 'biasId=[0],', 'Band{2496.000000', '2690.000000}']
596['carrierName=[TxCarrier4', '1],', 'antenna=[antenna1a]:', 'mV=[48000],', 'mV=[54000],', 'mV=[44000],', 'c0=[1.00],', 'c0a=[0.00],c0b=[14.00],', 'c1=[0.00],', 'c2a=[0.00],', 'c2b=[0.00],', 'MHz=[5.0000],', 'MHz=[-0.00],', 'softness=[0.00],', 'C=[45.0000],', 'C=[0.1000],', 'C=[53.40],', 'alpha=[7.40],', 'dBm=[10.20],', 'dB=[0.00],', 'dB=[0.00],', 'dB=[0.00],', 'dB=[0.00]']
575['PARExpansion', 'dB=[0.00]', 'dfeStreamId=[0]']
576['carrierFrequency:2586[MHz],', 'freqMin=2496.00[MHz],', 'freqMax=2690.00[MHz]']
577['paPsuId=[0],', 'biasId=[2],', 'Band{2496.000000', '2690.000000}']
596['carrierName=[TxCarrier4', '2],', 'antenna=[antenna2a]:', 'mV=[48000],', 'mV=[54000],', 'mV=[44000],', 'c0=[1.00],', 'c0a=[0.00],c0b=[14.00],', 'c1=[0.00],', 'c2a=[0.00],', 'c2b=[0.00],', 'MHz=[5.0000],', 'MHz=[-0.00],', 'softness=[0.00],', 'C=[45.0000],', 'C=[0.1000],', 'C=[53.40],', 'alpha=[7.40],', 'dBm=[10.20],', 'dB=[0.00],', 'dB=[0.00],', 'dB=[0.00],', 'dB=[0.00]']
575['PARExpansion', 'dB=[0.00]', 'dfeStreamId=[2]']
576['carrierFrequency:2586[MHz],', 'freqMin=2496.00[MHz],', 'freqMax=2690.00[MHz]']
577['paPsuId=[0],', 'biasId=[3],', 'Band{2496.000000', '2690.000000}']
596['carrierName=[TxCarrier4', '3],', 'antenna=[antenna3a]:', 'mV=[48000],', 'mV=[54000],', 'mV=[44000],', 'c0=[1.00],', 'c0a=[0.00],c0b=[14.00],', 'c1=[0.00],', 'c2a=[0.00],', 'c2b=[0.00],', 'MHz=[5.0000],', 'MHz=[-0.00],', 'softness=[0.00],', 'C=[45.0000],', 'C=[0.1000],', 'C=[53.40],', 'alpha=[7.40],', 'dBm=[10.20],', 'dB=[0.00],', 'dB=[0.00],', 'dB=[0.00],', 'dB=[0.00]']
575['PARExpansion', 'dB=[0.00]', 'dfeStreamId=[4]']
576['carrierFrequency:2586[MHz],', 'freqMin=2496.00[MHz],', 'freqMax=2690.00[MHz]']
577['paPsuId=[0],', 'biasId=[4],', 'Band{2496.000000', '2690.000000}']
596['carrierName=[TxCarrier4', '4],', 'antenna=[antenna4a]:', 'mV=[48000],', 'mV=[54000],', 'mV=[44000],', 'c0=[1.00],', 'c0a=[0.00],c0b=[14.00],', 'c1=[0.00],', 'c2a=[0.00],', 'c2b=[0.00],', 'MHz=[5.0000],', 'MHz=[-0.00],', 'softness=[0.00],', 'C=[45.0000],', 'C=[0.1000],', 'C=[53.40],', 'alpha=[7.40],', 'dBm=[10.20],', 'dB=[0.00],', 'dB=[0.00],', 'dB=[0.00],', 'dB=[0.00]']
575['PARExpansion', 'dB=[0.00]', 'dfeStreamId=[6]']
