573['Band={2496.00', '2690.00}', 'mV=[48000],', 'mV=[54000],', 'mV=[44000],', 'c0=[1.00],', 'c0a=[0.00],', 'c0b=[14.00],', 'c1=[0.00],', 'c2a=[0.00],', 'c2b=[0.00],', 'MHz=[5.0000],', 'MHz=[-0.00],', 'softness=[0.00],', 'C=[45.0000],', 'C=[0.1000],', 'C=[53.40],', 'alpha=[7.40],', 'dBm=[10.20],', 'dB=[0.00],par', 'dB=[0.00],', 'dB=[0.00],', 'dB=[0.00]']
575['MadeDvmConfiguration', 'saved', 'pathId=[dlpath1]']
573['Band={2496.00', '2690.00}', 'mV=[48000],', 'mV=[54000],', 'mV=[44000],', 'c0=[1.00],', 'c0a=[0.00],', 'c0b=[14.00],', 'c1=[0.00],', 'c2a=[0.00],', 'c2b=[0.00],', 'MHz=[5.0000],', 'MHz=[-0.00],', 'softness=[0.00],', 'C=[45.0000],', 'C=[0.1000],', 'C=[53.40],', 'alpha=[7.40],', 'dBm=[10.20],', 'dB=[0.00],par', 'dB=[0.00],', 'dB=[0.00],', 'dB=[0.00]']
575['MadeDvmConfiguration', 'saved', 'pathId=[dlpath2]']
573['Band={2496.00', '2690.00}', 'mV=[48000],', 'mV=[54000],', 'mV=[44000],', 'c0=[1.00],', 'c0a=[0.00],', 'c0b=[14.00],', 'c1=[0.00],', 'c2a=[0.00],', 'c2b=[0.00],', 'MHz=[5.0000],', 'MHz=[-0.00],', 'softness=[0.00],', 'C=[45.0000],', 'C=[0.1000],', 'C=[53.40],', 'alpha=[7.40],', 'dBm=[10.20],', 'dB=[0.00],par', 'dB=[0.00],', 'dB=[0.00],', 'dB=[0.00]']
575['MadeDvmConfiguration', 'saved', 'pathId=[dlpath3]']
573['Band={2496.00', '2690.00}', 'mV=[48000],', 'mV=[54000],', 'mV=[44000],', 'c0=[1.00],', 'c0a=[0.00],', 'c0b=[14.00],', 'c1=[0.00],', 'c2a=[0.00],', 'c2b=[0.00],', 'MHz=[5.0000],', 'MHz=[-0.00],', 'softness=[0.00],', 'C=[45.0000],', 'C=[0.1000],', 'C=[53.40],', 'alpha=[7.40],', 'dBm=[10.20],', 'dB=[0.00],par', 'dB=[0.00],', 'dB=[0.00],', 'dB=[0.00]']
575['MadeDvmConfiguration', 'saved', 'pathId=[dlpath4]']
576['carrierFrequency:2506[MHz],', 'freqMin=2496.00[MHz],', 'freqMax=2690.00[MHz]']
577['paPsuId=[0],', 'biasId=[0],', 'Band{2496.000000', '2690.000000}']
578['carrierName=[carrier1],', 'antenna=[antenna1a]:', 'mV=[0],', 'mV=[54000],', 'mV=[44000],', 'c0=[1.00],', 'c0a=[0.00],c0b=[14.00],', 'c1=[0.00],', 'c2a=[0.00],', 'c2b=[0.00],', 'MHz=[5.0000],', 'MHz=[-0.00],', 'softness=[0.00],', 'C=[45.0000],', 'C=[0.1000],', 'C=[53.40],', 'alpha=[7.40],', 'dBm=[10.20],', 'dB=[0.00],', 'dB=[0.00],', 'dB=[0.00],', 'dB=[0.00]']
575['PARExpansion', 'dB=[0.00]', 'dfeStreamId=[0]']
576['carrierFrequency:2526[MHz],', 'freqMin=2496.00[MHz],', 'freqMax=2690.00[MHz]']
577['paPsuId=[0],', 'biasId=[0],', 'Band{2496.000000', '2690.000000}']
578['carrierName=[carrier2],', 'antenna=[antenna1a]:', 'mV=[0],', 'mV=[54000],', 'mV=[44000],', 'c0=[1.00],', 'c0a=[0.00],c0b=[14.00],', 'c1=[0.00],', 'c2a=[0.00],', 'c2b=[0.00],', 'MHz=[5.0000],', 'MHz=[-0.00],', 'softness=[0.00],', 'C=[45.0000],', 'C=[0.1000],', 'C=[53.40],', 'alpha=[7.40],', 'dBm=[10.20],', 'dB=[0.00],', 'dB=[0.00],', 'dB=[0.00],', 'dB=[0.00]']
575['PARExpansion', 'dB=[0.00]', 'dfeStreamId=[0]']
576['carrierFrequency:2546[MHz],', 'freqMin=2496.00[MHz],', 'freqMax=2690.00[MHz]']
577['paPsuId=[0],', 'biasId=[0],', 'Band{2496.000000', '2690.000000}']
578['carrierName=[carrier3],', 'antenna=[antenna1a]:', 'mV=[0],', 'mV=[54000],', 'mV=[44000],', 'c0=[1.00],', 'c0a=[0.00],c0b=[14.00],', 'c1=[0.00],', 'c2a=[0.00],', 'c2b=[0.00],', 'MHz=[5.0000],', 'MHz=[-0.00],', 'softness=[0.00],', 'C=[45.0000],', 'C=[0.1000],', 'C=[53.40],', 'alpha=[7.40],', 'dBm=[10.20],', 'dB=[0.00],', 'dB=[0.00],', 'dB=[0.00],', 'dB=[0.00]']
575['PARExpansion', 'dB=[0.00]', 'dfeStreamId=[0]']
576['carrierFrequency:2566[MHz],', 'freqMin=2496.00[MHz],', 'freqMax=2690.00[MHz]']
577['paPsuId=[0],', 'biasId=[0],', 'Band{2496.000000', '2690.000000}']
578['carrierName=[carrier4],', 'antenna=[antenna1a]:', 'mV=[0],', 'mV=[54000],', 'mV=[44000],', 'c0=[1.00],', 'c0a=[0.00],c0b=[14.00],', 'c1=[0.00],', 'c2a=[0.00],', 'c2b=[0.00],', 'MHz=[5.0000],', 'MHz=[-0.00],', 'softness=[0.00],', 'C=[45.0000],', 'C=[0.1000],', 'C=[53.40],', 'alpha=[7.40],', 'dBm=[10.20],', 'dB=[0.00],', 'dB=[0.00],', 'dB=[0.00],', 'dB=[0.00]']
575['PARExpansion', 'dB=[0.00]', 'dfeStreamId=[0]']
579['0', 'antenna1a']
579['0', 'antenna2a']
579['0', 'antenna3a']
579['0', 'antenna4a']
580['0', 'dlpath1']
580['0', 'dlpath2']
580['0', 'dlpath3']
580['0', 'dlpath4']
573['Band={2496.00', '2690.00}', 'mV=[48000],', 'mV=[54000],', 'mV=[44000],', 'c0=[1.00],', 'c0a=[0.00],', 'c0b=[14.00],', 'c1=[0.00],', 'c2a=[0.00],', 'c2b=[0.00],', 'MHz=[5.0000],', 'MHz=[-0.00],', 'softness=[0.00],', 'C=[45.0000],', 'C=[0.1000],', 'C=[53.40],', 'alpha=[7.40],', 'dBm=[10.20],', 'dB=[0.00],par', 'dB=[0.00],', 'dB=[0.00],', 'dB=[0.00]']
575['MadeDvmConfiguration', 'saved', 'pathId=[dlpath1]']
573['Band={2496.00', '2690.00}', 'mV=[48000],', 'mV=[54000],', 'mV=[44000],', 'c0=[1.00],', 'c0a=[0.00],', 'c0b=[14.00],', 'c1=[0.00],', 'c2a=[0.00],', 'c2b=[0.00],', 'MHz=[5.0000],', 'MHz=[-0.00],', 'softness=[0.00],', 'C=[45.0000],', 'C=[0.1000],', 'C=[53.40],', 'alpha=[7.40],', 'dBm=[10.20],', 'dB=[0.00],par', 'dB=[0.00],', 'dB=[0.00],', 'dB=[0.00]']
575['MadeDvmConfiguration', 'saved', 'pathId=[dlpath2]']
573['Band={2496.00', '2690.00}', 'mV=[48000],', 'mV=[54000],', 'mV=[44000],', 'c0=[1.00],', 'c0a=[0.00],', 'c0b=[14.00],', 'c1=[0.00],', 'c2a=[0.00],', 'c2b=[0.00],', 'MHz=[5.0000],', 'MHz=[-0.00],', 'softness=[0.00],', 'C=[45.0000],', 'C=[0.1000],', 'C=[53.40],', 'alpha=[7.40],', 'dBm=[10.20],', 'dB=[0.00],par', 'dB=[0.00],', 'dB=[0.00],', 'dB=[0.00]']
575['MadeDvmConfiguration', 'saved', 'pathId=[dlpath3]']
573['Band={2496.00', '2690.00}', 'mV=[48000],', 'mV=[54000],', 'mV=[44000],', 'c0=[1.00],', 'c0a=[0.00],', 'c0b=[14.00],', 'c1=[0.00],', 'c2a=[0.00],', 'c2b=[0.00],', 'MHz=[5.0000],', 'MHz=[-0.00],', 'softness=[0.00],', 'C=[45.0000],', 'C=[0.1000],', 'C=[53.40],', 'alpha=[7.40],', 'dBm=[10.20],', 'dB=[0.00],par', 'dB=[0.00],', 'dB=[0.00],', 'dB=[0.00]']
575['MadeDvmConfiguration', 'saved', 'pathId=[dlpath4]']
576['carrierFrequency:2506[MHz],', 'freqMin=2496.00[MHz],', 'freqMax=2690.00[MHz]']
577['paPsuId=[0],', 'biasId=[0],', 'Band{2496.000000', '2690.000000}']
578['carrierName=[carrier1],', 'antenna=[antenna1a]:', 'mV=[48000],', 'mV=[54000],', 'mV=[44000],', 'c0=[1.00],', 'c0a=[0.00],c0b=[14.00],', 'c1=[0.00],', 'c2a=[0.00],', 'c2b=[0.00],', 'MHz=[5.0000],', 'MHz=[-0.00],', 'softness=[0.00],', 'C=[45.0000],', 'C=[0.1000],', 'C=[53.40],', 'alpha=[7.40],', 'dBm=[10.20],', 'dB=[0.00],', 'dB=[0.00],', 'dB=[0.00],', 'dB=[0.00]']
575['PARExpansion', 'dB=[0.00]', 'dfeStreamId=[0]']
576['carrierFrequency:2526[MHz],', 'freqMin=2496.00[MHz],', 'freqMax=2690.00[MHz]']
577['paPsuId=[0],', 'biasId=[0],', 'Band{2496.000000', '2690.000000}']
578['carrierName=[carrier2],', 'antenna=[antenna1a]:', 'mV=[48000],', 'mV=[54000],', 'mV=[44000],', 'c0=[1.00],', 'c0a=[0.00],c0b=[14.00],', 'c1=[0.00],', 'c2a=[0.00],', 'c2b=[0.00],', 'MHz=[5.0000],', 'MHz=[-0.00],', 'softness=[0.00],', 'C=[45.0000],', 'C=[0.1000],', 'C=[53.40],', 'alpha=[7.40],', 'dBm=[10.20],', 'dB=[0.00],', 'dB=[0.00],', 'dB=[0.00],', 'dB=[0.00]']
575['PARExpansion', 'dB=[0.00]', 'dfeStreamId=[0]']
576['carrierFrequency:2546[MHz],', 'freqMin=2496.00[MHz],', 'freqMax=2690.00[MHz]']
577['paPsuId=[0],', 'biasId=[0],', 'Band{2496.000000', '2690.000000}']
578['carrierName=[carrier3],', 'antenna=[antenna1a]:', 'mV=[48000],', 'mV=[54000],', 'mV=[44000],', 'c0=[1.00],', 'c0a=[0.00],c0b=[14.00],', 'c1=[0.00],', 'c2a=[0.00],', 'c2b=[0.00],', 'MHz=[5.0000],', 'MHz=[-0.00],', 'softness=[0.00],', 'C=[45.0000],', 'C=[0.1000],', 'C=[53.40],', 'alpha=[7.40],', 'dBm=[10.20],', 'dB=[0.00],', 'dB=[0.00],', 'dB=[0.00],', 'dB=[0.00]']
575['PARExpansion', 'dB=[0.00]', 'dfeStreamId=[0]']
576['carrierFrequency:2566[MHz],', 'freqMin=2496.00[MHz],', 'freqMax=2690.00[MHz]']
577['paPsuId=[0],', 'biasId=[0],', 'Band{2496.000000', '2690.000000}']
578['carrierName=[carrier4],', 'antenna=[antenna1a]:', 'mV=[48000],', 'mV=[54000],', 'mV=[44000],', 'c0=[1.00],', 'c0a=[0.00],c0b=[14.00],', 'c1=[0.00],', 'c2a=[0.00],', 'c2b=[0.00],', 'MHz=[5.0000],', 'MHz=[-0.00],', 'softness=[0.00],', 'C=[45.0000],', 'C=[0.1000],', 'C=[53.40],', 'alpha=[7.40],', 'dBm=[10.20],', 'dB=[0.00],', 'dB=[0.00],', 'dB=[0.00],', 'dB=[0.00]']
575['PARExpansion', 'dB=[0.00]', 'dfeStreamId=[0]']
581['ExcessHR=0.00[dB]', 'pPeak=62.24[dBm],', 'pMean=46.02[dBm],', 'dB=16.22[dB]PARExpansion', 'dB=0.00,', 'dB=7.40[dB],', 'dBm=53.42[dBm]', 'LTE=10.20[dB]', 'excessHROffset=0.00[dB]']
582['c0=48.00,', 'c2=0.00,', 'c0a=1.00', 'c0b=0.00,', 'c2a=0.00,', 'c2b=0.00,', 'nom=48.00[V]']
583['frequencySumMHz=1552065408', 'frequencySumMHz=1552065408', 'Freq=1.00,', 'MHz=0.00']
593['voltage=[48.00],']
588['voltage=[48.00]', 'paPsuId=[0],', 'boost=[1.00]', '=[false]']
593['voltage=[48.00],']
588['voltage=[48.00]', 'paPsuId=[0],', 'boost=[1.00]', '=[false]']
593['voltage=[48.00],']
588['voltage=[48.00]', 'paPsuId=[0],', 'boost=[1.00]', '=[false]']
593['voltage=[48.00],']
588['voltage=[48.00]', 'paPsuId=[0],', 'boost=[1.00]', '=[false]']
589['paPsuId=[0]', 'voltage=[48.00]']
590['paPsuId=[0]', 'voltage=[48.00]', 'V=[44.00]', 'maxVoltage=[54.00]', 'V=[54.00]', 'ovpThreshold=[0.00]', 'ocpThreshold=[0.00]']
573['Band={2496.00', '2690.00}', 'mV=[48000],', 'mV=[54000],', 'mV=[44000],', 'c0=[1.00],', 'c0a=[0.00],', 'c0b=[14.00],', 'c1=[0.00],', 'c2a=[0.00],', 'c2b=[0.00],', 'MHz=[5.0000],', 'MHz=[-0.00],', 'softness=[0.00],', 'C=[45.0000],', 'C=[0.1000],', 'C=[53.40],', 'alpha=[7.40],', 'dBm=[10.20],', 'dB=[0.00],par', 'dB=[0.00],', 'dB=[0.00],', 'dB=[0.00]']
575['MadeDvmConfiguration', 'saved', 'pathId=[dlpath1]']
573['Band={2496.00', '2690.00}', 'mV=[48000],', 'mV=[54000],', 'mV=[44000],', 'c0=[1.00],', 'c0a=[0.00],', 'c0b=[14.00],', 'c1=[0.00],', 'c2a=[0.00],', 'c2b=[0.00],', 'MHz=[5.0000],', 'MHz=[-0.00],', 'softness=[0.00],', 'C=[45.0000],', 'C=[0.1000],', 'C=[53.40],', 'alpha=[7.40],', 'dBm=[10.20],', 'dB=[0.00],par', 'dB=[0.00],', 'dB=[0.00],', 'dB=[0.00]']
575['MadeDvmConfiguration', 'saved', 'pathId=[dlpath2]']
573['Band={2496.00', '2690.00}', 'mV=[48000],', 'mV=[54000],', 'mV=[44000],', 'c0=[1.00],', 'c0a=[0.00],', 'c0b=[14.00],', 'c1=[0.00],', 'c2a=[0.00],', 'c2b=[0.00],', 'MHz=[5.0000],', 'MHz=[-0.00],', 'softness=[0.00],', 'C=[45.0000],', 'C=[0.1000],', 'C=[53.40],', 'alpha=[7.40],', 'dBm=[10.20],', 'dB=[0.00],par', 'dB=[0.00],', 'dB=[0.00],', 'dB=[0.00]']
575['MadeDvmConfiguration', 'saved', 'pathId=[dlpath3]']
573['Band={2496.00', '2690.00}', 'mV=[48000],', 'mV=[54000],', 'mV=[44000],', 'c0=[1.00],', 'c0a=[0.00],', 'c0b=[14.00],', 'c1=[0.00],', 'c2a=[0.00],', 'c2b=[0.00],', 'MHz=[5.0000],', 'MHz=[-0.00],', 'softness=[0.00],', 'C=[45.0000],', 'C=[0.1000],', 'C=[53.40],', 'alpha=[7.40],', 'dBm=[10.20],', 'dB=[0.00],par', 'dB=[0.00],', 'dB=[0.00],', 'dB=[0.00]']
575['MadeDvmConfiguration', 'saved', 'pathId=[dlpath4]']
576['carrierFrequency:2506[MHz],', 'freqMin=2496.00[MHz],', 'freqMax=2690.00[MHz]']
577['paPsuId=[0],', 'biasId=[0],', 'Band{2496.000000', '2690.000000}']
578['carrierName=[carrier1],', 'antenna=[antenna1a]:', 'mV=[48000],', 'mV=[54000],', 'mV=[44000],', 'c0=[1.00],', 'c0a=[0.00],c0b=[14.00],', 'c1=[0.00],', 'c2a=[0.00],', 'c2b=[0.00],', 'MHz=[5.0000],', 'MHz=[-0.00],', 'softness=[0.00],', 'C=[45.0000],', 'C=[0.1000],', 'C=[53.40],', 'alpha=[7.40],', 'dBm=[10.20],', 'dB=[0.00],', 'dB=[0.00],', 'dB=[-2.00],', 'dB=[0.00]']
575['PARExpansion', 'dB=[0.00]', 'dfeStreamId=[0]']
576['carrierFrequency:2526[MHz],', 'freqMin=2496.00[MHz],', 'freqMax=2690.00[MHz]']
577['paPsuId=[0],', 'biasId=[0],', 'Band{2496.000000', '2690.000000}']
578['carrierName=[carrier2],', 'antenna=[antenna1a]:', 'mV=[48000],', 'mV=[54000],', 'mV=[44000],', 'c0=[1.00],', 'c0a=[0.00],c0b=[14.00],', 'c1=[0.00],', 'c2a=[0.00],', 'c2b=[0.00],', 'MHz=[5.0000],', 'MHz=[-0.00],', 'softness=[0.00],', 'C=[45.0000],', 'C=[0.1000],', 'C=[53.40],', 'alpha=[7.40],', 'dBm=[10.20],', 'dB=[0.00],', 'dB=[0.00],', 'dB=[-2.00],', 'dB=[0.00]']
575['PARExpansion', 'dB=[0.00]', 'dfeStreamId=[0]']
576['carrierFrequency:2546[MHz],', 'freqMin=2496.00[MHz],', 'freqMax=2690.00[MHz]']
577['paPsuId=[0],', 'biasId=[0],', 'Band{2496.000000', '2690.000000}']
578['carrierName=[carrier3],', 'antenna=[antenna1a]:', 'mV=[48000],', 'mV=[54000],', 'mV=[44000],', 'c0=[1.00],', 'c0a=[0.00],c0b=[14.00],', 'c1=[0.00],', 'c2a=[0.00],', 'c2b=[0.00],', 'MHz=[5.0000],', 'MHz=[-0.00],', 'softness=[0.00],', 'C=[45.0000],', 'C=[0.1000],', 'C=[53.40],', 'alpha=[7.40],', 'dBm=[10.20],', 'dB=[0.00],', 'dB=[0.00],', 'dB=[-2.00],', 'dB=[0.00]']
575['PARExpansion', 'dB=[0.00]', 'dfeStreamId=[0]']
576['carrierFrequency:2566[MHz],', 'freqMin=2496.00[MHz],', 'freqMax=2690.00[MHz]']
577['paPsuId=[0],', 'biasId=[0],', 'Band{2496.000000', '2690.000000}']
578['carrierName=[carrier4],', 'antenna=[antenna1a]:', 'mV=[48000],', 'mV=[54000],', 'mV=[44000],', 'c0=[1.00],', 'c0a=[0.00],c0b=[14.00],', 'c1=[0.00],', 'c2a=[0.00],', 'c2b=[0.00],', 'MHz=[5.0000],', 'MHz=[-0.00],', 'softness=[0.00],', 'C=[45.0000],', 'C=[0.1000],', 'C=[53.40],', 'alpha=[7.40],', 'dBm=[10.20],', 'dB=[0.00],', 'dB=[0.00],', 'dB=[-2.00],', 'dB=[0.00]']
575['PARExpansion', 'dB=[0.00]', 'dfeStreamId=[0]']
