59['TX', 'carrierTx5', 'antenna1a', 'antenna1a']
59['RX', 'carrierRx5', 'antenna1a', 'antenna1a']
59['TX', 'carrierTx6', 'antenna2a', 'antenna2a']
59['RX', 'carrierRx6', 'antenna2a', 'antenna2a']
59['TX', 'carrierTx7', 'antenna3a', 'antenna3a']
59['RX', 'carrierRx7', 'antenna3a', 'antenna3a']
59['TX', 'carrierTx8', 'antenna4a', 'antenna4a']
59['RX', 'carrierRx8', 'antenna4a', 'antenna4a']
60['carrierRx5', 'antenna1a', '0', '0', 'direction:0']
60['carrierRx6', 'antenna2a', '2', '2', 'direction:0']
60['carrierRx7', 'antenna3a', '32', '8', 'direction:0']
60['carrierRx8', 'antenna4a', '34', '10', 'direction:0']
60['carrierTx5', 'antenna1a', '0', '0', 'direction:1']
60['carrierTx6', 'antenna2a', '1', '2', 'direction:1']
60['carrierTx7', 'antenna3a', '16', '4', 'direction:1']
60['carrierTx8', 'antenna4a', '17', '6', 'direction:1']
59['TX', 'carrierTx1', 'antenna1a', 'antenna1a']
59['RX', 'carrierRx1', 'antenna1a', 'antenna1a']
59['TX', 'carrierTx2', 'antenna2a', 'antenna2a']
59['RX', 'carrierRx2', 'antenna2a', 'antenna2a']
59['TX', 'carrierTx3', 'antenna3a', 'antenna3a']
59['RX', 'carrierRx3', 'antenna3a', 'antenna3a']
59['TX', 'carrierTx4', 'antenna4a', 'antenna4a']
59['RX', 'carrierRx4', 'antenna4a', 'antenna4a']
63['carrierRx5', 'antenna1a', '0']
63['carrierRx6', 'antenna2a', '2']
63['carrierRx7', 'antenna3a', '32']
63['carrierRx8', 'antenna4a', '34']
60['carrierRx1', 'antenna1a', '4', '0', 'direction:0']
60['carrierRx2', 'antenna2a', '6', '2', 'direction:0']
60['carrierRx3', 'antenna3a', '36', '8', 'direction:0']
60['carrierRx4', 'antenna4a', '38', '10', 'direction:0']
63['carrierTx5', 'antenna1a', '0']
63['carrierTx6', 'antenna2a', '1']
63['carrierTx7', 'antenna3a', '16']
63['carrierTx8', 'antenna4a', '17']
60['carrierTx1', 'antenna1a', '2', '0', 'direction:1']
60['carrierTx2', 'antenna2a', '3', '2', 'direction:1']
60['carrierTx3', 'antenna3a', '18', '4', 'direction:1']
60['carrierTx4', 'antenna4a', '19', '6', 'direction:1']
