1118[]
1119['path:antenna1a', 'dbm:29.000000', 'timeout:360000', 'limit:20.000000', 'limit:10.000000']
1119['path:antenna2a', 'dbm:29.000000', 'timeout:360000', 'limit:21.000000', 'limit:11.000000']
1113['calibId=ulpath1']
1114['calibId=ulpath1', 'pathId=antenna1a']
1117['antenna1a.', '35.00dB']
1113['calibId=ulpath2']
1114['calibId=ulpath2', 'pathId=antenna2a']
1117['antenna2a.', '35.00dB']
1113['calibId=ulpath3']
1114['calibId=ulpath3', 'pathId=antenna3a']
1117['antenna3a.', '35.00dB']
1108['DlPathConf']
1110[]
1108['UlPathConf']
1113['calibId=ulpath1']
1114['calibId=ulpath1', 'pathId=antenna1a']
1115[]
1116['antenna1a']
1117['antenna1a.', '35.00dB']
1113['calibId=ulpath2']
1114['calibId=ulpath2', 'pathId=antenna2a']
1115[]
1116['antenna2a']
1117['antenna2a.', '35.00dB']
1113['calibId=ulpath3']
1114['calibId=ulpath3', 'pathId=antenna3a']
1115[]
1116['antenna3a']
1117['antenna3a.', '35.00dB']
