748[]
749['path:antenna1a', 'dbm:29.000000', 'timeout:360000', 'limit:20.000000', 'limit:10.000000']
749['path:antenna2a', 'dbm:29.000000', 'timeout:360000', 'limit:21.000000', 'limit:11.000000']
743['calibId=ulpath1']
744['calibId=ulpath1', 'pathId=antenna1a']
747['antenna1a.', '35.00dB']
743['calibId=ulpath2']
744['calibId=ulpath2', 'pathId=antenna2a']
747['antenna2a.', '35.00dB']
743['calibId=ulpath3']
744['calibId=ulpath3', 'pathId=antenna3a']
747['antenna3a.', '35.00dB']
738['DlPathConf']
738['UlPathConf']
743['calibId=ulpath1']
744['calibId=ulpath1', 'pathId=antenna1a']
745[]
746['antenna1a']
747['antenna1a.', '35.00dB']
743['calibId=ulpath2']
744['calibId=ulpath2', 'pathId=antenna2a']
745[]
746['antenna2a']
747['antenna2a.', '35.00dB']
743['calibId=ulpath3']
744['calibId=ulpath3', 'pathId=antenna3a']
745[]
746['antenna3a']
747['antenna3a.', '35.00dB']
