1132['dbm=49.030899dBm', 'dbm=52.130901dBm', 'dfeStreamId=1']
1133['setting:', 'hz=1805.000MHz', 'hz=1880.000MHz', 'pathId=path1a']
1133['set:', 'hz=1805000000Hz', 'hz=1880000000Hz', 'pathId=path1a']
1133['setting:', 'hz=1024.000MHz', 'hz=2048.000MHz', 'pathId=path1a']
1133['set:', 'hz=1024000000Hz', 'hz=2048000000Hz', 'pathId=path1a']
1134["'path1a'", 'DL']
1132['dbm=50.000000dBm', 'dbm=53.099998dBm', 'dfeStreamId=2']
1133['setting:', 'hz=4096.000MHz', 'hz=8192.000MHz', 'pathId=path2a']
1133['set:', 'hz=4096000000Hz', 'hz=8192000000Hz', 'pathId=path2a']
1133['setting:', 'hz=1024.000MHz', 'hz=2048.000MHz', 'pathId=path2a']
1133['set:', 'hz=1024000000Hz', 'hz=2048000000Hz', 'pathId=path2a']
1134["'path2a'", 'DL']
1133['setting:', 'hz=2048.000MHz', 'hz=4096.000MHz', 'pathId=path1a']
1133['set:', 'hz=2048000000Hz', 'hz=4096000000Hz', 'pathId=path1a']
1133['setting:', 'hz=512.000MHz', 'hz=1024.000MHz', 'pathId=path1a']
1133['set:', 'hz=512000000Hz', 'hz=1024000000Hz', 'pathId=path1a']
1133['setting:', 'hz=256.000MHz', 'hz=128.000MHz', 'pathId=path1a']
1133['set:', 'hz=256000000Hz', 'hz=128000000Hz', 'pathId=path1a']
1135['2']
1136[]
1134["'path1a'", 'UL']
1133['setting:', 'hz=2048.000MHz', 'hz=4096.000MHz', 'pathId=path2a']
1133['set:', 'hz=2048000000Hz', 'hz=4096000000Hz', 'pathId=path2a']
1133['setting:', 'hz=512.000MHz', 'hz=1024.000MHz', 'pathId=path2a']
1133['set:', 'hz=512000000Hz', 'hz=1024000000Hz', 'pathId=path2a']
1133['setting:', 'hz=256.000MHz', 'hz=128.000MHz', 'pathId=path2a']
1133['set:', 'hz=256000000Hz', 'hz=128000000Hz', 'pathId=path2a']
1135['1']
1136[]
1134["'path2a'", 'UL']
1133['setting:', 'hz=2048.000MHz', 'hz=4096.000MHz', 'pathId=path3a']
1133['set:', 'hz=2048000000Hz', 'hz=4096000000Hz', 'pathId=path3a']
1133['setting:', 'hz=512.000MHz', 'hz=1024.000MHz', 'pathId=path3a']
1133['set:', 'hz=512000000Hz', 'hz=1024000000Hz', 'pathId=path3a']
1133['setting:', 'hz=256.000MHz', 'hz=128.000MHz', 'pathId=path3a']
1133['set:', 'hz=256000000Hz', 'hz=128000000Hz', 'pathId=path3a']
1135['0']
1136[]
1134["'path3a'", 'UL']
