1137['TX', 'carrier1', 'antenna1a']
1137['TX', 'carrier2', 'antenna1a']
1137['TX', 'carrier3', 'antenna2a']
1140['0', '2']
1138[]
1141['0,', '56000.000000,', '56000.000000', '0']
1142['0,', '0', '0[W]']
1143['0,', '56000.000000', '40000.000000.']
1144['0,', '56000.00mW,', 'max:40000.00mW).']
1142['0,', '1', '1[W]']
1143['0,', '56000.000000', '60000.000000.']
1145['0,', '1.']
1140['0', '2']
1138[]
1141['0,', '56000.000000,', '56000.000000', '1']
1142['0,', '1', '1[W]']
1143['0,', '56000.000000', '60000.000000.']
1140['1', '1']
1138[]
1141['1,', '20000.000000,', '20000.000000', '1']
1142['1,', '1', '1[W]']
1143['1,', '20000.000000', '0.000000.']
1144['1,', '20000.00mW,', 'max:0.00mW).']
1146[]
1138[]
1139['0']
1139['1']
