61['TX', 'carrier1', 'antenna1a']
61['TX', 'carrier2', 'antenna2a']
769['0', '1']
767[]
770['0,', '43000.000000,', '43000.000000', '0']
771['0,', '0', '0[W]']
772['0,', '43000.000000', '40000.000000.']
773['0,', '43000.00mW,', 'max:40000.00mW).']
771['0,', '1', '1[W]']
772['0,', '43000.000000', '60000.000000.']
774['0,', '1.']
769['0', '1']
767[]
770['0,', '43000.000000,', '43000.000000', '1']
771['0,', '1', '1[W]']
772['0,', '43000.000000', '60000.000000.']
769['1', '1']
767[]
770['1,', '20000.000000,', '20000.000000', '1']
771['1,', '1', '1[W]']
772['1,', '20000.000000', '0.000000.']
773['1,', '20000.00mW,', 'max:0.00mW).']
775[]
767[]
768['0']
768['1']
