1202[]
1205[]
1206['1750000kHz:-100.000000', 'wanted:100000.000000mBm', 'measured:100100.000000mBm)']
1206['1760000kHz:0.000000', 'wanted:100000.000000mBm', 'measured:100000.000000mBm)']
1206['1770000kHz:100.000000', 'wanted:100000.000000mBm', 'measured:99900.000000mBm)']
1206['1780000kHz:200.000000', 'wanted:100000.000000mBm', 'measured:99800.000000mBm)']
1204['[0]', 'default:0.000000[dB]', 'dGcal:-1.000000[dB]', 'BWx:0.000000[dB]', '-1.000000[dB]', 'calibrationTemp:18.000000[C],', 'frequency:1750000[kHz],']
1205[]
1206['1750000kHz:-100.000000', 'wanted:100000.000000mBm', 'measured:100100.000000mBm)']
1206['1760000kHz:0.000000', 'wanted:100000.000000mBm', 'measured:100000.000000mBm)']
1206['1770000kHz:100.000000', 'wanted:100000.000000mBm', 'measured:99900.000000mBm)']
1206['1780000kHz:200.000000', 'wanted:100000.000000mBm', 'measured:99800.000000mBm)']
1204['[1]', 'default:0.000000[dB]', 'dGcal:-0.900000[dB]', 'BWx:0.000000[dB]', '-0.900000[dB]', 'calibrationTemp:18.200000[C],', 'frequency:1751000[kHz],']
1205[]
1206['1750000kHz:-100.000000', 'wanted:100000.000000mBm', 'measured:100100.000000mBm)']
1206['1760000kHz:0.000000', 'wanted:100000.000000mBm', 'measured:100000.000000mBm)']
1206['1770000kHz:100.000000', 'wanted:100000.000000mBm', 'measured:99900.000000mBm)']
1206['1780000kHz:200.000000', 'wanted:100000.000000mBm', 'measured:99800.000000mBm)']
1204['[2]', 'default:0.000000[dB]', 'dGcal:0.500000[dB]', 'BWx:0.000000[dB]', '0.500000[dB]', 'calibrationTemp:21.000000[C],', 'frequency:1765000[kHz],']
1205[]
1206['1750000kHz:-100.000000', 'wanted:100000.000000mBm', 'measured:100100.000000mBm)']
1206['1760000kHz:0.000000', 'wanted:100000.000000mBm', 'measured:100000.000000mBm)']
1206['1770000kHz:100.000000', 'wanted:100000.000000mBm', 'measured:99900.000000mBm)']
1206['1780000kHz:200.000000', 'wanted:100000.000000mBm', 'measured:99800.000000mBm)']
1204['[3]', 'default:0.000000[dB]', 'dGcal:1.900000[dB]', 'BWx:0.000000[dB]', '1.900000[dB]', 'calibrationTemp:23.800000[C],', 'frequency:1779000[kHz],']
1205[]
1206['1750000kHz:-100.000000', 'wanted:100000.000000mBm', 'measured:100100.000000mBm)']
1206['1760000kHz:0.000000', 'wanted:100000.000000mBm', 'measured:100000.000000mBm)']
1206['1770000kHz:100.000000', 'wanted:100000.000000mBm', 'measured:99900.000000mBm)']
1206['1780000kHz:200.000000', 'wanted:100000.000000mBm', 'measured:99800.000000mBm)']
1204['[4]', 'default:0.000000[dB]', 'dGcal:2.000000[dB]', 'BWx:0.000000[dB]', '2.000000[dB]', 'calibrationTemp:24.000000[C],', 'frequency:1780000[kHz],']
