843[]
844['1']
845['LTE', 'bandwidth[Hz]:1400000,', '6.000000']
845['LTE', 'bandwidth[Hz]:3000000,', '2.000000']
845['LTE', 'bandwidth[Hz]:20000000,', '0.000000']
845['NR', 'bandwidth[Hz]:5000000,', '0.000000']
845['NR', 'bandwidth[Hz]:10000000,', '0.000000']
845['NR', 'bandwidth[Hz]:15000000,', '0.000000']
845['NR', 'bandwidth[Hz]:20000000,', '0.000000']
845['NR', 'bandwidth[Hz]:25000000,', '-6.020004']
845['NR', 'bandwidth[Hz]:30000000,', '-6.020004']
845['NR', 'bandwidth[Hz]:40000000,', '-6.020004']
845['NR', 'bandwidth[Hz]:50000000,', '-6.020004']
845['NR', 'bandwidth[Hz]:60000000,', '-10.790001']
845['NR', 'bandwidth[Hz]:70000000,', '-10.790001']
845['NR', 'bandwidth[Hz]:80000000,', '-10.790001']
845['NR', 'bandwidth[Hz]:90000000,', '-10.790001']
845['NR', 'bandwidth[Hz]:100000000,', '-10.790001']
845['NR', 'bandwidth[Hz]:200000000,', '-15.059998']
845['NR', 'bandwidth[Hz]:400000000,', '-15.059998']
846['bandwidth[Hz]:15000000,', '1.250000']
835[]
838[]
839['1400000kHz:1.000000', 'wanted:100000.000000mBm', 'measured:99999.000000mBm)']
840[]
837['[rxCarrier1]', 'default:0.000000[dB]', 'dGcal:0.010000[dB]', 'BWx:6.000000[dB]', '6.010000[dB]', 'calibrationTemp:20.000000[C],', 'frequency:0[kHz],']
49[]
50['0']
847['0']
848[]
849['dAfmGcal:0.000000[dB],', 'rxCarriersGain[rxCarrier1].gain:6.010000[dB]']
843[]
844['1']
845['LTE', 'bandwidth[Hz]:1400000,', '6.000000']
845['LTE', 'bandwidth[Hz]:3000000,', '2.000000']
845['LTE', 'bandwidth[Hz]:5000000,', '0.000000']
845['LTE', 'bandwidth[Hz]:20000000,', '0.000000']
845['NR', 'bandwidth[Hz]:5000000,', '0.000000']
845['NR', 'bandwidth[Hz]:10000000,', '0.000000']
845['NR', 'bandwidth[Hz]:15000000,', '0.000000']
845['NR', 'bandwidth[Hz]:20000000,', '0.000000']
845['NR', 'bandwidth[Hz]:25000000,', '-6.020004']
845['NR', 'bandwidth[Hz]:30000000,', '-6.020004']
845['NR', 'bandwidth[Hz]:40000000,', '-6.020004']
845['NR', 'bandwidth[Hz]:50000000,', '-6.020004']
845['NR', 'bandwidth[Hz]:60000000,', '-10.790001']
845['NR', 'bandwidth[Hz]:70000000,', '-10.790001']
845['NR', 'bandwidth[Hz]:80000000,', '-10.790001']
845['NR', 'bandwidth[Hz]:90000000,', '-10.790001']
845['NR', 'bandwidth[Hz]:100000000,', '-10.790001']
845['NR', 'bandwidth[Hz]:200000000,', '-15.059998']
845['NR', 'bandwidth[Hz]:400000000,', '-15.059998']
850[]
835[]
838[]
839['1400000kHz:1.000000', 'wanted:100000.000000mBm', 'measured:99999.000000mBm)']
840[]
837['[rxCarrier1]', 'default:0.000000[dB]', 'dGcal:0.010000[dB]', 'BWx:6.000000[dB]', '6.010000[dB]', 'calibrationTemp:20.000000[C],', 'frequency:0[kHz],']
49[]
50['0']
847['0']
848[]
849['dAfmGcal:0.000000[dB],', 'rxCarriersGain[rxCarrier1].gain:6.010000[dB]']
