864['1[', 'ntaoffsetus:13.020833']
865['2[', 'startIndex:0', 'endIndex:79', 'updateSeq:0', 'loadAtWrap:0', 'txBfStartIndex:80', 'txBfEndIndex:159', 'rxBfStartIndex:80', 'rxBfEndIndex:159']
864['3[', 'sequenceTable[0]:0']
864['3[', 'sequenceTable[1]:1']
864['3[', 'sequenceTable[2]:2']
864['3[', 'sequenceTable[3]:3']
864['3[', 'txbfsequenceTable[80]:0']
864['3[', 'txbfsequenceTable[81]:1']
864['3[', 'txbfsequenceTable[82]:2']
864['3[', 'txbfsequenceTable[83]:4']
864['3[', 'rxbfsequenceTable[80]:0']
864['3[', 'rxbfsequenceTable[81]:1']
864['3[', 'rxbfsequenceTable[82]:2']
864['3[', 'rxbfsequenceTable[83]:5']
866['4[', 'index', '0']
867['4[', 'T1:0xdeef6', 'T2:0xdeef6', 'T3:0xdeef6', 'T4:0x12acc3']
864['4[', 'confEn:1']
864['4[', 'confEn:1']
864['4[', 'confEn:0']
864['4[', 'confEn:1']
864['4[', 'confEn:1']
864['4[', 'confEn:1']
864['4[', 'confEn:0']
864['4[', 'confEn:1']
864['5[', 'ctComb:0']
866['6[', 'group', '0']
864['6[', 'outputMode:1']
864['6[', 'polarity:0']
864['6[', 'delayLength:0x0']
864['6[', 'outputMode:1']
864['6[', 'polarity:0']
864['6[', 'delayLength:0x0']
864['6[', 'outputMode:1']
864['6[', 'polarity:0']
864['6[', 'delayLength:0x0']
864['6[', 'outputMode:1']
864['6[', 'polarity:0']
864['6[', 'delayLength:0x0']
864['6[', 'divMode:0']
864['6[', 'pulseLength:0x0']
864['6[', 'delayLengthSet:db7']
864['6[', 'delayLengthClear:0']
864['7[', 'startTime:0x188a4']
864['8[', 'maskConfEn:1']
864['8[', 'maskConfEn:1']
864['8[', 'maskConfEn:1']
864['8[', 'maskConfEn:1']
864['8[', 'maskConfEn:1']
864['8[', 'maskConfEn:1']
864['8[', 'maskConfEn:1']
864['8[', 'maskConfEn:1']
868['0x00000064']
869['13.020833']
