1237['1[', 'ntaoffsetus:13.020833']
1238['2[', 'startIndex:0', 'endIndex:79', 'updateSeq:0', 'loadAtWrap:0', 'txBfStartIndex:80', 'txBfEndIndex:159', 'rxBfStartIndex:80', 'rxBfEndIndex:159']
1237['3[', 'sequenceTable[0]:0']
1237['3[', 'sequenceTable[1]:1']
1237['3[', 'sequenceTable[2]:2']
1237['3[', 'sequenceTable[3]:3']
1237['3[', 'txbfsequenceTable[80]:0']
1237['3[', 'txbfsequenceTable[81]:1']
1237['3[', 'txbfsequenceTable[82]:2']
1237['3[', 'txbfsequenceTable[83]:4']
1237['3[', 'rxbfsequenceTable[80]:0']
1237['3[', 'rxbfsequenceTable[81]:1']
1237['3[', 'rxbfsequenceTable[82]:2']
1237['3[', 'rxbfsequenceTable[83]:5']
1239['4[', 'index', '0']
1240['4[', 'T1:0xdeef6', 'T2:0xdeef6', 'T3:0xdeef6', 'T4:0x12acc3']
1237['4[', 'confEn:1']
1237['4[', 'confEn:1']
1237['4[', 'confEn:0']
1237['4[', 'confEn:1']
1237['4[', 'confEn:1']
1237['4[', 'confEn:1']
1237['4[', 'confEn:0']
1237['4[', 'confEn:1']
1237['5[', 'ctComb:0']
1239['6[', 'group', '0']
1237['6[', 'outputMode:1']
1237['6[', 'polarity:0']
1237['6[', 'delayLength:0x0']
1237['6[', 'outputMode:1']
1237['6[', 'polarity:0']
1237['6[', 'delayLength:0x0']
1237['6[', 'outputMode:1']
1237['6[', 'polarity:0']
1237['6[', 'delayLength:0x0']
1237['6[', 'outputMode:1']
1237['6[', 'polarity:0']
1237['6[', 'delayLength:0x0']
1237['6[', 'divMode:0']
1237['6[', 'pulseLength:0x0']
1237['6[', 'delayLengthSet:db7']
1237['6[', 'delayLengthClear:0']
1237['7[', 'startTime:0x188a4']
1237['8[', 'maskConfEn:1']
1237['8[', 'maskConfEn:1']
1237['8[', 'maskConfEn:1']
1237['8[', 'maskConfEn:1']
1237['8[', 'maskConfEn:1']
1237['8[', 'maskConfEn:1']
1237['8[', 'maskConfEn:1']
1237['8[', 'maskConfEn:1']
1241['0x00000064']
1242['13.020833']
