1238['m=2(+1', 'added)*6=0xc,', 'diff(24576000)', '0},margin(0x1770000),', '0}']
1239['N1:N2={0x0000000000:000000},', 'N1:N2={0x00000000:000000}']
1238['m=2(+1', 'added)*6=0xc,', 'diff(18432000)', '0},margin(0x1770000),', '5DC000}']
1239['N1:N2={0x0000000000:000000},', 'N1:N2={0x00000000:5DC000}']
1238['m=2(+1', 'added)*6=0xc,', 'diff(6144000)', '0},margin(0x1770000),', '1194000}']
1239['N1:N2={0x0000000000:000000},', 'N1:N2={0x00000001:5DC000}']
1238['m=1(+0', 'added)*6=0x6,', 'diff(-6144000)', '0},margin(0x1770000),', '1D4C000}']
1239['N1:N2={0x0000000000:000000},', 'N1:N2={0x00000002:5DC000}']
1238['m=1(+0', 'added)*6=0x6,', 'diff(-18432000)', '0},margin(0x1770000),', '2904000}']
1239['N1:N2={0x0000000000:000000},', 'N1:N2={0x00000003:5DC000}']
1238['m=1(+0', 'added)*6=0x6,', 'diff(-30720000)', '0},margin(0x1770000),', '34BC000}']
1239['N1:N2={0x0000000000:000000},', 'N1:N2={0x00000004:5DC000}']
1238['m=1(+0', 'added)*6=0x6,', 'diff(-43008000)', '0},margin(0x1770000),', '4074000}']
1239['N1:N2={0x0000000000:000000},', 'N1:N2={0x00000005:5DC000}']
1238['m=2(+0', 'added)*6=0xc,', 'diff(-18432000)', '4650000},margin(0x1770000),', '6F54000}']
1239['N1:N2={0x0000000006:000000},', 'N1:N2={0x00000003:5DC000}']
1238['m=2(+0', 'added)*6=0xc,', 'diff(-6144000)', '5208000},margin(0x1770000),', '6F54000}']
1239['N1:N2={0x0000000007:000000},', 'N1:N2={0x00000003:5DC000}']
1238['m=3(+1', 'added)*6=0x12,', 'diff(6144000)', '5DC0000},margin(0x1770000),', '6F54000}']
1239['N1:N2={0x0000000008:000000},', 'N1:N2={0x00000003:5DC000}']
1238['m=3(+1', 'added)*6=0x12,', 'diff(18432000)', '6978000},margin(0x1770000),', '6F54000}']
1239['N1:N2={0x0000000009:000000},', 'N1:N2={0x00000003:5DC000}']
1238['m=3(+1', 'added)*6=0x12,', 'diff(30720000)', '7530000},margin(0x1770000),', '6F54000}']
1239['N1:N2={0x000000000A:000000},', 'N1:N2={0x00000003:5DC000}']
1238['m=3(+1', 'added)*6=0x12,', 'diff(43008000)', '80E8000},margin(0x1770000),', '6F54000}']
1239['N1:N2={0x000000000B:000000},', 'N1:N2={0x00000003:5DC000}']
