884['0']
174[]
427['channelId:0,']
273[]
274[]
885['0,', '100000000,', '32,', '32)']
886['NRUlActivationStrategy::execute:', 'enable', 'UlFront', 'Carrier']
886['NRUlActivationStrategy::execute:', 'enable', 'UlSrc', 'Carrier']
886['NRUlActivationStrategy::execute:', 'enable', 'UlFilter', 'Carrier']
886['NRUlActivationStrategy::execute:', 'enable', 'UlDec', 'Carrier']
887['0,', 'rp3headerAddress', '0']
887['0,', 'dfeChannelId', '0']
887['0,', 'setTransmitBcn', '16777216000']
887['2,', 'rp3headerAddress', '1']
887['2,', 'dfeChannelId', '0']
887['2,', 'setTransmitBcn', '16777216000']
887['4,', 'rp3headerAddress', '2']
887['4,', 'dfeChannelId', '0']
887['4,', 'setTransmitBcn', '16777216000']
887['6,', 'rp3headerAddress', '3']
887['6,', 'dfeChannelId', '0']
887['6,', 'setTransmitBcn', '16777216000']
888['0']
888['2']
888['4']
888['6']
889['0,', 'airframe(X,Z)=(0,0)]']
890['2109']
886['NRUlActivationStrategy::configDfeIf:', 'sendCarrierActiveMsgToCoco', 'carrierName:TestCarrier', 'Activated!']
224['BcnSync,', 'ulddc.stream(0)', 'BCN', 'resync']
455['1', '10,']
455['2', '10,']
455['3', '10,']
455['4', '10,']
455['5', '10,']
455['6', '10,']
455['7', '10,']
455['8', '10,']
455['9', '10,']
455['10', '10,']
456['ulddc.stream(0)', 'CA', 'N2=0x00000000']
456['streamId:0,', 'chn:0,', 'CaCapture{0:0}']
891['cmpOffset{0:0}']
458['chn:0,', 'bcnOut{0:135711}']
886['NRUlActivationStrategy::execute:', 'enable', 'UlDdc', 'Carrier']
892['0']
174[]
427['channelId:0,']
273[]
274[]
603['aggregate=0', '0']
604['0']
603['aggregate=0', '2']
604['2']
603['aggregate=0', '4']
604['4']
603['aggregate=0', '6']
604['6']
605[]
606['channel:0']
607['UlFront']
607['UlSrc']
607['UlFilter']
607['UlDec']
607['UlDdc']
608['channelId=0']
