894[]
884['0']
174[]
427['channelId:0,']
273[]
274[]
895['0,', '20000000,', '8,', '8)']
896['(/dev/ulfront0)', '[0x00000118]:', '0x00000001']
886['LteUlActivationStrategy::execute:', 'enable', 'UlFront', 'Carrier']
896['(/dev/ulsrc0)', '[0x0000011C]:', '0x00000001']
886['LteUlActivationStrategy::execute:', 'enable', 'UlSrc', 'Carrier']
896['(/dev/ulfilt0)', '[0x00000034]:', '0x00000001']
886['LteUlActivationStrategy::execute:', 'enable', 'UlFilter', 'Carrier']
896['(/dev/uldec0)', '[0x00000034]:', '0x00000001']
886['LteUlActivationStrategy::execute:', 'enable', 'UlDec', 'Carrier']
897['bcn0)', '[0x00000008]:']
897['bcn0)', '[0x0000000C]:']
898['[0x00004000]:', '0x00000000']
899['RegisterAccessMock::write:', '[0x00004000]:', '<-', '0x00000000']
898['[0x00004000]:', '0x0000000E']
899['RegisterAccessMock::write:', '[0x00004000]:', '<-', '0x0000000E']
897['dul0)', '[0x00004000]:']
899['RegisterAccessMock::read:', '[0x00004000]:', '->', '0x00000000']
898['[0x00004014]:', '0x0900A000']
897['dul0)', '[0x00004014]:']
898['[0x00004018]:', '0x00000000']
897['dul0)', '[0x00004018]:']
900['0,', 'rp3headerAddress', '0']
898['[0x00004004]:', '0x00000000']
897['dul0)', '[0x00004004]:']
898['[0x0000401C]:', '0xE8000000']
898['[0x00004020]:', '0x00000003']
900['0,', 'setTransmitBcn', '16777216000']
898['[0x00004000]:', '0x00000001']
899['RegisterAccessMock::write:', '[0x00004000]:', '<-', '0x00000001']
901['0']
902['0,', 'airframe(X,Z)=(0,0)]']
890['2109']
886['LteUlActivationStrategy::configDfeIf:', 'sendCarrierActiveMsgToCoco', 'carrierName:TestCarrier', 'Activated!']
903['[0x00000180]:']
896['(/dev/ulddc)', '[0x000000A0]:', '0x00000000']
903['[0x00000098]:']
896['(/dev/ulddc)', '[0x00000098]:', '0x00000001']
903['[0x00000098]:']
896['(/dev/ulddc)', '[0x00000098]:', '0x00000000']
224['BcnSync,', 'ulddc.stream(0)', 'BCN', 'resync']
903['[0x000000E0]:']
896['(/dev/ulddc)', '[0x000000E0]:', '0x00000001']
903['[0x00000128]:']
903['[0x000000E8]:']
455['1', '10,']
903['[0x00000128]:']
903['[0x000000E8]:']
455['2', '10,']
903['[0x00000128]:']
903['[0x000000E8]:']
455['3', '10,']
903['[0x00000128]:']
903['[0x000000E8]:']
455['4', '10,']
903['[0x00000128]:']
903['[0x000000E8]:']
455['5', '10,']
903['[0x00000128]:']
903['[0x000000E8]:']
455['6', '10,']
903['[0x00000128]:']
903['[0x000000E8]:']
455['7', '10,']
903['[0x00000128]:']
903['[0x000000E8]:']
455['8', '10,']
903['[0x00000128]:']
903['[0x000000E8]:']
455['9', '10,']
903['[0x00000128]:']
903['[0x000000E8]:']
455['10', '10,']
903['[0x000000E0]:']
896['(/dev/ulddc)', '[0x000000E0]:', '0x00000000']
456['ulddc.stream(0)', 'CA', 'N2=0x00000000']
456['streamId:0,', 'chn:0,', 'CaCapture{0:0}']
904['cmpOffset{0:0}']
458['chn:0,', 'bcnOut{0:135711}']
896['(/dev/ulddc)', '[0x000004B4]:', '0x00000000']
896['(/dev/ulddc)', '[0x000005B4]:', '0x0002121F']
903['[0x000005B4]:']
896['(/dev/ulddc)', '[0x00000290]:', '0x00000001']
896['(/dev/ulddc)', '[0x000006C4]:', '0x00000001']
896['(/dev/ulddc)', '[0x00000170]:', '0x00000001']
886['LteUlActivationStrategy::execute:', 'enable', 'UlDdc', 'Carrier']
892['0']
174[]
427['channelId:0,']
273[]
274[]
898['[0x00004000]:', '0x00000000']
899['RegisterAccessMock::write:', '[0x00004000]:', '<-', '0x00000000']
905['dfeifAxCId:0']
906[]
907['channelId=0']
908['channel:0']
896['(/dev/ulfront0)', '[0x0000011C]:', '0x00000001']
886['LteUlDeactivationStrategy::execute:', 'disable', 'UlFront', 'Carrier']
896['(/dev/ulsrc0)', '[0x00000120]:', '0x00000001']
886['LteUlDeactivationStrategy::execute:', 'disable', 'UlSrc', 'Carrier']
896['(/dev/ulfilt0)', '[0x00000038]:', '0x00000001']
886['LteUlDeactivationStrategy::execute:', 'disable', 'UlFilter', 'Carrier']
896['(/dev/uldec0)', '[0x00000038]:', '0x00000001']
886['LteUlDeactivationStrategy::execute:', 'disable', 'UlDec', 'Carrier']
896['(/dev/ulddc)', '[0x00000290]:', '0x00000001']
896['(/dev/ulddc)', '[0x000006C4]:', '0x00000001']
896['(/dev/ulddc)', '[0x00000178]:', '0x00000001']
886['LteUlDeactivationStrategy::execute:', 'disable', 'UlDdc', 'Carrier']
