1258['0']
1259[]
545['channelId:0,']
391[]
392[]
1260['0,', '100000000,', '32,', '32)']
1261['NRUlActivationStrategy::execute:', 'enable', 'UlFront', 'Carrier']
1261['NRUlActivationStrategy::execute:', 'enable', 'UlSrc', 'Carrier']
1261['NRUlActivationStrategy::execute:', 'enable', 'UlFilter', 'Carrier']
1261['NRUlActivationStrategy::execute:', 'enable', 'UlDec', 'Carrier']
1262['0,', 'rp3headerAddress', '0']
1262['0,', 'dfeChannelId', '0']
1262['0,', 'setTransmitBcn', '16777216000']
1262['2,', 'rp3headerAddress', '1']
1262['2,', 'dfeChannelId', '0']
1262['2,', 'setTransmitBcn', '16777216000']
1262['4,', 'rp3headerAddress', '2']
1262['4,', 'dfeChannelId', '0']
1262['4,', 'setTransmitBcn', '16777216000']
1262['6,', 'rp3headerAddress', '3']
1262['6,', 'dfeChannelId', '0']
1262['6,', 'setTransmitBcn', '16777216000']
1263['0']
1263['2']
1263['4']
1263['6']
1264['0,', 'airframe(X,Z)=(0,0)]']
1265['2109']
1261['NRUlActivationStrategy::configDfeIf:', 'sendCarrierActiveMsgToCoco', 'carrierName:TestCarrier', 'Activated!']
1266['BcnSync,', 'ulddc.stream(0)', 'BCN', 'resync']
573['1', '10,']
573['2', '10,']
573['3', '10,']
573['4', '10,']
573['5', '10,']
573['6', '10,']
573['7', '10,']
573['8', '10,']
573['9', '10,']
573['10', '10,']
574['ulddc.stream(0)', 'CA', 'N2=0x00000000']
574['streamId:0,', 'chn:0,', 'CaCapture{0:0}']
1267['cmpOffset{0:0}']
576['chn:0,', 'bcnOut{0:135711}']
1261['NRUlActivationStrategy::execute:', 'enable', 'UlDdc', 'Carrier']
1268['0']
1259[]
545['channelId:0,']
391[]
392[]
975['aggregate=0', '0']
976['0']
975['aggregate=0', '2']
976['2']
975['aggregate=0', '4']
976['4']
975['aggregate=0', '6']
976['6']
977['NRUlDeactivationStrategy::sendCarrierDeactiveMsgToCoco:']
978['channel:0']
979['UlFront']
979['UlSrc']
979['UlFilter']
979['UlDec']
979['UlDdc']
980['channelId=0']
