1261[]
1251['0']
174[]
545['channelId:0,']
391[]
392[]
1262['0,', '20000000,', '8,', '8)']
1263['(/dev/ulfront0)', '[0x00000118]:', '0x00000001']
1253['LteUlActivationStrategy::execute:', 'enable', 'UlFront', 'Carrier']
1263['(/dev/ulsrc0)', '[0x0000011C]:', '0x00000001']
1253['LteUlActivationStrategy::execute:', 'enable', 'UlSrc', 'Carrier']
1263['(/dev/ulfilt0)', '[0x00000034]:', '0x00000001']
1253['LteUlActivationStrategy::execute:', 'enable', 'UlFilter', 'Carrier']
1263['(/dev/uldec0)', '[0x00000034]:', '0x00000001']
1253['LteUlActivationStrategy::execute:', 'enable', 'UlDec', 'Carrier']
1264['bcn0)', '[0x00000008]:']
1264['bcn0)', '[0x0000000C]:']
1265['[0x00004000]:', '0x00000000']
1266['RegisterAccessMock::write:', '[0x00004000]:', '<-', '0x00000000']
1265['[0x00004000]:', '0x0000000E']
1266['RegisterAccessMock::write:', '[0x00004000]:', '<-', '0x0000000E']
1264['dul0)', '[0x00004000]:']
1266['RegisterAccessMock::read:', '[0x00004000]:', '->', '0x00000000']
1265['[0x00004014]:', '0x0900A000']
1264['dul0)', '[0x00004014]:']
1265['[0x00004018]:', '0x00000000']
1264['dul0)', '[0x00004018]:']
1267['0,', 'rp3headerAddress', '0']
1265['[0x00004004]:', '0x00000000']
1264['dul0)', '[0x00004004]:']
1265['[0x0000401C]:', '0xE8000000']
1265['[0x00004020]:', '0x00000003']
1267['0,', 'setTransmitBcn', '16777216000']
1265['[0x00004000]:', '0x00000001']
1266['RegisterAccessMock::write:', '[0x00004000]:', '<-', '0x00000001']
1268['0']
1269['0,', 'airframe(X,Z)=(0,0)]']
1257['2109']
1253['LteUlActivationStrategy::configDfeIf:', 'sendCarrierActiveMsgToCoco', 'carrierName:TestCarrier', 'Activated!']
1270['[0x00000180]:']
1263['(/dev/ulddc)', '[0x000000A0]:', '0x00000000']
1270['[0x00000098]:']
1263['(/dev/ulddc)', '[0x00000098]:', '0x00000001']
1270['[0x00000098]:']
1263['(/dev/ulddc)', '[0x00000098]:', '0x00000000']
224['BcnSync,', 'ulddc.stream(0)', 'BCN', 'resync']
1270['[0x000000E0]:']
1263['(/dev/ulddc)', '[0x000000E0]:', '0x00000001']
1270['[0x00000128]:']
1270['[0x000000E8]:']
573['1', '10,']
1270['[0x00000128]:']
1270['[0x000000E8]:']
573['2', '10,']
1270['[0x00000128]:']
1270['[0x000000E8]:']
573['3', '10,']
1270['[0x00000128]:']
1270['[0x000000E8]:']
573['4', '10,']
1270['[0x00000128]:']
1270['[0x000000E8]:']
573['5', '10,']
1270['[0x00000128]:']
1270['[0x000000E8]:']
573['6', '10,']
1270['[0x00000128]:']
1270['[0x000000E8]:']
573['7', '10,']
1270['[0x00000128]:']
1270['[0x000000E8]:']
573['8', '10,']
1270['[0x00000128]:']
1270['[0x000000E8]:']
573['9', '10,']
1270['[0x00000128]:']
1270['[0x000000E8]:']
573['10', '10,']
1270['[0x000000E0]:']
1263['(/dev/ulddc)', '[0x000000E0]:', '0x00000000']
574['ulddc.stream(0)', 'CA', 'N2=0x00000000']
574['streamId:0,', 'chn:0,', 'CaCapture{0:0}']
1271['cmpOffset{0:0}']
576['chn:0,', 'bcnOut{0:135711}']
1263['(/dev/ulddc)', '[0x000004B4]:', '0x00000000']
1263['(/dev/ulddc)', '[0x000005B4]:', '0x0002121F']
1270['[0x000005B4]:']
1263['(/dev/ulddc)', '[0x00000290]:', '0x00000001']
1263['(/dev/ulddc)', '[0x000006C4]:', '0x00000001']
1263['(/dev/ulddc)', '[0x00000170]:', '0x00000001']
1253['LteUlActivationStrategy::execute:', 'enable', 'UlDdc', 'Carrier']
1259['0']
174[]
545['channelId:0,']
391[]
392[]
1265['[0x00004000]:', '0x00000000']
1266['RegisterAccessMock::write:', '[0x00004000]:', '<-', '0x00000000']
1272['dfeifAxCId:0']
977['LteUlDeactivationStrategy::sendCarrierDeactiveMsgToCoco:']
1273['channelId=0']
1274['channel:0']
1263['(/dev/ulfront0)', '[0x0000011C]:', '0x00000001']
1253['LteUlDeactivationStrategy::execute:', 'disable', 'UlFront', 'Carrier']
1263['(/dev/ulsrc0)', '[0x00000120]:', '0x00000001']
1253['LteUlDeactivationStrategy::execute:', 'disable', 'UlSrc', 'Carrier']
1263['(/dev/ulfilt0)', '[0x00000038]:', '0x00000001']
1253['LteUlDeactivationStrategy::execute:', 'disable', 'UlFilter', 'Carrier']
1263['(/dev/uldec0)', '[0x00000038]:', '0x00000001']
1253['LteUlDeactivationStrategy::execute:', 'disable', 'UlDec', 'Carrier']
1263['(/dev/ulddc)', '[0x00000290]:', '0x00000001']
1263['(/dev/ulddc)', '[0x000006C4]:', '0x00000001']
1263['(/dev/ulddc)', '[0x00000178]:', '0x00000001']
1253['LteUlDeactivationStrategy::execute:', 'disable', 'UlDdc', 'Carrier']
