583[]
585['0']
1259[]
545['channelId:0,']
391[]
392[]
1285['channelId=0,', '20000000,', '8,', '8),', 'pipeId=0']
1286['LteUlConfigurationStrategy::configureUlFront:']
1287['20000000']
1288['STARTOFFSET=0,', 'OFFSET=0.000000,']
1286['LteUlConfigurationStrategy::configureUlSrc:']
1289['0,']
1286['LteUlConfigurationStrategy::configureUlDec:']
1290['0']
1286['LteUlConfigurationStrategy::configureUlFilter:']
1291['0', 'pipeId:0']
1286['LteUlConfigurationStrategy::configureUlDdc:']
1292['0']
1284['0,', 'BM(ctx:0x0000', 'crx:0x0000', 'delay:00000', 'port:0),', 'airframe(X,Z)=(0,0)]']
1265['2109']
