238['vsbRtwpReportConf1']
238['vsbRtwpReportState1']
238['vsbRtwpReportConf2']
238['vsbRtwpReportState2']
238['vsbRtwpReportConf3']
238['vsbRtwpReportState3']
238['vsbRtwpReportConf4']
238['vsbRtwpReportState4']
238['vsbRtwpReportConf5']
238['vsbRtwpReportState5']
238['vsbRtwpReportConf6']
238['vsbRtwpReportState6']
238['vsbRtwpReportConf7']
238['vsbRtwpReportState7']
238['vsbRtwpReportConf8']
238['vsbRtwpReportState8']
238['vsbRtwpReportConf9']
238['vsbRtwpReportState9']
238['vsbRtwpReportConf10']
238['vsbRtwpReportState10']
238['vsbRtwpReportConf11']
238['vsbRtwpReportState11']
238['vsbRtwpReportConf12']
238['vsbRtwpReportState12']
238['vsbRtwpReportConf13']
238['vsbRtwpReportState13']
238['vsbRtwpReportConf14']
238['vsbRtwpReportState14']
238['vsbRtwpReportConf15']
238['vsbRtwpReportState15']
238['vsbRtwpReportConf16']
238['vsbRtwpReportState16']
238['vsbRtwpReportConf17']
238['vsbRtwpReportState17']
238['vsbRtwpReportConf18']
238['vsbRtwpReportState18']
238['vsbRtwpReportConf19']
238['vsbRtwpReportState19']
238['vsbRtwpReportConf20']
238['vsbRtwpReportState20']
