356['vsbRtwpReportConf1']
356['vsbRtwpReportState1']
356['vsbRtwpReportConf2']
356['vsbRtwpReportState2']
356['vsbRtwpReportConf3']
356['vsbRtwpReportState3']
356['vsbRtwpReportConf4']
356['vsbRtwpReportState4']
356['vsbRtwpReportConf5']
356['vsbRtwpReportState5']
356['vsbRtwpReportConf6']
356['vsbRtwpReportState6']
356['vsbRtwpReportConf7']
356['vsbRtwpReportState7']
356['vsbRtwpReportConf8']
356['vsbRtwpReportState8']
356['vsbRtwpReportConf9']
356['vsbRtwpReportState9']
356['vsbRtwpReportConf10']
356['vsbRtwpReportState10']
356['vsbRtwpReportConf11']
356['vsbRtwpReportState11']
356['vsbRtwpReportConf12']
356['vsbRtwpReportState12']
356['vsbRtwpReportConf13']
356['vsbRtwpReportState13']
356['vsbRtwpReportConf14']
356['vsbRtwpReportState14']
356['vsbRtwpReportConf15']
356['vsbRtwpReportState15']
356['vsbRtwpReportConf16']
356['vsbRtwpReportState16']
356['vsbRtwpReportConf17']
356['vsbRtwpReportState17']
356['vsbRtwpReportConf18']
356['vsbRtwpReportState18']
356['vsbRtwpReportConf19']
356['vsbRtwpReportState19']
356['vsbRtwpReportConf20']
356['vsbRtwpReportState20']
